starting local server :5165
GAME_STARTED both. gameDns=127.0.0.1 ws=7777
launched clients pids=44960,50052
med-leader pid=44960 wid=5964942
med-guest pid=50052 wid=1445162
shot med-leader r1 = C:\Users\Administrator\Downloads\CustomServer\logs\cua\2c-med-leader-r1-114139.png
shot med-guest r1 = C:\Users\Administrator\Downloads\CustomServer\logs\cua\2c-med-guest-r1-114148.png
shot med-leader r2 = C:\Users\Administrator\Downloads\CustomServer\logs\cua\2c-med-leader-r2-114206.png
shot med-guest r2 = C:\Users\Administrator\Downloads\CustomServer\logs\cua\2c-med-guest-r2-114215.png
shot med-leader r3 = C:\Users\Administrator\Downloads\CustomServer\logs\cua\2c-med-leader-r3-114232.png
shot med-guest r3 = C:\Users\Administrator\Downloads\CustomServer\logs\cua\2c-med-guest-r3-114241.png
shot med-leader r4 = C:\Users\Administrator\Downloads\CustomServer\logs\cua\2c-med-leader-r4-114253.png
shot med-guest r4 = C:\Users\Administrator\Downloads\CustomServer\logs\cua\2c-med-guest-r4-114256.png
shot med-leader r5 = C:\Users\Administrator\Downloads\CustomServer\logs\cua\2c-med-leader-r5-114308.png
shot med-guest r5 = C:\Users\Administrator\Downloads\CustomServer\logs\cua\2c-med-guest-r5-114311.png
shot med-leader r6 = C:\Users\Administrator\Downloads\CustomServer\logs\cua\2c-med-leader-r6-114323.png
shot med-guest r6 = C:\Users\Administrator\Downloads\CustomServer\logs\cua\2c-med-guest-r6-114326.png
shot med-leader r7 = C:\Users\Administrator\Downloads\CustomServer\logs\cua\2c-med-leader-r7-114338.png
shot med-guest r7 = C:\Users\Administrator\Downloads\CustomServer\logs\cua\2c-med-guest-r7-114341.png
shot med-leader r8 = C:\Users\Administrator\Downloads\CustomServer\logs\cua\2c-med-leader-r8-114352.png
shot med-guest r8 = C:\Users\Administrator\Downloads\CustomServer\logs\cua\2c-med-guest-r8-114355.png
shot med-leader r9 = C:\Users\Administrator\Downloads\CustomServer\logs\cua\2c-med-leader-r9-114407.png
shot med-guest r9 = C:\Users\Administrator\Downloads\CustomServer\logs\cua\2c-med-guest-r9-114410.png
CAPTURE DONE. Guest shots should show leader's charId-15 Medusa with nameplate 'med-leader'.
