starting local server :5161
GAME_STARTED both. gameDns=127.0.0.1 ws=7777
launched clients pids=22264,55728
med-leader pid=22264 wid=14746772
med-guest pid=55728 wid=7014220
shot med-leader r1 = C:\Users\Administrator\Downloads\CustomServer\logs\cua\2c-med-leader-r1-095251.png
shot med-guest r1 = C:\Users\Administrator\Downloads\CustomServer\logs\cua\2c-med-guest-r1-095255.png
shot med-leader r2 = C:\Users\Administrator\Downloads\CustomServer\logs\cua\2c-med-leader-r2-095307.png
shot med-guest r2 = C:\Users\Administrator\Downloads\CustomServer\logs\cua\2c-med-guest-r2-095311.png
shot med-leader r3 = C:\Users\Administrator\Downloads\CustomServer\logs\cua\2c-med-leader-r3-095324.png
shot med-guest r3 = C:\Users\Administrator\Downloads\CustomServer\logs\cua\2c-med-guest-r3-095327.png
shot med-leader r4 = C:\Users\Administrator\Downloads\CustomServer\logs\cua\2c-med-leader-r4-095337.png
shot med-guest r4 = C:\Users\Administrator\Downloads\CustomServer\logs\cua\2c-med-guest-r4-095338.png
shot med-leader r5 = C:\Users\Administrator\Downloads\CustomServer\logs\cua\2c-med-leader-r5-095348.png
shot med-guest r5 = C:\Users\Administrator\Downloads\CustomServer\logs\cua\2c-med-guest-r5-095349.png
shot med-leader r6 = C:\Users\Administrator\Downloads\CustomServer\logs\cua\2c-med-leader-r6-095359.png
shot med-guest r6 = C:\Users\Administrator\Downloads\CustomServer\logs\cua\2c-med-guest-r6-095401.png
shot med-leader r7 = C:\Users\Administrator\Downloads\CustomServer\logs\cua\2c-med-leader-r7-095411.png
shot med-guest r7 = C:\Users\Administrator\Downloads\CustomServer\logs\cua\2c-med-guest-r7-095412.png
shot med-leader r8 = C:\Users\Administrator\Downloads\CustomServer\logs\cua\2c-med-leader-r8-095422.png
shot med-guest r8 = C:\Users\Administrator\Downloads\CustomServer\logs\cua\2c-med-guest-r8-095423.png
shot med-leader r9 = C:\Users\Administrator\Downloads\CustomServer\logs\cua\2c-med-leader-r9-095433.png
shot med-guest r9 = C:\Users\Administrator\Downloads\CustomServer\logs\cua\2c-med-guest-r9-095434.png
CAPTURE DONE. Guest shots should show leader's charId-15 Medusa with nameplate 'med-leader'.
