[16:54:00] Logged into child instance API.
[16:54:00] app State = 40
[16:54:02] app State = 40
[16:54:04] app State = 40
[16:54:06] app State = 40
[16:54:08] app State = 40
[16:54:10] app State = 40
[16:54:12] app State = 40
[16:54:15] app State = 40
[16:54:17] app State = 40
[16:54:19] app State = 40
[16:54:21] app State = 40
[16:54:23] app State = 40
[16:54:25] app State = 40
[16:54:27] app State = 40
[16:54:29] app State = 40
[16:54:31] app State = 40
[16:54:33] app State = 40
[16:54:35] app State = 40
[16:54:37] app State = 40
[16:54:39] app State = 40
[16:54:41] app State = 40
[16:54:43] app State = 40
[16:54:45] app State = 40
[16:54:47] app State = 40
[16:54:49] app State = 40
[16:54:51] app State = 40
[16:54:53] app State = 40
[16:54:56] app State = 40
[16:54:58] app State = 40
[16:55:00] app State = 40
[16:55:02] App stuck in transitional state 40; issuing Core/Kill.
[16:55:04] after kill State = 40
[16:55:06] after kill State = 40
[16:55:08] after kill State = 40
[16:55:10] after kill State = 40
[16:55:12] after kill State = 40
[16:55:14] after kill State = 40
[16:55:16] after kill State = 40
[16:55:18] after kill State = 40
[16:55:20] after kill State = 40
[16:55:22] after kill State = 40
[16:55:24] after kill State = 40
[16:55:26] after kill State = 40
[16:55:28] after kill State = 40
[16:55:30] after kill State = 40
[16:55:32] after kill State = 40
[16:55:34] after kill State = 40
[16:55:37] after kill State = 40
[16:55:39] after kill State = 40
[16:55:41] after kill State = 40
[16:55:43] after kill State = 40
[16:55:45] after kill State = 40
[16:55:47] after kill State = 40
[16:55:49] after kill State = 40
[16:55:51] after kill State = 40
[16:55:53] after kill State = 40
[16:55:55] after kill State = 40
[16:55:57] after kill State = 40
[16:55:59] after kill State = 40
[16:56:01] after kill State = 40
[16:56:03] after kill State = 40
[16:56:03] App did not reach Stopped; manual intervention may be needed (State=40).
