=== Pre-deploy /health ===
  release=medusa-v1733-headless-safe medusaDll=0E14F39A9C47B6EBA106A0F23E76A0989B3270D7BCDD3E4BB0DD51E63BDB3CB5
=== Deploying (stops + restarts production) ===
[21:26:40] Child instance running=True appState=20.
[21:26:40] Logged into child instance API.
[21:26:41] Remote app state before deploy: 20.
[21:26:41] Stopping application.
[21:26:43] Remote app state after stop: 0.
[21:26:43] Deleted remote: game/Mods/BAPBAP.Medusa.dll
[21:26:43] Deleted remote: game/Mods/BAPCustomChars.dll
[21:26:43] Uploading 3.02 MiB -> netcustomchar-deploy.zip.
[21:26:44] MD5 local=aa81830127be0e002d77afbc7e1a81d3 remote=aa81830127be0e002d77afbc7e1a81d3.
[21:26:44] Extracting archive into remote root.
[21:26:44] Starting application.
[21:26:45] Deploy finished. started=True
=== Waiting for server to come back (max 240s) ===
  t+8s release=medusa-v1733-headless-safe ok=True prewarm=running medusaAvail=True
  serverDll=289074107744B62EFE4FD831F5D51202B5ED107CBDF66881654B8AB9579A3B1A
  medusaDll=6923D2F932E717D73C90CF95391178AF1C91D06106EEC7BBB6BAC47D312055A1
  modApiDll=0E14F39A9C47B6EBA106A0F23E76A0989B3270D7BCDD3E4BB0DD51E63BDB3CB5
=== DEPLOY+HEALTH OK ===
