=== Pre-deploy /health ===
  release=medusa-v1733-headless-safe medusaDll=0E14F39A9C47B6EBA106A0F23E76A0989B3270D7BCDD3E4BB0DD51E63BDB3CB5
=== Deploying (stops + restarts production) ===
[22:22:32] Child instance running=True appState=20.
[22:22:33] Logged into child instance API.
[22:22:33] Remote app state before deploy: 20.
[22:22:33] Stopping application.
[22:22:35] Remote app state after stop: 0.
[22:22:35] Deleted remote: game/Mods/BAPBAP.Medusa.dll
[22:22:35] Deleted remote: game/Mods/BAPCustomChars.dll
[22:22:35] Uploading 3.39 MiB -> netcustomchar-deploy.zip.
[22:22:37] MD5 local=74b353ba42abc8ad4838debc9aec8d51 remote=74b353ba42abc8ad4838debc9aec8d51.
[22:22:37] Extracting archive into remote root.
[22:22:37] Starting application.
[22:22:37] Deploy finished. started=True
=== Waiting for server to come back (max 240s) ===
  t+8s release=medusa-v1733-headless-safe ok=True prewarm=running medusaAvail=True
  serverDll=289074107744B62EFE4FD831F5D51202B5ED107CBDF66881654B8AB9579A3B1A
  medusaDll=6923D2F932E717D73C90CF95391178AF1C91D06106EEC7BBB6BAC47D312055A1
  modApiDll=0E14F39A9C47B6EBA106A0F23E76A0989B3270D7BCDD3E4BB0DD51E63BDB3CB5
=== DEPLOY+HEALTH OK ===
