=== Pre-deploy /health ===
  release=medusa-v1733-headless-safe medusaDll=0E14F39A9C47B6EBA106A0F23E76A0989B3270D7BCDD3E4BB0DD51E63BDB3CB5
=== Deploying (stops + restarts production) ===
[10:50:56] Child instance running=True appState=20.
[10:50:57] Logged into child instance API.
[10:50:57] Remote app state before deploy: 20.
[10:50:57] Stopping application.
[10:50:59] Remote app state after stop: 0.
[10:50:59] Deleted remote: game/Mods/BAPBAP.Medusa.dll
[10:50:59] Deleted remote: game/Mods/BAPCustomChars.dll
[10:50:59] Uploading 3.02 MiB -> netcustomchar-deploy.zip.
[10:51:00] MD5 local=de0e7f9c097ccbb689b2a0c532aab699 remote=de0e7f9c097ccbb689b2a0c532aab699.
[10:51:00] Extracting archive into remote root.
[10:51:00] Starting application.
[10:51:01] Deploy finished. started=True
=== Waiting for server to come back (max 240s) ===
  t+8s release=medusa-v1733-headless-safe ok=True prewarm=running medusaAvail=True
  serverDll=289074107744B62EFE4FD831F5D51202B5ED107CBDF66881654B8AB9579A3B1A
  medusaDll=6923D2F932E717D73C90CF95391178AF1C91D06106EEC7BBB6BAC47D312055A1
  modApiDll=0E14F39A9C47B6EBA106A0F23E76A0989B3270D7BCDD3E4BB0DD51E63BDB3CB5
=== DEPLOY+HEALTH OK ===
