[Licensing::Module] Trying to connect to existing licensing client channel...
[Licensing::IpcConnector] Successfully connected to the License Client on channel: "LicenseClient-Administrator" at "2026-06-16T23:52:05.7123948Z"
[Licensing::Client] Error: Code 10 while verifying Licensing Client signature (process Id: 14928, path: "C:/Program Files/Unity Hub/UnityLicensingClient_V1/Unity.Licensing.Client.exe")
[Licensing::Module] Error: LicensingClient has failed validation; ignoring
[Licensing::Client] Handshaking with LicensingClient:
  Version:                 1.17.4+4293ba1
  Session Id:              0ee637586c6c40e69b798cdb41c24280
  Correlation Id:          c81ce796be8951068e18f311a099b584
  External correlation Id: 7991506666339788486
  Machine Id:              8nkKhQ8OF44VWDCkfDaQZfwuh1c=
[Licensing::Module] Successfully connected to LicensingClient on channel: "LicenseClient-Administrator" (connect: 0.00s, validation: 0.01s, handshake: 0.04s)
[Licensing::IpcConnector] Successfully connected to the License Notification on channel: "LicenseClient-Administrator-notifications" at "2026-06-16T23:52:05.7637573Z"
[Licensing::Module] Error: Access token is unavailable; failed to update
[Licensing::Client] Successfully updated license
Built from '2022.3/staging' branch; Version is '2022.3.38f1 (c5d5a7410213) revision 12965287'; Using compiler version '192829333'; Build Type 'Release'
OS: 'Windows 11  (10.0.26200) 64bit Professional' Language: 'de' Physical Memory: 65462 MB
[Licensing::Client] Successfully resolved entitlements
[Licensing::Module] Serial number assigned to: "9071372509566-UnityPersXXXX"
BatchMode: 1, IsHumanControllingUs: 0, StartBugReporterOnCrash: 0, Is64bit: 1, IsPro: 0

COMMAND LINE ARGUMENTS:
C:\Program Files\Unity\Hub\Editor\2022.3.38f1\Editor\Unity.exe
-batchmode
-quit
-projectPath
C:\Users\Administrator\Downloads\neueBapbap\GameCode\ExportedProject
-logFile
C:\Users\Administrator\Downloads\CustomServer\logs\mapmaker-tile-compile.log
Successfully changed project path to: C:\Users\Administrator\Downloads\neueBapbap\GameCode\ExportedProject
C:/Users/Administrator/Downloads/neueBapbap/GameCode/ExportedProject
[UnityMemory] Configuration Parameters - Can be set up in boot.config
    "memorysetup-bucket-allocator-granularity=16"
    "memorysetup-bucket-allocator-bucket-count=8"
    "memorysetup-bucket-allocator-block-size=33554432"
    "memorysetup-bucket-allocator-block-count=8"
    "memorysetup-main-allocator-block-size=16777216"
    "memorysetup-thread-allocator-block-size=16777216"
    "memorysetup-gfx-main-allocator-block-size=16777216"
    "memorysetup-gfx-thread-allocator-block-size=16777216"
    "memorysetup-cache-allocator-block-size=4194304"
    "memorysetup-typetree-allocator-block-size=2097152"
    "memorysetup-profiler-bucket-allocator-granularity=16"
    "memorysetup-profiler-bucket-allocator-bucket-count=8"
    "memorysetup-profiler-bucket-allocator-block-size=33554432"
    "memorysetup-profiler-bucket-allocator-block-count=8"
    "memorysetup-profiler-allocator-block-size=16777216"
    "memorysetup-profiler-editor-allocator-block-size=1048576"
    "memorysetup-temp-allocator-size-main=16777216"
    "memorysetup-job-temp-allocator-block-size=2097152"
    "memorysetup-job-temp-allocator-block-size-background=1048576"
    "memorysetup-job-temp-allocator-reduction-small-platforms=262144"
    "memorysetup-allocator-temp-initial-block-size-main=262144"
    "memorysetup-allocator-temp-initial-block-size-worker=262144"
    "memorysetup-temp-allocator-size-background-worker=32768"
    "memorysetup-temp-allocator-size-job-worker=262144"
    "memorysetup-temp-allocator-size-preload-manager=33554432"
    "memorysetup-temp-allocator-size-nav-mesh-worker=65536"
    "memorysetup-temp-allocator-size-audio-worker=65536"
    "memorysetup-temp-allocator-size-cloud-worker=32768"
    "memorysetup-temp-allocator-size-gi-baking-worker=262144"
    "memorysetup-temp-allocator-size-gfx=262144"
Player connection [79276]  Target information:

Player connection [79276]  * "[IP] 192.168.2.158 [Port] 55504 [Flags] 2 [Guid] 231435447 [EditorId] 231435447 [Version] 1048832 [Id] WindowsEditor(7,Vincent) [Debug] 1 [PackageName] WindowsEditor [ProjectName] Editor" 

Player connection [79276]  * "[IP] 172.20.32.1 [Port] 55504 [Flags] 2 [Guid] 231435447 [EditorId] 231435447 [Version] 1048832 [Id] WindowsEditor(7,Vincent) [Debug] 1 [PackageName] WindowsEditor [ProjectName] Editor" 

Player connection [79276]  * "[IP] 172.29.128.1 [Port] 55504 [Flags] 2 [Guid] 231435447 [EditorId] 231435447 [Version] 1048832 [Id] WindowsEditor(7,Vincent) [Debug] 1 [PackageName] WindowsEditor [ProjectName] Editor" 

Player connection [79276]  * "[IP] 169.254.83.107 [Port] 55504 [Flags] 2 [Guid] 231435447 [EditorId] 231435447 [Version] 1048832 [Id] WindowsEditor(7,Vincent) [Debug] 1 [PackageName] WindowsEditor [ProjectName] Editor" 

Player connection [79276]  * "[IP] 10.5.0.2 [Port] 55504 [Flags] 2 [Guid] 231435447 [EditorId] 231435447 [Version] 1048832 [Id] WindowsEditor(7,Vincent) [Debug] 1 [PackageName] WindowsEditor [ProjectName] Editor" 

Player connection [79276] Host joined multi-casting on [225.0.0.222:54997]...
Player connection [79276] Host joined alternative multi-casting on [225.0.0.222:34997]...
[PhysX] Initialized MultithreadedTaskDispatcher with 16 workers.
[Package Manager] UpmClient::Connect -- Connected to IPC stream "Upm-72312" after 0.4 seconds.
[Licensing::Client] Successfully resolved entitlements
[Package Manager] Restoring resolved packages state from cache
[Licensing::Client] Successfully resolved entitlement details
[Package Manager] Registered 32 packages:
  Built-in packages:
    com.unity.modules.ai@1.0.0 (location: C:\Users\Administrator\Downloads\neueBapbap\GameCode\ExportedProject\Library\PackageCache\com.unity.modules.ai@1.0.0)
    com.unity.modules.androidjni@1.0.0 (location: C:\Users\Administrator\Downloads\neueBapbap\GameCode\ExportedProject\Library\PackageCache\com.unity.modules.androidjni@1.0.0)
    com.unity.modules.animation@1.0.0 (location: C:\Users\Administrator\Downloads\neueBapbap\GameCode\ExportedProject\Library\PackageCache\com.unity.modules.animation@1.0.0)
    com.unity.modules.assetbundle@1.0.0 (location: C:\Users\Administrator\Downloads\neueBapbap\GameCode\ExportedProject\Library\PackageCache\com.unity.modules.assetbundle@1.0.0)
    com.unity.modules.audio@1.0.0 (location: C:\Users\Administrator\Downloads\neueBapbap\GameCode\ExportedProject\Library\PackageCache\com.unity.modules.audio@1.0.0)
    com.unity.modules.cloth@1.0.0 (location: C:\Users\Administrator\Downloads\neueBapbap\GameCode\ExportedProject\Library\PackageCache\com.unity.modules.cloth@1.0.0)
    com.unity.modules.director@1.0.0 (location: C:\Users\Administrator\Downloads\neueBapbap\GameCode\ExportedProject\Library\PackageCache\com.unity.modules.director@1.0.0)
    com.unity.modules.imageconversion@1.0.0 (location: C:\Users\Administrator\Downloads\neueBapbap\GameCode\ExportedProject\Library\PackageCache\com.unity.modules.imageconversion@1.0.0)
    com.unity.modules.imgui@1.0.0 (location: C:\Users\Administrator\Downloads\neueBapbap\GameCode\ExportedProject\Library\PackageCache\com.unity.modules.imgui@1.0.0)
    com.unity.modules.jsonserialize@1.0.0 (location: C:\Users\Administrator\Downloads\neueBapbap\GameCode\ExportedProject\Library\PackageCache\com.unity.modules.jsonserialize@1.0.0)
    com.unity.modules.particlesystem@1.0.0 (location: C:\Users\Administrator\Downloads\neueBapbap\GameCode\ExportedProject\Library\PackageCache\com.unity.modules.particlesystem@1.0.0)
    com.unity.modules.physics@1.0.0 (location: C:\Users\Administrator\Downloads\neueBapbap\GameCode\ExportedProject\Library\PackageCache\com.unity.modules.physics@1.0.0)
    com.unity.modules.physics2d@1.0.0 (location: C:\Users\Administrator\Downloads\neueBapbap\GameCode\ExportedProject\Library\PackageCache\com.unity.modules.physics2d@1.0.0)
    com.unity.modules.screencapture@1.0.0 (location: C:\Users\Administrator\Downloads\neueBapbap\GameCode\ExportedProject\Library\PackageCache\com.unity.modules.screencapture@1.0.0)
    com.unity.modules.terrain@1.0.0 (location: C:\Users\Administrator\Downloads\neueBapbap\GameCode\ExportedProject\Library\PackageCache\com.unity.modules.terrain@1.0.0)
    com.unity.modules.terrainphysics@1.0.0 (location: C:\Users\Administrator\Downloads\neueBapbap\GameCode\ExportedProject\Library\PackageCache\com.unity.modules.terrainphysics@1.0.0)
    com.unity.modules.tilemap@1.0.0 (location: C:\Users\Administrator\Downloads\neueBapbap\GameCode\ExportedProject\Library\PackageCache\com.unity.modules.tilemap@1.0.0)
    com.unity.modules.ui@1.0.0 (location: C:\Users\Administrator\Downloads\neueBapbap\GameCode\ExportedProject\Library\PackageCache\com.unity.modules.ui@1.0.0)
    com.unity.modules.uielements@1.0.0 (location: C:\Users\Administrator\Downloads\neueBapbap\GameCode\ExportedProject\Library\PackageCache\com.unity.modules.uielements@1.0.0)
    com.unity.modules.umbra@1.0.0 (location: C:\Users\Administrator\Downloads\neueBapbap\GameCode\ExportedProject\Library\PackageCache\com.unity.modules.umbra@1.0.0)
    com.unity.modules.unityanalytics@1.0.0 (location: C:\Users\Administrator\Downloads\neueBapbap\GameCode\ExportedProject\Library\PackageCache\com.unity.modules.unityanalytics@1.0.0)
    com.unity.modules.unitywebrequest@1.0.0 (location: C:\Users\Administrator\Downloads\neueBapbap\GameCode\ExportedProject\Library\PackageCache\com.unity.modules.unitywebrequest@1.0.0)
    com.unity.modules.unitywebrequestassetbundle@1.0.0 (location: C:\Users\Administrator\Downloads\neueBapbap\GameCode\ExportedProject\Library\PackageCache\com.unity.modules.unitywebrequestassetbundle@1.0.0)
    com.unity.modules.unitywebrequestaudio@1.0.0 (location: C:\Users\Administrator\Downloads\neueBapbap\GameCode\ExportedProject\Library\PackageCache\com.unity.modules.unitywebrequestaudio@1.0.0)
    com.unity.modules.unitywebrequesttexture@1.0.0 (location: C:\Users\Administrator\Downloads\neueBapbap\GameCode\ExportedProject\Library\PackageCache\com.unity.modules.unitywebrequesttexture@1.0.0)
    com.unity.modules.unitywebrequestwww@1.0.0 (location: C:\Users\Administrator\Downloads\neueBapbap\GameCode\ExportedProject\Library\PackageCache\com.unity.modules.unitywebrequestwww@1.0.0)
    com.unity.modules.vehicles@1.0.0 (location: C:\Users\Administrator\Downloads\neueBapbap\GameCode\ExportedProject\Library\PackageCache\com.unity.modules.vehicles@1.0.0)
    com.unity.modules.video@1.0.0 (location: C:\Users\Administrator\Downloads\neueBapbap\GameCode\ExportedProject\Library\PackageCache\com.unity.modules.video@1.0.0)
    com.unity.modules.vr@1.0.0 (location: C:\Users\Administrator\Downloads\neueBapbap\GameCode\ExportedProject\Library\PackageCache\com.unity.modules.vr@1.0.0)
    com.unity.modules.wind@1.0.0 (location: C:\Users\Administrator\Downloads\neueBapbap\GameCode\ExportedProject\Library\PackageCache\com.unity.modules.wind@1.0.0)
    com.unity.modules.xr@1.0.0 (location: C:\Users\Administrator\Downloads\neueBapbap\GameCode\ExportedProject\Library\PackageCache\com.unity.modules.xr@1.0.0)
    com.unity.modules.subsystems@1.0.0 (location: C:\Users\Administrator\Downloads\neueBapbap\GameCode\ExportedProject\Library\PackageCache\com.unity.modules.subsystems@1.0.0)
[Subsystems] No new subsystems found in resolved package list.
Package Manager log level set to [2]
[Package Manager] Done registering packages in 0.10 seconds
Refreshing native plugins compatible for Editor in 47.18 ms, found 0 plugins.
Preloading 0 native plugins for Editor in 0.00 ms.
Initialize engine version: 2022.3.38f1 (c5d5a7410213)
[Subsystems] Discovering subsystems at path C:/Program Files/Unity/Hub/Editor/2022.3.38f1/Editor/Data/Resources/UnitySubsystems
[Subsystems] Discovering subsystems at path C:/Users/Administrator/Downloads/neueBapbap/GameCode/ExportedProject/Assets
GfxDevice: creating device client; threaded=0; jobified=0
Direct3D:
    Version:  Direct3D 11.0 [level 11.1]
    Renderer: NVIDIA GeForce RTX 3060 Ti (ID=0x2486)
    Vendor:   NVIDIA
    VRAM:     8024 MB
    Driver:   32.0.15.9621
[Licensing::Client] Successfully resolved entitlements
Initialize mono
Mono path[0] = 'C:/Program Files/Unity/Hub/Editor/2022.3.38f1/Editor/Data/Managed'
Mono path[1] = 'C:/Program Files/Unity/Hub/Editor/2022.3.38f1/Editor/Data/MonoBleedingEdge/lib/mono/unityjit-win32'
Mono config path = 'C:/Program Files/Unity/Hub/Editor/2022.3.38f1/Editor/Data/MonoBleedingEdge/etc'
Using monoOptions --debugger-agent=transport=dt_socket,embedding=1,server=y,suspend=n,address=127.0.0.1:56312
Using cacheserver namespaces - metadata:defaultmetadata, artifacts:defaultartifacts
Using cacheserver namespaces - metadata:defaultmetadata, artifacts:defaultartifacts
ImportWorker Server TCP listen port: 0
Begin MonoManager ReloadAssembly
Registering precompiled unity dll's ...
Register platform support module: C:/Program Files/Unity/Hub/Editor/2022.3.38f1/Editor/Data/PlaybackEngines/WindowsStandaloneSupport/UnityEditor.WindowsStandalone.Extensions.dll
Registered in 0.007907 seconds.
- Loaded All Assemblies, in  0.305 seconds
Native extension for WindowsStandalone target not found
Mono: successfully reloaded assembly
- Finished resetting the current domain, in  0.231 seconds
Domain Reload Profiling: 532ms
	BeginReloadAssembly (89ms)
		ExecutionOrderSort (0ms)
		DisableScriptedObjects (0ms)
		BackupInstance (0ms)
		ReleaseScriptingObjects (0ms)
		CreateAndSetChildDomain (1ms)
	RebuildCommonClasses (27ms)
	RebuildNativeTypeToScriptingClass (8ms)
	initialDomainReloadingComplete (59ms)
	LoadAllAssembliesAndSetupDomain (118ms)
		LoadAssemblies (85ms)
		RebuildTransferFunctionScriptingTraits (0ms)
		AnalyzeDomain (116ms)
			TypeCache.Refresh (115ms)
				TypeCache.ScanAssembly (104ms)
			ScanForSourceGeneratedMonoScriptInfo (0ms)
			ResolveRequiredComponents (0ms)
	FinalizeReload (231ms)
		ReleaseScriptCaches (0ms)
		RebuildScriptCaches (0ms)
		SetupLoadedEditorAssemblies (179ms)
			LogAssemblyErrors (0ms)
			InitializePlatformSupportModulesInManaged (8ms)
			SetLoadedEditorAssemblies (6ms)
			RefreshPlugins (0ms)
			BeforeProcessingInitializeOnLoad (2ms)
			ProcessInitializeOnLoadAttributes (118ms)
			ProcessInitializeOnLoadMethodAttributes (45ms)
			AfterProcessingInitializeOnLoad (0ms)
			EditorAssembliesLoaded (0ms)
		ExecutionOrderSort2 (0ms)
		AwakeInstancesAfterBackupRestoration (0ms)
[Licensing::Client] Successfully resolved entitlements
Application.AssetDatabase Initial Refresh Start
[ScriptCompilation] Requested script compilation because: Assetdatabase observed changes in script compilation related files
info: Microsoft.Hosting.Lifetime[14]
      Now listening on: http://localhost:80
info: Microsoft.Hosting.Lifetime[0]
      Application started. Press Ctrl+C to shut down.
info: Microsoft.Hosting.Lifetime[0]
      Hosting environment: Production
info: Microsoft.Hosting.Lifetime[0]
      Content root path: C:\Users\Administrator\Downloads\neueBapbap\GameCode\ExportedProject\
info: Microsoft.AspNetCore.Hosting.Diagnostics[1]
      Request starting HTTP/2 POST http://ilpp/UnityILPP.PostProcessing/Ping application/grpc -
info: Microsoft.AspNetCore.Routing.EndpointMiddleware[0]
      Executing endpoint 'gRPC - /UnityILPP.PostProcessing/Ping'
info: Microsoft.AspNetCore.Routing.EndpointMiddleware[1]
      Executed endpoint 'gRPC - /UnityILPP.PostProcessing/Ping'
info: Microsoft.AspNetCore.Hosting.Diagnostics[2]
      Request finished HTTP/2 POST http://ilpp/UnityILPP.PostProcessing/Ping application/grpc - - 200 - application/grpc 37.7807ms
Starting: C:\Program Files\Unity\Hub\Editor\2022.3.38f1\Editor\Data\bee_backend.exe --dont-print-to-structured-log --ipc --defer-dag-verification --dagfile="Library/Bee/1900b0aE.dag" --continue-on-failure --profile="Library/Bee/backend1.traceevents" ScriptAssemblies
WorkingDir: C:/Users/Administrator/Downloads/neueBapbap/GameCode/ExportedProject
DisplayProgressbar: Compiling Scripts
ExitCode: 0 Duration: 1s297ms
[124/127    1s] Csc Library/Bee/artifacts/1900b0aE.dag/Assembly-CSharp-Editor.dll (+2 others)
[125/127    0s] CopyFiles Library/ScriptAssemblies/Assembly-CSharp-Editor.pdb
[126/127    0s] CopyFiles Library/ScriptAssemblies/Assembly-CSharp-Editor.dll
*** Tundra build success (1.26 seconds), 3 items updated, 127 evaluated
AssetDatabase: script compilation time: 1.761028s
Begin MonoManager ReloadAssembly
Total cache size 101450380
Total cache size after purge 101450380
- Loaded All Assemblies, in  0.666 seconds
Refreshing native plugins compatible for Editor in 14.26 ms, found 0 plugins.
Preloading 0 native plugins for Editor in 0.00 ms.
Start importing Assets/Editor/MapMakerWindow.cs using Guid(7237937864326fe4a940ac8e0c40c523) Importer(-1,00000000000000000000000000000000) [PhysX] Initialized MultithreadedTaskDispatcher with 16 workers.
 -> (artifact id: '1c3024cffa56e045b1daf7184e9bd0d9') in 0.015884 seconds
Refreshing native plugins compatible for Editor in 16.66 ms, found 0 plugins.
Native extension for WindowsStandalone target not found
Mono: successfully reloaded assembly
- Finished resetting the current domain, in  0.287 seconds
Domain Reload Profiling: 948ms
	BeginReloadAssembly (148ms)
		ExecutionOrderSort (0ms)
		DisableScriptedObjects (4ms)
		BackupInstance (0ms)
		ReleaseScriptingObjects (0ms)
		CreateAndSetChildDomain (25ms)
	RebuildCommonClasses (28ms)
	RebuildNativeTypeToScriptingClass (8ms)
	initialDomainReloadingComplete (46ms)
	LoadAllAssembliesAndSetupDomain (430ms)
		LoadAssemblies (394ms)
		RebuildTransferFunctionScriptingTraits (0ms)
		AnalyzeDomain (115ms)
			TypeCache.Refresh (101ms)
				TypeCache.ScanAssembly (90ms)
			ScanForSourceGeneratedMonoScriptInfo (8ms)
			ResolveRequiredComponents (6ms)
	FinalizeReload (288ms)
		ReleaseScriptCaches (0ms)
		RebuildScriptCaches (0ms)
		SetupLoadedEditorAssemblies (184ms)
			LogAssemblyErrors (0ms)
			InitializePlatformSupportModulesInManaged (5ms)
			SetLoadedEditorAssemblies (2ms)
			RefreshPlugins (0ms)
			BeforeProcessingInitializeOnLoad (25ms)
			ProcessInitializeOnLoadAttributes (129ms)
			ProcessInitializeOnLoadMethodAttributes (14ms)
			AfterProcessingInitializeOnLoad (8ms)
			EditorAssembliesLoaded (0ms)
		ExecutionOrderSort2 (0ms)
		AwakeInstancesAfterBackupRestoration (6ms)
Refreshing native plugins compatible for Editor in 15.07 ms, found 0 plugins.
Preloading 0 native plugins for Editor in 0.00 ms.
Asset Pipeline Refresh (id=9d0b51595151e56419c134e084719f20): Total: 3.265 seconds - Initiated by InitialRefreshV2(ForceSynchronousImport)
	Summary:
		Imports: total=1 (actual=1, local cache=0, cache server=0)
		Asset DB Process Time: managed=2 ms, native=432 ms
		Asset DB Callback time: managed=44 ms, native=20 ms
		Scripting: domain reloads=1, domain reload time=994 ms, compile time=1761 ms, other=8 ms
		Project Asset Count: scripts=204, non-scripts=12335
		Asset File Changes: new=0, changed=1, moved=0, deleted=0
		Scan Filter Count: 0
	InvokeBeforeRefreshCallbacks: 0.968ms
	ApplyChangesToAssetFolders: 0.048ms
	Scan: 54.990ms
	OnSourceAssetsModified: 2.678ms
	GetAllGuidsForCategorization: 1.623ms
	CategorizeAssets: 147.112ms
	ImportOutOfDateAssets: 334.814ms (-1451.131ms without children)
		ImportManagerImport: 20.916ms (4.641ms without children)
			ImportInProcess: 16.271ms
			UpdateCategorizedAssets: 0.004ms
		CompileScripts: 1761.143ms
		ReloadNativeAssets: 0.005ms
		UnloadImportedAssets: 0.484ms
		ReloadImportedAssets: 0.000ms
		EnsureUptoDateAssetsAreRegisteredWithGuidPM: 2.351ms
		InitializingProgressBar: 0.005ms
		PostProcessAllAssetNotificationsAddChangedAssets: 0.001ms
		OnDemandSchedulerStart: 1.040ms
	PostProcessAllAssets: 45.279ms
	Hotreload: 16.061ms
	GatherAllCurrentPrimaryArtifactRevisions: 0.003ms
	UnloadStreamsBegin: 0.276ms
	PersistCurrentRevisions: 0.460ms
	UnloadStreamsEnd: 0.006ms
	GenerateScriptTypeHashes: 2.379ms
	Untracked: 2660.952ms
Application.AssetDatabase Initial Refresh End
Launched and connected shader compiler UnityShaderCompiler.exe after 0.05 seconds
Scanning for USB devices : 15.455ms
Initializing Unity extensions:
[Licensing::Client] Successfully resolved entitlements
[MODES] ModeService[none].Initialize
[MODES] ModeService[none].LoadModes
[MODES] Loading mode Default (0) for mode-current-id-BAPBAP
[PhysX] Initialized MultithreadedTaskDispatcher with 16 workers.
ProgressiveSceneManager::Cancel()
Unloading 333 Unused Serialized files (Serialized files now loaded: 0)
Unloading 410 unused Assets / (12.4 MB). Loaded Objects now: 1019.
Memory consumption went from 210.1 MB to 197.7 MB.
Total: 9.494300 ms (FindLiveObjects: 0.121400 ms CreateObjectMapping: 0.020400 ms MarkObjects: 2.938400 ms  DeleteObjects: 6.413300 ms)

Batchmode quit successfully invoked - shutting down!
Curl error 42: Callback aborted
[PhysX] Initialized MultithreadedTaskDispatcher with 16 workers.
[Licensing::IpcConnector] License Notification channel disconnected successfully.
[Licensing::IpcConnector] License Client channel disconnected successfully.
Cleanup mono
abort_threads: Failed aborting id: 000000000000D540, mono_thread_manage will ignore it

abort_threads: Failed aborting id: 0000000000014068, mono_thread_manage will ignore it

abort_threads: Failed aborting id: 000000000000D540, mono_thread_manage will ignore it

abort_threads: Failed aborting id: 0000000000014068, mono_thread_manage will ignore it

debugger-agent: Unable to listen on 5420
[Performance] WinEditorMain                                                                                                  :        1 samples, Peak.   561 ms (1.0x), Avg.   561 ms, Total. 560.6 ms (8.4%)
[Performance] WinEditorMain.ConfigureCrashHandler                                                                            :        1 samples, Peak.  35.2 us (1.0x), Avg.  35.2 us, Total. 35.20 us (0.0%)
[Performance] WinEditorMain.CurlRequestInitialize                                                                            :        1 samples, Peak.   542 us (1.0x), Avg.   542 us, Total. 541.6 us (0.0%)
[Performance] WinEditorMain.SetupLogFile                                                                                     :        1 samples, Peak.   576 us (1.0x), Avg.   576 us, Total. 575.7 us (0.0%)
[Performance] WinEditorMain.RunNativeTestsIfRequiredAndExit                                                                  :        1 samples, Peak.   200 ns (1.0x), Avg.   200 ns, Total. 200.0 ns (0.0%)
[Performance] WinEditorMain.Licensing                                                                                        :        1 samples, Peak.   544 ms (1.0x), Avg.   544 ms, Total. 543.6 ms (8.1%)
[Performance] WinEditorMain.InitializeCrashHandler                                                                           :        1 samples, Peak.  12.3 ms (1.0x), Avg.  12.3 ms, Total. 12.27 ms (0.2%)
[Performance] WinEditorMain.CreateApplication                                                                                :        1 samples, Peak.   179 us (1.0x), Avg.   179 us, Total. 179.1 us (0.0%)
[Performance] Application.InitializeProject                                                                                  :        1 samples, Peak.  5.60 s (1.0x), Avg.  5.60 s, Total. 5.595 s (83.6%)
[Performance] Application.PackageManager.StartServer                                                                         :        1 samples, Peak.  4.61 ms (1.0x), Avg.  4.61 ms, Total. 4.614 ms (0.1%)
[Performance] Application.AcquireProjectLock                                                                                 :        1 samples, Peak.  6.31 ms (1.0x), Avg.  6.31 ms, Total. 6.307 ms (0.1%)
[Performance] Application.InitializeEngineNoGraphics                                                                         :        1 samples, Peak.  49.4 ms (1.0x), Avg.  49.4 ms, Total. 49.43 ms (0.7%)
[Performance] Application.PackageManager.Initialize                                                                          :        1 samples, Peak.   390 ms (1.0x), Avg.   390 ms, Total. 390.2 ms (5.8%)
[Performance] Connecting to Package Manager                                                                                  :       40 samples, Peak.  77.5 us (18.7x), Avg.  4.15 us, Total. 165.9 us (0.0%)
[Performance] Application.EngineGraphics.Initialize                                                                          :        1 samples, Peak.   268 ms (1.0x), Avg.   268 ms, Total. 268.3 ms (4.0%)
[Performance] Application.GI.Initialize                                                                                      :        1 samples, Peak.  3.75 ms (1.0x), Avg.  3.75 ms, Total. 3.750 ms (0.1%)
[Performance] Application.LoadAllDefaultResourcesFromEditor                                                                  :        1 samples, Peak.  1.90 ms (1.0x), Avg.  1.90 ms, Total. 1.900 ms (0.0%)
[Performance] Application.LoadMonoAssemblies                                                                                 :        1 samples, Peak.   548 ms (1.0x), Avg.   548 ms, Total. 548.3 ms (8.2%)
[Performance] RestoreManagedReferences                                                                                       :        2 samples, Peak.  39.4 ms (2.0x), Avg.  19.7 ms, Total. 39.40 ms (0.6%)
[Performance] InitializeOnLoad ObjectSelectorSearch                                                                          :        2 samples, Peak.   263 us (1.0x), Avg.   253 us, Total. 505.5 us (0.0%)
[Performance] InitializeOnLoad CacheServerWindow                                                                             :        2 samples, Peak.  17.0 us (1.3x), Avg.  13.4 us, Total. 26.70 us (0.0%)
[Performance] InitializeOnLoad SettingsService                                                                               :        2 samples, Peak.  8.70 us (1.2x), Avg.  7.45 us, Total. 14.90 us (0.0%)
[Performance] InitializeOnLoad PlayModeDownload                                                                              :        2 samples, Peak.  3.55 ms (1.7x), Avg.  2.14 ms, Total. 4.281 ms (0.1%)
[Performance] InitializeOnLoad UnityConnect                                                                                  :        2 samples, Peak.  46.9 us (1.0x), Avg.  45.1 us, Total. 90.10 us (0.0%)
[Performance] InitializeOnLoad UISystemProfilerRenderService                                                                 :        2 samples, Peak.  8.20 us (1.2x), Avg.  6.90 us, Total. 13.80 us (0.0%)
[Performance] InitializeOnLoad ManagedDebugger                                                                               :        2 samples, Peak.   534 us (1.1x), Avg.   503 us, Total. 1.006 ms (0.0%)
[Performance] InitializeOnLoad SearchService                                                                                 :        2 samples, Peak.   109 us (1.1x), Avg.  98.9 us, Total. 197.7 us (0.0%)
[Performance] InitializeOnLoad AddComponentWindow                                                                            :        2 samples, Peak.   106 us (1.1x), Avg.  93.0 us, Total. 186.0 us (0.0%)
[Performance] InitializeOnLoad EditMode                                                                                      :        2 samples, Peak.   507 us (1.2x), Avg.   425 us, Total. 850.7 us (0.0%)
[Performance] InitializeOnLoad CloudBuild                                                                                    :        2 samples, Peak.  10.5 us (1.6x), Avg.  6.65 us, Total. 13.30 us (0.0%)
[Performance] InitializeOnLoad PrefabInstanceChangedListener                                                                 :        2 samples, Peak.   228 us (1.4x), Avg.   167 us, Total. 334.7 us (0.0%)
[Performance] InitializeOnLoad MixerEffectDefinitionReloader                                                                 :        2 samples, Peak.  2.10 ms (1.0x), Avg.  2.07 ms, Total. 4.142 ms (0.1%)
[Performance] InitializeOnLoad DrivenRectTransformUndo                                                                       :        2 samples, Peak.   528 us (1.5x), Avg.   344 us, Total. 688.0 us (0.0%)
[Performance] InitializeOnLoad ProjectSearch                                                                                 :        2 samples, Peak.   642 us (1.8x), Avg.   347 us, Total. 693.9 us (0.0%)
[Performance] InitializeOnLoad WindowLayout                                                                                  :        2 samples, Peak.   756 us (1.3x), Avg.   584 us, Total. 1.168 ms (0.0%)
[Performance] InitializeOnLoad ShortcutIntegration                                                                           :        2 samples, Peak.  52.0 us (1.0x), Avg.  50.9 us, Total. 101.9 us (0.0%)
[Performance] InitializeOnLoad MenuItems                                                                                     :        2 samples, Peak.  72.8 us (1.0x), Avg.  70.5 us, Total. 141.1 us (0.0%)
[Performance] InitializeOnLoad ManagedDebuggerWindow                                                                         :        2 samples, Peak.   137 us (1.1x), Avg.   121 us, Total. 242.0 us (0.0%)
[Performance] InitializeOnLoad AssetStoreContext                                                                             :        2 samples, Peak.  22.7 ms (1.0x), Avg.  22.2 ms, Total. 44.33 ms (0.7%)
[Performance] InitializeOnLoad NativeFormatImporterUtility                                                                   :        2 samples, Peak.  1.98 ms (1.0x), Avg.  1.93 ms, Total. 3.870 ms (0.1%)
[Performance] InitializeOnLoad SceneSearch                                                                                   :        2 samples, Peak.  66.4 us (1.2x), Avg.  55.3 us, Total. 110.6 us (0.0%)
[Performance] InitializeOnLoad EditorMonitor                                                                                 :        2 samples, Peak.   604 us (1.2x), Avg.   486 us, Total. 972.8 us (0.0%)
[Performance] InitializeOnLoad RetainedMode                                                                                  :        2 samples, Peak.  2.16 ms (1.1x), Avg.  1.96 ms, Total. 3.919 ms (0.1%)
[Performance] InitializeOnLoad EditorShaderLoader                                                                            :        2 samples, Peak.   963 us (1.3x), Avg.   753 us, Total. 1.507 ms (0.0%)
[Performance] InitializeOnLoad EditorDelegateRegistration                                                                    :        2 samples, Peak.   762 us (1.4x), Avg.   540 us, Total. 1.080 ms (0.0%)
[Performance] InitializeOnLoad UIDocumentHierarchyWatcher                                                                    :        2 samples, Peak.  72.1 us (1.0x), Avg.  68.7 us, Total. 137.5 us (0.0%)
[Performance] InitializeOnLoad LiveReloadTrackerCreator                                                                      :        2 samples, Peak.   201 us (1.3x), Avg.   152 us, Total. 304.4 us (0.0%)
[Performance] InitializeOnLoad UxmlObjectEditorFactories                                                                     :        2 samples, Peak.   465 us (1.2x), Avg.   404 us, Total. 807.1 us (0.0%)
[Performance] InitializeOnLoad UXMLEditorFactories                                                                           :        2 samples, Peak.  69.2 ms (1.2x), Avg.  58.7 ms, Total. 117.4 ms (1.8%)
[Performance] InitializeOnLoad CloudBuildPoller                                                                              :        2 samples, Peak.   241 us (1.0x), Avg.   238 us, Total. 476.2 us (0.0%)
[Performance] InitializeOnLoad AdsService                                                                                    :        2 samples, Peak.  1.58 ms (1.1x), Avg.  1.43 ms, Total. 2.854 ms (0.0%)
[Performance] InitializeOnLoad EditorGameServicesAnalytics                                                                   :        2 samples, Peak.  2.56 ms (1.5x), Avg.  1.73 ms, Total. 3.465 ms (0.1%)
[Performance] InitializeOnLoad UDPService                                                                                    :        2 samples, Peak.   188 us (1.2x), Avg.   155 us, Total. 310.7 us (0.0%)
[Performance] InitializeOnLoad BuildService                                                                                  :        2 samples, Peak.   131 us (1.1x), Avg.   119 us, Total. 238.7 us (0.0%)
[Performance] InitializeOnLoad ServicesRepository                                                                            :        2 samples, Peak.   500 ns (1.3x), Avg.   400 ns, Total. 800.0 ns (0.0%)
[Performance] InitializeOnLoad PurchasingService                                                                             :        2 samples, Peak.  5.50 ms (1.1x), Avg.  4.91 ms, Total. 9.829 ms (0.1%)
[Performance] InitializeOnLoad AnalyticsService                                                                              :        2 samples, Peak.   146 us (1.0x), Avg.   140 us, Total. 279.3 us (0.0%)
[Performance] InitializeOnLoad CrashService                                                                                  :        2 samples, Peak.   195 us (1.3x), Avg.   154 us, Total. 307.3 us (0.0%)
[Performance] InitializeOnLoad SearchWindow                                                                                  :        2 samples, Peak.   116 us (1.1x), Avg.   110 us, Total. 219.6 us (0.0%)
[Performance] InitializeOnLoad CustomIndexers                                                                                :        2 samples, Peak.  15.9 ms (1.1x), Avg.  14.2 ms, Total. 28.37 ms (0.4%)
[Performance] InitializeOnLoad SearchMonitor                                                                                 :        2 samples, Peak.   866 us (1.1x), Avg.   762 us, Total. 1.524 ms (0.0%)
[Performance] InitializeOnLoad ParameterControllerEditor                                                                     :        2 samples, Peak.  18.7 us (1.1x), Avg.  17.4 us, Total. 34.90 us (0.0%)
[Performance] InitializeOnLoad LayerSettingsWindow                                                                           :        2 samples, Peak.  28.9 us (1.8x), Avg.  16.2 us, Total. 32.50 us (0.0%)
[Performance] InitializeOnLoad PackageManagerHookGUIDConverter.RegisterPackagesEventHandler                                  :        2 samples, Peak.   660 us (1.7x), Avg.   388 us, Total. 775.3 us (0.0%)
[Performance] InitializeOnLoad EditorDragAndDrop.RegisterEditorClient                                                        :        2 samples, Peak.   209 us (1.2x), Avg.   181 us, Total. 362.4 us (0.0%)
[Performance] InitializeOnLoad EditorEventCallbacks.InitializeFontAssetResourceChangeCallBacks                               :        2 samples, Peak.  1.01 ms (1.0x), Avg.   984 us, Total. 1.968 ms (0.0%)
[Performance] InitializeOnLoad SceneTemplateService.Init                                                                     :        2 samples, Peak.  1.21 ms (1.1x), Avg.  1.08 ms, Total. 2.167 ms (0.0%)
[Performance] InitializeOnLoad DiagnosticSwitchesConsoleMessage.Init                                                         :        2 samples, Peak.  5.64 ms (1.5x), Avg.  3.66 ms, Total. 7.321 ms (0.1%)
[Performance] InitializeOnLoad SysrootManager.Initialize                                                                     :        2 samples, Peak.   470 us (1.0x), Avg.   457 us, Total. 914.9 us (0.0%)
[Performance] InitializeOnLoad AssetPostprocessingInternal.RefreshCustomDependencies                                         :        2 samples, Peak.  2.58 ms (1.4x), Avg.  1.82 ms, Total. 3.637 ms (0.1%)
[Performance] InitializeOnLoad SceneViewMotion.RegisterShortcutContexts                                                      :        2 samples, Peak.   134 us (1.1x), Avg.   126 us, Total. 251.5 us (0.0%)
[Performance] InitializeOnLoad ScopedRegistryAddedPopup.SubscribeToRegistriesAdded                                           :        2 samples, Peak.  27.0 ms (1.6x), Avg.  16.6 ms, Total. 33.23 ms (0.5%)
[Performance] InitializeOnLoad PackageManagerWindow.EditorInitializedInSafeMode                                              :        2 samples, Peak.   187 us (1.2x), Avg.   151 us, Total. 302.8 us (0.0%)
[Performance] InitializeOnLoad SceneVisibilityManager.Initialize                                                             :        2 samples, Peak.  4.83 ms (1.8x), Avg.  2.75 ms, Total. 5.500 ms (0.1%)
[Performance] InitializeOnLoad RectSelection.RegisterShortcutContext                                                         :        2 samples, Peak.   151 us (1.0x), Avg.   150 us, Total. 299.4 us (0.0%)
[Performance] InitializeOnLoad EditorWindow.Initialize                                                                       :        2 samples, Peak.   201 us (1.1x), Avg.   186 us, Total. 371.3 us (0.0%)
[Performance] InitializeOnLoad MemoryProfilerCompilationGuard.InjectCompileGuard                                             :        2 samples, Peak.   160 us (1.1x), Avg.   150 us, Total. 300.8 us (0.0%)
[Performance] InitializeOnLoad ToolShortcutContext.Init                                                                      :        2 samples, Peak.   102 us (1.0x), Avg.   101 us, Total. 201.9 us (0.0%)
[Performance] AssemblyReloadEvents.afterAssemblyReload: UnityEditor.SceneTemplate.SceneTemplateService.AfterAssemblyReload   :        2 samples, Peak.  4.27 ms (1.9x), Avg.  2.27 ms, Total. 4.538 ms (0.1%)
[Performance] ProcessService.EditorAfterLoadAllAssemblies                                                                    :        2 samples, Peak.   291 us (1.1x), Avg.   255 us, Total. 510.4 us (0.0%)
[Performance] Application.ReadLicenseInfo                                                                                    :        1 samples, Peak.  13.8 ms (1.0x), Avg.  13.8 ms, Total. 13.84 ms (0.2%)
[Performance] Application.InitialRefresh                                                                                     :        1 samples, Peak.  3.27 s (1.0x), Avg.  3.27 s, Total. 3.266 s (48.8%)
[Performance] ShaderImporter.SourceAssetModified                                                                             :        2 samples, Peak.  1.50 us (1.4x), Avg.  1.10 us, Total. 2.200 us (0.0%)
[Performance] ShaderIncludeImporter.SourceAssetModified                                                                      :        2 samples, Peak.   700 ns (1.1x), Avg.   650 ns, Total. 1.300 us (0.0%)
[Performance] Compiling Scripts                                                                                              :        1 samples, Peak.  1.76 s (1.0x), Avg.  1.76 s, Total. 1.761 s (26.3%)
[Performance] AssemblyReloadEvents.beforeAssemblyReload: UnityEditor.SceneTemplate.SceneTemplateService.BeforeAssemblyReload :        1 samples, Peak.   471 us (1.0x), Avg.   471 us, Total. 470.8 us (0.0%)
[Performance] PresetManagerPostProcessor.OnPreprocessAsset                                                                   :        1 samples, Peak.   931 us (1.0x), Avg.   931 us, Total. 930.7 us (0.0%)
[Performance] CancelSplashScreenOnAssetChange.OnPreprocessAsset                                                              :        1 samples, Peak.   113 us (1.0x), Avg.   113 us, Total. 113.4 us (0.0%)
[Performance] DidReloadScriptsAdvancedDropdownWindow.OnScriptReload                                                          :        1 samples, Peak.   180 us (1.0x), Avg.   180 us, Total. 179.6 us (0.0%)
[Performance] AssetDatabase.ImportAssets                                                                                     :        3 samples, Peak.   700 ns (1.9x), Avg.   367 ns, Total. 1.100 us (0.0%)
[Performance] VersionControl.Task.Wait                                                                                       :        1 samples, Peak.  14.0 us (1.0x), Avg.  14.0 us, Total. 14.00 us (0.0%)
[Performance] BuilderAssetPostprocessor.OnPostprocessAllAssets                                                               :        2 samples, Peak.  2.17 ms (1.0x), Avg.  2.11 ms, Total. 4.227 ms (0.1%)
[Performance] ArtifactBrowserPostProcessor.OnPostprocessAllAssets                                                            :        2 samples, Peak.   401 us (1.0x), Avg.   400 us, Total. 799.8 us (0.0%)
[Performance] AssetEvents.OnPostprocessAllAssets                                                                             :        4 samples, Peak.   161 us (1.5x), Avg.   105 us, Total. 421.2 us (0.0%)
[Performance] AudioMixerPostprocessor.OnPostprocessAllAssets                                                                 :        2 samples, Peak.   275 us (1.0x), Avg.   274 us, Total. 547.5 us (0.0%)
[Performance] StyleCatalogPostProcessor.OnPostprocessAllAssets                                                               :        2 samples, Peak.  22.1 ms (1.0x), Avg.  22.1 ms, Total. 44.14 ms (0.7%)
[Performance] BuildCatalog                                                                                                   :        1 samples, Peak.  21.1 ms (1.0x), Avg.  21.1 ms, Total. 21.07 ms (0.3%)
[Performance] ModelImporterPostProcessor.OnPostprocessAllAssets                                                              :        2 samples, Peak.   951 us (1.0x), Avg.   949 us, Total. 1.898 ms (0.0%)
[Performance] RetainedModeAssetPostprocessor.OnPostprocessAllAssets                                                          :        2 samples, Peak.  3.28 ms (1.0x), Avg.  3.28 ms, Total. 6.561 ms (0.1%)
[Performance] AssetChangedListener.OnPostprocessAllAssets                                                                    :        2 samples, Peak.  2.05 ms (1.0x), Avg.  2.05 ms, Total. 4.100 ms (0.1%)
[Performance] SpeedTreePostProcessor.OnPostprocessAllAssets                                                                  :        2 samples, Peak.   173 us (1.0x), Avg.   172 us, Total. 343.6 us (0.0%)
[Performance] TextAssetPostProcessor.OnPostprocessAllAssets                                                                  :        2 samples, Peak.   424 us (1.0x), Avg.   423 us, Total. 845.8 us (0.0%)
[Performance] SyncVS.PostprocessSyncProject                                                                                  :        1 samples, Peak.  1.32 ms (1.0x), Avg.  1.32 ms, Total. 1.315 ms (0.0%)
[Performance] Application.ImportPackagesAndSetTemplateWhenCreatingProject                                                    :        1 samples, Peak.  10.8 ms (1.0x), Avg.  10.8 ms, Total. 10.83 ms (0.2%)
[Performance] Application.SyncCurrentColorSpace                                                                              :        1 samples, Peak.   129 ms (1.0x), Avg.   129 ms, Total. 128.5 ms (1.9%)
[Performance] Application.OnUsbDevicesChanged                                                                                :        1 samples, Peak.  15.6 ms (1.0x), Avg.  15.6 ms, Total. 15.58 ms (0.2%)
[Performance] Application.AssetInstanceCacheUpdate                                                                           :        1 samples, Peak.   300 ns (1.0x), Avg.   300 ns, Total. 300.0 ns (0.0%)
[Performance] Application.UnityExtensions.Initialize                                                                         :        1 samples, Peak.   891 us (1.0x), Avg.   891 us, Total. 890.6 us (0.0%)
[Performance] CodeEditorProjectSync.SyncEditorProject                                                                        :        1 samples, Peak.  87.2 us (1.0x), Avg.  87.2 us, Total. 87.20 us (0.0%)
[Performance] Application.ExecuteStartups                                                                                    :        1 samples, Peak.  54.5 ms (1.0x), Avg.  54.5 ms, Total. 54.50 ms (0.8%)
[Performance] Menu.RegisterMenuInterface                                                                                     :       26 samples, Peak.   700 ns (4.2x), Avg.   165 ns, Total. 4.300 us (0.0%)
[Performance] Gizmo.RebuildRenderers                                                                                         :        1 samples, Peak.  52.8 ms (1.0x), Avg.  52.8 ms, Total. 52.77 ms (0.8%)
[Performance] Gizmo.AddGizmoRenderers                                                                                        :       86 samples, Peak.  1.76 ms (60.3x), Avg.  29.2 us, Total. 2.514 ms (0.0%)
[Performance] Application.editorInitializingProject                                                                          :        1 samples, Peak.   178 ms (1.0x), Avg.   178 ms, Total. 177.6 ms (2.7%)
[Performance] Application.InitializeMenu                                                                                     :        1 samples, Peak.  56.2 ms (1.0x), Avg.  56.2 ms, Total. 56.23 ms (0.8%)
[Performance] Menu.RebuildAll                                                                                                :        1 samples, Peak.  56.2 ms (1.0x), Avg.  56.2 ms, Total. 56.19 ms (0.8%)
[Performance] Menu.BuildRegisteredMenuInterfaces                                                                             :        1 samples, Peak.  53.2 ms (1.0x), Avg.  53.2 ms, Total. 53.18 ms (0.8%)
[Performance] Menu.FilterMenuItem                                                                                            :      799 samples, Peak.  10.3 ms (781.5x), Avg.  13.2 us, Total. 10.51 ms (0.2%)
[Performance] UpdateAllMenus                                                                                                 :        1 samples, Peak.   413 us (1.0x), Avg.   413 us, Total. 413.2 us (0.0%)
[Performance] Menu.RebuildOSMainMenu                                                                                         :        2 samples, Peak.  4.54 ms (1.3x), Avg.  3.47 ms, Total. 6.933 ms (0.1%)
[Performance] EditorSceneManager.sceneClosing: UnityEditor.SceneVisibilityManager.EditorSceneManagerOnSceneClosing           :        1 samples, Peak.   218 us (1.0x), Avg.   218 us, Total. 218.1 us (0.0%)
[Performance] GUIView.RepaintAll.PlayerLoopController                                                                        :        1 samples, Peak.  1.10 us (1.0x), Avg.  1.10 us, Total. 1.100 us (0.0%)
[Performance] EditorSceneManager.newSceneCreated: UnityEditor.SceneTemplate.SceneTemplateService.OnNewSceneCreated           :        1 samples, Peak.   415 us (1.0x), Avg.   415 us, Total. 415.0 us (0.0%)
[Performance] EditorSceneManager.newSceneCreated: UnityEditor.SceneVisibilityManager.EditorSceneManagerOnNewSceneCreated     :        1 samples, Peak.   270 us (1.0x), Avg.   270 us, Total. 270.3 us (0.0%)
[Performance] EditorSceneManager.newSceneCreated: UnityEditor.SceneManagement.StageNavigationManager.OnNewSceneCreated       :        1 samples, Peak.  53.1 us (1.0x), Avg.  53.1 us, Total. 53.10 us (0.0%)
[Performance] Application.InvokeFinishedLoadingProject                                                                       :        1 samples, Peak.  9.93 ms (1.0x), Avg.  9.93 ms, Total. 9.931 ms (0.1%)
[Performance] ProcessService.OnProjectLoaded                                                                                 :        1 samples, Peak.  43.2 us (1.0x), Avg.  43.2 us, Total. 43.20 us (0.0%)
[Performance] EditorApplication.quitting: callback in UnityEditor.TextCore.Text.EditorEventCallbacks                         :        1 samples, Peak.   141 ms (1.0x), Avg.   141 ms, Total. 140.9 ms (2.1%)
[Performance] Application.Shutdown.PauseProfilerSession                                                                      :        1 samples, Peak.  33.4 us (1.0x), Avg.  33.4 us, Total. 33.40 us (0.0%)
[Performance] Application.Shutdown.PauseAssetImportWorkers                                                                   :        1 samples, Peak.   353 us (1.0x), Avg.   353 us, Total. 352.7 us (0.0%)
[Performance] Application.Shutdown.SaveAssets                                                                                :        1 samples, Peak.  15.1 ms (1.0x), Avg.  15.1 ms, Total. 15.09 ms (0.2%)
[Performance] BuilderAssetModificationProcessor.OnWillSaveAssets                                                             :        1 samples, Peak.   620 us (1.0x), Avg.   620 us, Total. 619.6 us (0.0%)
[Performance] TerrainModificationProcessor.OnWillSaveAssets                                                                  :        1 samples, Peak.   948 us (1.0x), Avg.   948 us, Total. 948.2 us (0.0%)
[Performance] Application.Shutdown.CleanupRenderPipeline                                                                     :        1 samples, Peak.  6.10 us (1.0x), Avg.  6.10 us, Total. 6.100 us (0.0%)
[Performance] Application.Shutdown.StopPreloadManager                                                                        :        1 samples, Peak.  9.85 ms (1.0x), Avg.  9.85 ms, Total. 9.850 ms (0.1%)
[Performance] Application.Shutdown.DestroyWorld                                                                              :        1 samples, Peak.   372 us (1.0x), Avg.   372 us, Total. 371.8 us (0.0%)
[Performance] Application.Shutdown.CleanupAfterLoad                                                                          :        1 samples, Peak.  2.27 ms (1.0x), Avg.  2.27 ms, Total. 2.272 ms (0.0%)
[Performance] Application.Shutdown.Progress                                                                                  :        1 samples, Peak.  5.60 us (1.0x), Avg.  5.60 us, Total. 5.600 us (0.0%)
[Performance] Application.Shutdown.GICleanupManagers                                                                         :        1 samples, Peak.   601 us (1.0x), Avg.   601 us, Total. 600.6 us (0.0%)
[Performance] Application.Shutdown.MenuCleanupClass                                                                          :        1 samples, Peak.   259 us (1.0x), Avg.   259 us, Total. 259.2 us (0.0%)
[Performance] Application.Shutdown.ADBSaveStateBeforeShutdown                                                                :        1 samples, Peak.  7.90 us (1.0x), Avg.  7.90 us, Total. 7.900 us (0.0%)
[Performance] Application.Shutdown.RemoteShutdown                                                                            :        1 samples, Peak.  1.50 us (1.0x), Avg.  1.50 us, Total. 1.500 us (0.0%)
[Performance] Application.Shutdown.CleanupVCProvider                                                                         :        1 samples, Peak.  19.5 us (1.0x), Avg.  19.5 us, Total. 19.50 us (0.0%)
[Performance] Application.Shutdown.InputShutdown                                                                             :        1 samples, Peak.  3.40 us (1.0x), Avg.  3.40 us, Total. 3.400 us (0.0%)
[Performance] Application.Shutdown.GizmoManagerDestroy                                                                       :        1 samples, Peak.   694 us (1.0x), Avg.   694 us, Total. 694.5 us (0.0%)
[Performance] Application.Shutdown.ProfilerSession                                                                           :        1 samples, Peak.   176 us (1.0x), Avg.   176 us, Total. 175.6 us (0.0%)
[Performance] Application.Shutdown.ReleaseGfxWindowOnAllGUIViews                                                             :        1 samples, Peak. 100.0 ns (1.0x), Avg. 100.0 ns, Total. 100.00 ns (0.0%)
[Performance] Application.Shutdown.CleanupEngine                                                                             :        1 samples, Peak.  90.6 ms (1.0x), Avg.  90.6 ms, Total. 90.60 ms (1.4%)
[Performance] Application.Shutdown.CleanupAssetDatabase                                                                      :        1 samples, Peak.  33.6 ms (1.0x), Avg.  33.6 ms, Total. 33.57 ms (0.5%)
[Performance] Application.Shutdown.ScriptCompilationCleanUp                                                                  :        1 samples, Peak.  25.1 ms (1.0x), Avg.  25.1 ms, Total. 25.06 ms (0.4%)
[Performance] Application.Shutdown.DestroyJobSystem                                                                          :        1 samples, Peak.  91.4 us (1.0x), Avg.  91.4 us, Total. 91.40 us (0.0%)
[Performance] Application.Shutdown.CleanupPersistentManager                                                                  :        1 samples, Peak.  1.08 ms (1.0x), Avg.  1.08 ms, Total. 1.083 ms (0.0%)
[Performance] Application.Shutdown.CleanupAsyncReadManager                                                                   :        1 samples, Peak.   358 us (1.0x), Avg.   358 us, Total. 358.1 us (0.0%)
[Performance] Application.Shutdown.CleanupProgressBar                                                                        :        1 samples, Peak.   400 ns (1.0x), Avg.   400 ns, Total. 400.0 ns (0.0%)
[Performance] Application.Shutdown.CleanupMono                                                                               :        1 samples, Peak.  52.3 ms (1.0x), Avg.  52.3 ms, Total. 52.31 ms (0.8%)
[Performance] Application.Shutdown.CleanupStdConverters                                                                      :        1 samples, Peak.  7.70 us (1.0x), Avg.  7.70 us, Total. 7.700 us (0.0%)
[Performance] Application.Shutdown.UnloadAllPlatformSupportModuleNativeDlls                                                  :        1 samples, Peak.   800 ns (1.0x), Avg.   800 ns, Total. 800.0 ns (0.0%)
[Performance] Application.Shutdown.UnloadAllPlatformSupportNativeLibraries                                                   :        1 samples, Peak.   100 ns (1.0x), Avg.   100 ns, Total. 100.0 ns (0.0%)
[Performance] Application.Shutdown.CleanupAutoDocumentation                                                                  :        1 samples, Peak.   378 us (1.0x), Avg.   378 us, Total. 378.0 us (0.0%)
[Performance] Application.Shutdown.ShaderNameManagerDestroy                                                                  :        1 samples, Peak.  79.0 us (1.0x), Avg.  79.0 us, Total. 79.00 us (0.0%)
[Performance] Application.Shutdown.CleanupCacheServer                                                                        :        1 samples, Peak.   300 ns (1.0x), Avg.   300 ns, Total. 300.0 ns (0.0%)
[Performance] Application.Shutdown.Virtualization_Shutdown                                                                   :        1 samples, Peak.   500 ns (1.0x), Avg.   500 ns, Total. 500.0 ns (0.0%)
[Performance] Application.Shutdown.DevConnections                                                                            :        1 samples, Peak.   418 us (1.0x), Avg.   418 us, Total. 417.5 us (0.0%)
Exiting batchmode successfully now!
Exiting without the bug reporter. Application will terminate with return code 0