[Licensing::Module] Trying to connect to existing licensing client channel...
[Licensing::IpcConnector] Successfully connected to the License Client on channel: "LicenseClient-Administrator" at "2026-06-17T11:41:08.0280871Z"
[Licensing::Client] Error: Code 10 while verifying Licensing Client signature (process Id: 14928, path: "C:/Program Files/Unity Hub/UnityLicensingClient_V1/Unity.Licensing.Client.exe")
[Licensing::Module] Error: LicensingClient has failed validation; ignoring
[Licensing::Client] Handshaking with LicensingClient:
  Version:                 1.17.4+4293ba1
  Session Id:              1326dc620a5545428e3b02aea588f0aa
  Correlation Id:          c81ce796be8951068e18f311a099b584
  External correlation Id: 8466621949985334615
  Machine Id:              8nkKhQ8OF44VWDCkfDaQZfwuh1c=
[Licensing::Module] Successfully connected to LicensingClient on channel: "LicenseClient-Administrator" (connect: 0.00s, validation: 0.01s, handshake: 0.04s)
[Licensing::IpcConnector] Successfully connected to the License Notification on channel: "LicenseClient-Administrator-notifications" at "2026-06-17T11:41:08.0773635Z"
[Licensing::Module] Error: Access token is unavailable; failed to update
[Licensing::Client] Successfully updated license
Built from '2022.3/staging' branch; Version is '2022.3.38f1 (c5d5a7410213) revision 12965287'; Using compiler version '192829333'; Build Type 'Release'
OS: 'Windows 11  (10.0.26200) 64bit Professional' Language: 'de' Physical Memory: 65462 MB
[Licensing::Client] Successfully resolved entitlements
[Licensing::Module] Serial number assigned to: "9071372509566-UnityPersXXXX"
BatchMode: 1, IsHumanControllingUs: 0, StartBugReporterOnCrash: 0, Is64bit: 1, IsPro: 0

COMMAND LINE ARGUMENTS:
C:\Program Files\Unity\Hub\Editor\2022.3.38f1\Editor\Unity.exe
-batchmode
-quit
-projectPath
C:\Users\Administrator\Downloads\neueBapbap\GameCode\ExportedProject
-logFile
C:\Users\Administrator\Downloads\CustomServer\logs\mapmaker-alllayer-compile.log
Successfully changed project path to: C:\Users\Administrator\Downloads\neueBapbap\GameCode\ExportedProject
C:/Users/Administrator/Downloads/neueBapbap/GameCode/ExportedProject
[UnityMemory] Configuration Parameters - Can be set up in boot.config
    "memorysetup-bucket-allocator-granularity=16"
    "memorysetup-bucket-allocator-bucket-count=8"
    "memorysetup-bucket-allocator-block-size=33554432"
    "memorysetup-bucket-allocator-block-count=8"
    "memorysetup-main-allocator-block-size=16777216"
    "memorysetup-thread-allocator-block-size=16777216"
    "memorysetup-gfx-main-allocator-block-size=16777216"
    "memorysetup-gfx-thread-allocator-block-size=16777216"
    "memorysetup-cache-allocator-block-size=4194304"
    "memorysetup-typetree-allocator-block-size=2097152"
    "memorysetup-profiler-bucket-allocator-granularity=16"
    "memorysetup-profiler-bucket-allocator-bucket-count=8"
    "memorysetup-profiler-bucket-allocator-block-size=33554432"
    "memorysetup-profiler-bucket-allocator-block-count=8"
    "memorysetup-profiler-allocator-block-size=16777216"
    "memorysetup-profiler-editor-allocator-block-size=1048576"
    "memorysetup-temp-allocator-size-main=16777216"
    "memorysetup-job-temp-allocator-block-size=2097152"
    "memorysetup-job-temp-allocator-block-size-background=1048576"
    "memorysetup-job-temp-allocator-reduction-small-platforms=262144"
    "memorysetup-allocator-temp-initial-block-size-main=262144"
    "memorysetup-allocator-temp-initial-block-size-worker=262144"
    "memorysetup-temp-allocator-size-background-worker=32768"
    "memorysetup-temp-allocator-size-job-worker=262144"
    "memorysetup-temp-allocator-size-preload-manager=33554432"
    "memorysetup-temp-allocator-size-nav-mesh-worker=65536"
    "memorysetup-temp-allocator-size-audio-worker=65536"
    "memorysetup-temp-allocator-size-cloud-worker=32768"
    "memorysetup-temp-allocator-size-gi-baking-worker=262144"
    "memorysetup-temp-allocator-size-gfx=262144"
Player connection [89684]  Target information:

Player connection [89684]  * "[IP] 192.168.2.158 [Port] 55504 [Flags] 2 [Guid] 686051047 [EditorId] 686051047 [Version] 1048832 [Id] WindowsEditor(7,Vincent) [Debug] 1 [PackageName] WindowsEditor [ProjectName] Editor" 

Player connection [89684]  * "[IP] 172.20.32.1 [Port] 55504 [Flags] 2 [Guid] 686051047 [EditorId] 686051047 [Version] 1048832 [Id] WindowsEditor(7,Vincent) [Debug] 1 [PackageName] WindowsEditor [ProjectName] Editor" 

Player connection [89684]  * "[IP] 172.29.128.1 [Port] 55504 [Flags] 2 [Guid] 686051047 [EditorId] 686051047 [Version] 1048832 [Id] WindowsEditor(7,Vincent) [Debug] 1 [PackageName] WindowsEditor [ProjectName] Editor" 

Player connection [89684]  * "[IP] 169.254.83.107 [Port] 55504 [Flags] 2 [Guid] 686051047 [EditorId] 686051047 [Version] 1048832 [Id] WindowsEditor(7,Vincent) [Debug] 1 [PackageName] WindowsEditor [ProjectName] Editor" 

Player connection [89684]  * "[IP] 10.5.0.2 [Port] 55504 [Flags] 2 [Guid] 686051047 [EditorId] 686051047 [Version] 1048832 [Id] WindowsEditor(7,Vincent) [Debug] 1 [PackageName] WindowsEditor [ProjectName] Editor" 

Player connection [89684] Host joined multi-casting on [225.0.0.222:54997]...
Player connection [89684] Host joined alternative multi-casting on [225.0.0.222:34997]...
[PhysX] Initialized MultithreadedTaskDispatcher with 16 workers.
[Package Manager] UpmClient::Connect -- Connected to IPC stream "Upm-56256" after 0.4 seconds.
[Licensing::Client] Successfully resolved entitlements
[Package Manager] Restoring resolved packages state from cache
[Licensing::Client] Successfully resolved entitlement details
[Package Manager] Registered 32 packages:
  Built-in packages:
    com.unity.modules.ai@1.0.0 (location: C:\Users\Administrator\Downloads\neueBapbap\GameCode\ExportedProject\Library\PackageCache\com.unity.modules.ai@1.0.0)
    com.unity.modules.androidjni@1.0.0 (location: C:\Users\Administrator\Downloads\neueBapbap\GameCode\ExportedProject\Library\PackageCache\com.unity.modules.androidjni@1.0.0)
    com.unity.modules.animation@1.0.0 (location: C:\Users\Administrator\Downloads\neueBapbap\GameCode\ExportedProject\Library\PackageCache\com.unity.modules.animation@1.0.0)
    com.unity.modules.assetbundle@1.0.0 (location: C:\Users\Administrator\Downloads\neueBapbap\GameCode\ExportedProject\Library\PackageCache\com.unity.modules.assetbundle@1.0.0)
    com.unity.modules.audio@1.0.0 (location: C:\Users\Administrator\Downloads\neueBapbap\GameCode\ExportedProject\Library\PackageCache\com.unity.modules.audio@1.0.0)
    com.unity.modules.cloth@1.0.0 (location: C:\Users\Administrator\Downloads\neueBapbap\GameCode\ExportedProject\Library\PackageCache\com.unity.modules.cloth@1.0.0)
    com.unity.modules.director@1.0.0 (location: C:\Users\Administrator\Downloads\neueBapbap\GameCode\ExportedProject\Library\PackageCache\com.unity.modules.director@1.0.0)
    com.unity.modules.imageconversion@1.0.0 (location: C:\Users\Administrator\Downloads\neueBapbap\GameCode\ExportedProject\Library\PackageCache\com.unity.modules.imageconversion@1.0.0)
    com.unity.modules.imgui@1.0.0 (location: C:\Users\Administrator\Downloads\neueBapbap\GameCode\ExportedProject\Library\PackageCache\com.unity.modules.imgui@1.0.0)
    com.unity.modules.jsonserialize@1.0.0 (location: C:\Users\Administrator\Downloads\neueBapbap\GameCode\ExportedProject\Library\PackageCache\com.unity.modules.jsonserialize@1.0.0)
    com.unity.modules.particlesystem@1.0.0 (location: C:\Users\Administrator\Downloads\neueBapbap\GameCode\ExportedProject\Library\PackageCache\com.unity.modules.particlesystem@1.0.0)
    com.unity.modules.physics@1.0.0 (location: C:\Users\Administrator\Downloads\neueBapbap\GameCode\ExportedProject\Library\PackageCache\com.unity.modules.physics@1.0.0)
    com.unity.modules.physics2d@1.0.0 (location: C:\Users\Administrator\Downloads\neueBapbap\GameCode\ExportedProject\Library\PackageCache\com.unity.modules.physics2d@1.0.0)
    com.unity.modules.screencapture@1.0.0 (location: C:\Users\Administrator\Downloads\neueBapbap\GameCode\ExportedProject\Library\PackageCache\com.unity.modules.screencapture@1.0.0)
    com.unity.modules.terrain@1.0.0 (location: C:\Users\Administrator\Downloads\neueBapbap\GameCode\ExportedProject\Library\PackageCache\com.unity.modules.terrain@1.0.0)
    com.unity.modules.terrainphysics@1.0.0 (location: C:\Users\Administrator\Downloads\neueBapbap\GameCode\ExportedProject\Library\PackageCache\com.unity.modules.terrainphysics@1.0.0)
    com.unity.modules.tilemap@1.0.0 (location: C:\Users\Administrator\Downloads\neueBapbap\GameCode\ExportedProject\Library\PackageCache\com.unity.modules.tilemap@1.0.0)
    com.unity.modules.ui@1.0.0 (location: C:\Users\Administrator\Downloads\neueBapbap\GameCode\ExportedProject\Library\PackageCache\com.unity.modules.ui@1.0.0)
    com.unity.modules.uielements@1.0.0 (location: C:\Users\Administrator\Downloads\neueBapbap\GameCode\ExportedProject\Library\PackageCache\com.unity.modules.uielements@1.0.0)
    com.unity.modules.umbra@1.0.0 (location: C:\Users\Administrator\Downloads\neueBapbap\GameCode\ExportedProject\Library\PackageCache\com.unity.modules.umbra@1.0.0)
    com.unity.modules.unityanalytics@1.0.0 (location: C:\Users\Administrator\Downloads\neueBapbap\GameCode\ExportedProject\Library\PackageCache\com.unity.modules.unityanalytics@1.0.0)
    com.unity.modules.unitywebrequest@1.0.0 (location: C:\Users\Administrator\Downloads\neueBapbap\GameCode\ExportedProject\Library\PackageCache\com.unity.modules.unitywebrequest@1.0.0)
    com.unity.modules.unitywebrequestassetbundle@1.0.0 (location: C:\Users\Administrator\Downloads\neueBapbap\GameCode\ExportedProject\Library\PackageCache\com.unity.modules.unitywebrequestassetbundle@1.0.0)
    com.unity.modules.unitywebrequestaudio@1.0.0 (location: C:\Users\Administrator\Downloads\neueBapbap\GameCode\ExportedProject\Library\PackageCache\com.unity.modules.unitywebrequestaudio@1.0.0)
    com.unity.modules.unitywebrequesttexture@1.0.0 (location: C:\Users\Administrator\Downloads\neueBapbap\GameCode\ExportedProject\Library\PackageCache\com.unity.modules.unitywebrequesttexture@1.0.0)
    com.unity.modules.unitywebrequestwww@1.0.0 (location: C:\Users\Administrator\Downloads\neueBapbap\GameCode\ExportedProject\Library\PackageCache\com.unity.modules.unitywebrequestwww@1.0.0)
    com.unity.modules.vehicles@1.0.0 (location: C:\Users\Administrator\Downloads\neueBapbap\GameCode\ExportedProject\Library\PackageCache\com.unity.modules.vehicles@1.0.0)
    com.unity.modules.video@1.0.0 (location: C:\Users\Administrator\Downloads\neueBapbap\GameCode\ExportedProject\Library\PackageCache\com.unity.modules.video@1.0.0)
    com.unity.modules.vr@1.0.0 (location: C:\Users\Administrator\Downloads\neueBapbap\GameCode\ExportedProject\Library\PackageCache\com.unity.modules.vr@1.0.0)
    com.unity.modules.wind@1.0.0 (location: C:\Users\Administrator\Downloads\neueBapbap\GameCode\ExportedProject\Library\PackageCache\com.unity.modules.wind@1.0.0)
    com.unity.modules.xr@1.0.0 (location: C:\Users\Administrator\Downloads\neueBapbap\GameCode\ExportedProject\Library\PackageCache\com.unity.modules.xr@1.0.0)
    com.unity.modules.subsystems@1.0.0 (location: C:\Users\Administrator\Downloads\neueBapbap\GameCode\ExportedProject\Library\PackageCache\com.unity.modules.subsystems@1.0.0)
[Subsystems] No new subsystems found in resolved package list.
Package Manager log level set to [2]
[Package Manager] Done registering packages in 0.10 seconds
Refreshing native plugins compatible for Editor in 48.65 ms, found 0 plugins.
Preloading 0 native plugins for Editor in 0.00 ms.
Initialize engine version: 2022.3.38f1 (c5d5a7410213)
[Subsystems] Discovering subsystems at path C:/Program Files/Unity/Hub/Editor/2022.3.38f1/Editor/Data/Resources/UnitySubsystems
[Subsystems] Discovering subsystems at path C:/Users/Administrator/Downloads/neueBapbap/GameCode/ExportedProject/Assets
GfxDevice: creating device client; threaded=0; jobified=0
Direct3D:
    Version:  Direct3D 11.0 [level 11.1]
    Renderer: NVIDIA GeForce RTX 3060 Ti (ID=0x2486)
    Vendor:   NVIDIA
    VRAM:     8024 MB
    Driver:   32.0.15.9621
[Licensing::Client] Successfully resolved entitlements
Initialize mono
Mono path[0] = 'C:/Program Files/Unity/Hub/Editor/2022.3.38f1/Editor/Data/Managed'
Mono path[1] = 'C:/Program Files/Unity/Hub/Editor/2022.3.38f1/Editor/Data/MonoBleedingEdge/lib/mono/unityjit-win32'
Mono config path = 'C:/Program Files/Unity/Hub/Editor/2022.3.38f1/Editor/Data/MonoBleedingEdge/etc'
Using monoOptions --debugger-agent=transport=dt_socket,embedding=1,server=y,suspend=n,address=127.0.0.1:56256
Using cacheserver namespaces - metadata:defaultmetadata, artifacts:defaultartifacts
Using cacheserver namespaces - metadata:defaultmetadata, artifacts:defaultartifacts
ImportWorker Server TCP listen port: 0
Begin MonoManager ReloadAssembly
Registering precompiled unity dll's ...
Register platform support module: C:/Program Files/Unity/Hub/Editor/2022.3.38f1/Editor/Data/PlaybackEngines/WindowsStandaloneSupport/UnityEditor.WindowsStandalone.Extensions.dll
Registered in 0.008014 seconds.
- Loaded All Assemblies, in  0.292 seconds
Native extension for WindowsStandalone target not found
Mono: successfully reloaded assembly
- Finished resetting the current domain, in  0.224 seconds
Domain Reload Profiling: 514ms
	BeginReloadAssembly (87ms)
		ExecutionOrderSort (0ms)
		DisableScriptedObjects (0ms)
		BackupInstance (0ms)
		ReleaseScriptingObjects (0ms)
		CreateAndSetChildDomain (1ms)
	RebuildCommonClasses (27ms)
	RebuildNativeTypeToScriptingClass (7ms)
	initialDomainReloadingComplete (53ms)
	LoadAllAssembliesAndSetupDomain (115ms)
		LoadAssemblies (85ms)
		RebuildTransferFunctionScriptingTraits (0ms)
		AnalyzeDomain (113ms)
			TypeCache.Refresh (111ms)
				TypeCache.ScanAssembly (101ms)
			ScanForSourceGeneratedMonoScriptInfo (0ms)
			ResolveRequiredComponents (1ms)
	FinalizeReload (225ms)
		ReleaseScriptCaches (0ms)
		RebuildScriptCaches (0ms)
		SetupLoadedEditorAssemblies (176ms)
			LogAssemblyErrors (0ms)
			InitializePlatformSupportModulesInManaged (9ms)
			SetLoadedEditorAssemblies (6ms)
			RefreshPlugins (0ms)
			BeforeProcessingInitializeOnLoad (2ms)
			ProcessInitializeOnLoadAttributes (117ms)
			ProcessInitializeOnLoadMethodAttributes (42ms)
			AfterProcessingInitializeOnLoad (0ms)
			EditorAssembliesLoaded (0ms)
		ExecutionOrderSort2 (0ms)
		AwakeInstancesAfterBackupRestoration (0ms)
[Licensing::Client] Successfully resolved entitlements
Application.AssetDatabase Initial Refresh Start
[ScriptCompilation] Requested script compilation because: Assetdatabase observed changes in script compilation related files
info: Microsoft.Hosting.Lifetime[14]
      Now listening on: http://localhost:80
info: Microsoft.Hosting.Lifetime[0]
      Application started. Press Ctrl+C to shut down.
info: Microsoft.Hosting.Lifetime[0]
      Hosting environment: Production
info: Microsoft.Hosting.Lifetime[0]
      Content root path: C:\Users\Administrator\Downloads\neueBapbap\GameCode\ExportedProject\
info: Microsoft.AspNetCore.Hosting.Diagnostics[1]
      Request starting HTTP/2 POST http://ilpp/UnityILPP.PostProcessing/Ping application/grpc -
info: Microsoft.AspNetCore.Routing.EndpointMiddleware[0]
      Executing endpoint 'gRPC - /UnityILPP.PostProcessing/Ping'
info: Microsoft.AspNetCore.Routing.EndpointMiddleware[1]
      Executed endpoint 'gRPC - /UnityILPP.PostProcessing/Ping'
info: Microsoft.AspNetCore.Hosting.Diagnostics[2]
      Request finished HTTP/2 POST http://ilpp/UnityILPP.PostProcessing/Ping application/grpc - - 200 - application/grpc 35.8607ms
Starting: C:\Program Files\Unity\Hub\Editor\2022.3.38f1\Editor\Data\bee_backend.exe --dont-print-to-structured-log --ipc --defer-dag-verification --dagfile="Library/Bee/1900b0aE.dag" --continue-on-failure --profile="Library/Bee/backend1.traceevents" ScriptAssemblies
WorkingDir: C:/Users/Administrator/Downloads/neueBapbap/GameCode/ExportedProject
DisplayProgressbar: Compiling Scripts
ExitCode: 0 Duration: 1s433ms
[124/127    1s] Csc Library/Bee/artifacts/1900b0aE.dag/Assembly-CSharp-Editor.dll (+2 others)
[125/127    0s] CopyFiles Library/ScriptAssemblies/Assembly-CSharp-Editor.pdb
[126/127    0s] CopyFiles Library/ScriptAssemblies/Assembly-CSharp-Editor.dll
*** Tundra build success (1.40 seconds), 3 items updated, 127 evaluated
AssetDatabase: script compilation time: 1.901500s
Begin MonoManager ReloadAssembly
Total cache size 101450380
Total cache size after purge 101450380
- Loaded All Assemblies, in  0.945 seconds
Refreshing native plugins compatible for Editor in 18.44 ms, found 0 plugins.
Preloading 0 native plugins for Editor in 0.00 ms.
Start importing Assets/Editor/MapMakerWindow.cs using Guid(7237937864326fe4a940ac8e0c40c523) Importer(-1,00000000000000000000000000000000) [PhysX] Initialized MultithreadedTaskDispatcher with 16 workers.
 -> (artifact id: '20abca1b52dcf02c79fe8afe9f25bff3') in 0.021542 seconds
Refreshing native plugins compatible for Editor in 19.09 ms, found 0 plugins.
Native extension for WindowsStandalone target not found
Mono: successfully reloaded assembly
- Finished resetting the current domain, in  0.365 seconds
Domain Reload Profiling: 1306ms
	BeginReloadAssembly (177ms)
		ExecutionOrderSort (0ms)
		DisableScriptedObjects (7ms)
		BackupInstance (0ms)
		ReleaseScriptingObjects (0ms)
		CreateAndSetChildDomain (31ms)
	RebuildCommonClasses (38ms)
	RebuildNativeTypeToScriptingClass (12ms)
	initialDomainReloadingComplete (59ms)
	LoadAllAssembliesAndSetupDomain (654ms)
		LoadAssemblies (595ms)
		RebuildTransferFunctionScriptingTraits (0ms)
		AnalyzeDomain (153ms)
			TypeCache.Refresh (134ms)
				TypeCache.ScanAssembly (118ms)
			ScanForSourceGeneratedMonoScriptInfo (10ms)
			ResolveRequiredComponents (8ms)
	FinalizeReload (366ms)
		ReleaseScriptCaches (0ms)
		RebuildScriptCaches (0ms)
		SetupLoadedEditorAssemblies (230ms)
			LogAssemblyErrors (0ms)
			InitializePlatformSupportModulesInManaged (8ms)
			SetLoadedEditorAssemblies (4ms)
			RefreshPlugins (0ms)
			BeforeProcessingInitializeOnLoad (33ms)
			ProcessInitializeOnLoadAttributes (158ms)
			ProcessInitializeOnLoadMethodAttributes (17ms)
			AfterProcessingInitializeOnLoad (10ms)
			EditorAssembliesLoaded (0ms)
		ExecutionOrderSort2 (0ms)
		AwakeInstancesAfterBackupRestoration (8ms)
Refreshing native plugins compatible for Editor in 14.46 ms, found 0 plugins.
Preloading 0 native plugins for Editor in 0.00 ms.
Asset Pipeline Refresh (id=2c2eee45c82678d4385453be9fcec63f): Total: 3.866 seconds - Initiated by InitialRefreshV2(ForceSynchronousImport)
	Summary:
		Imports: total=1 (actual=1, local cache=0, cache server=0)
		Asset DB Process Time: managed=3 ms, native=523 ms
		Asset DB Callback time: managed=48 ms, native=20 ms
		Scripting: domain reloads=1, domain reload time=1358 ms, compile time=1902 ms, other=8 ms
		Project Asset Count: scripts=204, non-scripts=12335
		Asset File Changes: new=0, changed=1, moved=0, deleted=0
		Scan Filter Count: 0
	InvokeBeforeRefreshCallbacks: 1.127ms
	ApplyChangesToAssetFolders: 0.038ms
	Scan: 72.267ms
	OnSourceAssetsModified: 3.111ms
	GetAllGuidsForCategorization: 1.777ms
	CategorizeAssets: 183.609ms
	ImportOutOfDateAssets: 422.987ms (-1510.871ms without children)
		ImportManagerImport: 28.028ms (5.981ms without children)
			ImportInProcess: 22.041ms
			UpdateCategorizedAssets: 0.006ms
		CompileScripts: 1901.631ms
		ReloadNativeAssets: 0.006ms
		UnloadImportedAssets: 0.637ms
		ReloadImportedAssets: 0.001ms
		EnsureUptoDateAssetsAreRegisteredWithGuidPM: 2.555ms
		InitializingProgressBar: 0.006ms
		PostProcessAllAssetNotificationsAddChangedAssets: 0.001ms
		OnDemandSchedulerStart: 0.993ms
	PostProcessAllAssets: 50.143ms
	Hotreload: 15.352ms
	GatherAllCurrentPrimaryArtifactRevisions: 0.003ms
	UnloadStreamsBegin: 0.355ms
	PersistCurrentRevisions: 0.486ms
	UnloadStreamsEnd: 0.008ms
	GenerateScriptTypeHashes: 2.837ms
	Untracked: 3114.523ms
Application.AssetDatabase Initial Refresh End
Launched and connected shader compiler UnityShaderCompiler.exe after 0.05 seconds
Scanning for USB devices : 14.623ms
Initializing Unity extensions:
[Licensing::Client] Successfully resolved entitlements
[MODES] ModeService[none].Initialize
[MODES] ModeService[none].LoadModes
[MODES] Loading mode Default (0) for mode-current-id-BAPBAP
[PhysX] Initialized MultithreadedTaskDispatcher with 16 workers.
ProgressiveSceneManager::Cancel()
Unloading 333 Unused Serialized files (Serialized files now loaded: 0)
Unloading 410 unused Assets / (12.5 MB). Loaded Objects now: 1019.
Memory consumption went from 210.2 MB to 197.7 MB.
Total: 9.885000 ms (FindLiveObjects: 0.129700 ms CreateObjectMapping: 0.045400 ms MarkObjects: 3.765500 ms  DeleteObjects: 5.943600 ms)

Batchmode quit successfully invoked - shutting down!
Curl error 42: Callback aborted
[PhysX] Initialized MultithreadedTaskDispatcher with 16 workers.
[Licensing::IpcConnector] License Notification channel disconnected successfully.
[Licensing::IpcConnector] License Client channel disconnected successfully.
Cleanup mono
abort_threads: Failed aborting id: 000000000000B630, mono_thread_manage will ignore it

abort_threads: Failed aborting id: 000000000000FF80, mono_thread_manage will ignore it

abort_threads: Failed aborting id: 000000000000B630, mono_thread_manage will ignore it

abort_threads: Failed aborting id: 000000000000FF80, mono_thread_manage will ignore it

debugger-agent: Unable to listen on 5428
[Performance] WinEditorMain                                                                                                  :        1 samples, Peak.   545 ms (1.0x), Avg.   545 ms, Total. 545.3 ms (7.4%)
[Performance] WinEditorMain.ConfigureCrashHandler                                                                            :        1 samples, Peak.  20.6 us (1.0x), Avg.  20.6 us, Total. 20.60 us (0.0%)
[Performance] WinEditorMain.CurlRequestInitialize                                                                            :        1 samples, Peak.   501 us (1.0x), Avg.   501 us, Total. 500.8 us (0.0%)
[Performance] WinEditorMain.SetupLogFile                                                                                     :        1 samples, Peak.   578 us (1.0x), Avg.   578 us, Total. 578.3 us (0.0%)
[Performance] WinEditorMain.RunNativeTestsIfRequiredAndExit                                                                  :        1 samples, Peak.   100 ns (1.0x), Avg.   100 ns, Total. 100.0 ns (0.0%)
[Performance] WinEditorMain.Licensing                                                                                        :        1 samples, Peak.   529 ms (1.0x), Avg.   529 ms, Total. 529.3 ms (7.2%)
[Performance] WinEditorMain.InitializeCrashHandler                                                                           :        1 samples, Peak.  12.2 ms (1.0x), Avg.  12.2 ms, Total. 12.20 ms (0.2%)
[Performance] WinEditorMain.CreateApplication                                                                                :        1 samples, Peak.   179 us (1.0x), Avg.   179 us, Total. 179.2 us (0.0%)
[Performance] Application.InitializeProject                                                                                  :        1 samples, Peak.  6.23 s (1.0x), Avg.  6.23 s, Total. 6.234 s (85.1%)
[Performance] Application.PackageManager.StartServer                                                                         :        1 samples, Peak.  4.50 ms (1.0x), Avg.  4.50 ms, Total. 4.504 ms (0.1%)
[Performance] Application.AcquireProjectLock                                                                                 :        1 samples, Peak.  6.40 ms (1.0x), Avg.  6.40 ms, Total. 6.396 ms (0.1%)
[Performance] Application.InitializeEngineNoGraphics                                                                         :        1 samples, Peak.  51.5 ms (1.0x), Avg.  51.5 ms, Total. 51.53 ms (0.7%)
[Performance] Application.PackageManager.Initialize                                                                          :        1 samples, Peak.   400 ms (1.0x), Avg.   400 ms, Total. 400.3 ms (5.5%)
[Performance] Connecting to Package Manager                                                                                  :       41 samples, Peak.   109 us (22.9x), Avg.  4.77 us, Total. 195.6 us (0.0%)
[Performance] Application.EngineGraphics.Initialize                                                                          :        1 samples, Peak.   255 ms (1.0x), Avg.   255 ms, Total. 255.3 ms (3.5%)
[Performance] Application.GI.Initialize                                                                                      :        1 samples, Peak.  3.41 ms (1.0x), Avg.  3.41 ms, Total. 3.412 ms (0.0%)
[Performance] Application.LoadAllDefaultResourcesFromEditor                                                                  :        1 samples, Peak.  2.08 ms (1.0x), Avg.  2.08 ms, Total. 2.081 ms (0.0%)
[Performance] Application.LoadMonoAssemblies                                                                                 :        1 samples, Peak.   530 ms (1.0x), Avg.   530 ms, Total. 529.6 ms (7.2%)
[Performance] RestoreManagedReferences                                                                                       :        2 samples, Peak.  48.6 ms (2.0x), Avg.  24.3 ms, Total. 48.60 ms (0.7%)
[Performance] InitializeOnLoad ObjectSelectorSearch                                                                          :        2 samples, Peak.   539 us (1.3x), Avg.   402 us, Total. 804.5 us (0.0%)
[Performance] InitializeOnLoad CacheServerWindow                                                                             :        2 samples, Peak.  41.3 us (1.6x), Avg.  25.9 us, Total. 51.80 us (0.0%)
[Performance] InitializeOnLoad SettingsService                                                                               :        2 samples, Peak.  19.1 us (1.6x), Avg.  12.2 us, Total. 24.40 us (0.0%)
[Performance] InitializeOnLoad PlayModeDownload                                                                              :        2 samples, Peak.  3.12 ms (1.5x), Avg.  2.14 ms, Total. 4.288 ms (0.1%)
[Performance] InitializeOnLoad UnityConnect                                                                                  :        2 samples, Peak.  51.7 us (1.0x), Avg.  50.6 us, Total. 101.2 us (0.0%)
[Performance] InitializeOnLoad UISystemProfilerRenderService                                                                 :        2 samples, Peak.  10.1 us (1.2x), Avg.  8.25 us, Total. 16.50 us (0.0%)
[Performance] InitializeOnLoad ManagedDebugger                                                                               :        2 samples, Peak.   571 us (1.1x), Avg.   517 us, Total. 1.033 ms (0.0%)
[Performance] InitializeOnLoad SearchService                                                                                 :        2 samples, Peak.   112 us (1.1x), Avg.  99.9 us, Total. 199.8 us (0.0%)
[Performance] InitializeOnLoad AddComponentWindow                                                                            :        2 samples, Peak.   106 us (1.1x), Avg.  92.5 us, Total. 185.0 us (0.0%)
[Performance] InitializeOnLoad EditMode                                                                                      :        2 samples, Peak.   709 us (1.3x), Avg.   525 us, Total. 1.051 ms (0.0%)
[Performance] InitializeOnLoad CloudBuild                                                                                    :        2 samples, Peak.  5.90 us (1.3x), Avg.  4.40 us, Total. 8.800 us (0.0%)
[Performance] InitializeOnLoad PrefabInstanceChangedListener                                                                 :        2 samples, Peak.   141 us (1.1x), Avg.   124 us, Total. 247.8 us (0.0%)
[Performance] InitializeOnLoad MixerEffectDefinitionReloader                                                                 :        2 samples, Peak.  1.97 ms (1.1x), Avg.  1.80 ms, Total. 3.591 ms (0.0%)
[Performance] InitializeOnLoad DrivenRectTransformUndo                                                                       :        2 samples, Peak.   207 us (1.1x), Avg.   195 us, Total. 389.2 us (0.0%)
[Performance] InitializeOnLoad ProjectSearch                                                                                 :        2 samples, Peak.   271 us (1.6x), Avg.   167 us, Total. 333.7 us (0.0%)
[Performance] InitializeOnLoad WindowLayout                                                                                  :        2 samples, Peak.   440 us (1.0x), Avg.   436 us, Total. 871.0 us (0.0%)
[Performance] InitializeOnLoad ShortcutIntegration                                                                           :        2 samples, Peak.  70.0 us (1.1x), Avg.  66.0 us, Total. 132.0 us (0.0%)
[Performance] InitializeOnLoad MenuItems                                                                                     :        2 samples, Peak.  85.8 us (1.1x), Avg.  77.4 us, Total. 154.9 us (0.0%)
[Performance] InitializeOnLoad ManagedDebuggerWindow                                                                         :        2 samples, Peak.   127 us (1.1x), Avg.   116 us, Total. 232.3 us (0.0%)
[Performance] InitializeOnLoad AssetStoreContext                                                                             :        2 samples, Peak.  26.6 ms (1.1x), Avg.  24.4 ms, Total. 48.80 ms (0.7%)
[Performance] InitializeOnLoad NativeFormatImporterUtility                                                                   :        2 samples, Peak.  2.18 ms (1.1x), Avg.  2.04 ms, Total. 4.078 ms (0.1%)
[Performance] InitializeOnLoad SceneSearch                                                                                   :        2 samples, Peak.  73.5 us (1.2x), Avg.  59.6 us, Total. 119.3 us (0.0%)
[Performance] InitializeOnLoad EditorMonitor                                                                                 :        2 samples, Peak.   733 us (1.3x), Avg.   545 us, Total. 1.090 ms (0.0%)
[Performance] InitializeOnLoad RetainedMode                                                                                  :        2 samples, Peak.  2.49 ms (1.2x), Avg.  2.12 ms, Total. 4.247 ms (0.1%)
[Performance] InitializeOnLoad EditorShaderLoader                                                                            :        2 samples, Peak.   853 us (1.1x), Avg.   788 us, Total. 1.576 ms (0.0%)
[Performance] InitializeOnLoad EditorDelegateRegistration                                                                    :        2 samples, Peak.   527 us (1.2x), Avg.   440 us, Total. 880.7 us (0.0%)
[Performance] InitializeOnLoad UIDocumentHierarchyWatcher                                                                    :        2 samples, Peak.  83.4 us (1.1x), Avg.  78.1 us, Total. 156.2 us (0.0%)
[Performance] InitializeOnLoad LiveReloadTrackerCreator                                                                      :        2 samples, Peak.   250 us (1.4x), Avg.   179 us, Total. 358.3 us (0.0%)
[Performance] InitializeOnLoad UxmlObjectEditorFactories                                                                     :        2 samples, Peak.   628 us (1.3x), Avg.   479 us, Total. 957.9 us (0.0%)
[Performance] InitializeOnLoad UXMLEditorFactories                                                                           :        2 samples, Peak.  86.4 ms (1.3x), Avg.  67.8 ms, Total. 135.5 ms (1.8%)
[Performance] InitializeOnLoad CloudBuildPoller                                                                              :        2 samples, Peak.   383 us (1.3x), Avg.   295 us, Total. 590.6 us (0.0%)
[Performance] InitializeOnLoad AdsService                                                                                    :        2 samples, Peak.  1.63 ms (1.1x), Avg.  1.50 ms, Total. 3.010 ms (0.0%)
[Performance] InitializeOnLoad EditorGameServicesAnalytics                                                                   :        2 samples, Peak.  2.91 ms (1.5x), Avg.  2.00 ms, Total. 4.005 ms (0.1%)
[Performance] InitializeOnLoad UDPService                                                                                    :        2 samples, Peak.   267 us (1.3x), Avg.   211 us, Total. 422.0 us (0.0%)
[Performance] InitializeOnLoad BuildService                                                                                  :        2 samples, Peak.   309 us (1.4x), Avg.   225 us, Total. 450.5 us (0.0%)
[Performance] InitializeOnLoad ServicesRepository                                                                            :        2 samples, Peak.   500 ns (1.1x), Avg.   450 ns, Total. 900.0 ns (0.0%)
[Performance] InitializeOnLoad PurchasingService                                                                             :        2 samples, Peak.  5.81 ms (1.1x), Avg.  5.09 ms, Total. 10.18 ms (0.1%)
[Performance] InitializeOnLoad AnalyticsService                                                                              :        2 samples, Peak.   159 us (1.1x), Avg.   139 us, Total. 277.1 us (0.0%)
[Performance] InitializeOnLoad CrashService                                                                                  :        2 samples, Peak.   181 us (1.1x), Avg.   162 us, Total. 323.0 us (0.0%)
[Performance] InitializeOnLoad SearchWindow                                                                                  :        2 samples, Peak.   142 us (1.2x), Avg.   114 us, Total. 228.6 us (0.0%)
[Performance] InitializeOnLoad CustomIndexers                                                                                :        2 samples, Peak.  16.4 ms (1.0x), Avg.  15.7 ms, Total. 31.50 ms (0.4%)
[Performance] InitializeOnLoad SearchMonitor                                                                                 :        2 samples, Peak.  1.04 ms (1.0x), Avg.  1.03 ms, Total. 2.062 ms (0.0%)
[Performance] InitializeOnLoad ParameterControllerEditor                                                                     :        2 samples, Peak.  27.9 us (1.2x), Avg.  24.0 us, Total. 48.10 us (0.0%)
[Performance] InitializeOnLoad LayerSettingsWindow                                                                           :        2 samples, Peak.  25.1 us (1.7x), Avg.  15.0 us, Total. 30.00 us (0.0%)
[Performance] InitializeOnLoad PackageManagerHookGUIDConverter.RegisterPackagesEventHandler                                  :        2 samples, Peak.  1.05 ms (1.8x), Avg.   595 us, Total. 1.190 ms (0.0%)
[Performance] InitializeOnLoad EditorDragAndDrop.RegisterEditorClient                                                        :        2 samples, Peak.   239 us (1.0x), Avg.   232 us, Total. 463.3 us (0.0%)
[Performance] InitializeOnLoad EditorEventCallbacks.InitializeFontAssetResourceChangeCallBacks                               :        2 samples, Peak.  1.47 ms (1.0x), Avg.  1.43 ms, Total. 2.868 ms (0.0%)
[Performance] InitializeOnLoad SceneTemplateService.Init                                                                     :        2 samples, Peak.  1.72 ms (1.1x), Avg.  1.57 ms, Total. 3.148 ms (0.0%)
[Performance] InitializeOnLoad DiagnosticSwitchesConsoleMessage.Init                                                         :        2 samples, Peak.  7.04 ms (1.7x), Avg.  4.06 ms, Total. 8.128 ms (0.1%)
[Performance] InitializeOnLoad SysrootManager.Initialize                                                                     :        2 samples, Peak.   528 us (1.0x), Avg.   511 us, Total. 1.022 ms (0.0%)
[Performance] InitializeOnLoad AssetPostprocessingInternal.RefreshCustomDependencies                                         :        2 samples, Peak.  2.10 ms (1.2x), Avg.  1.77 ms, Total. 3.539 ms (0.0%)
[Performance] InitializeOnLoad SceneViewMotion.RegisterShortcutContexts                                                      :        2 samples, Peak.   145 us (1.1x), Avg.   127 us, Total. 254.9 us (0.0%)
[Performance] InitializeOnLoad ScopedRegistryAddedPopup.SubscribeToRegistriesAdded                                           :        2 samples, Peak.  21.2 ms (1.5x), Avg.  14.5 ms, Total. 28.95 ms (0.4%)
[Performance] InitializeOnLoad PackageManagerWindow.EditorInitializedInSafeMode                                              :        2 samples, Peak.   159 us (1.0x), Avg.   155 us, Total. 309.3 us (0.0%)
[Performance] InitializeOnLoad SceneVisibilityManager.Initialize                                                             :        2 samples, Peak.  4.12 ms (1.7x), Avg.  2.50 ms, Total. 4.996 ms (0.1%)
[Performance] InitializeOnLoad RectSelection.RegisterShortcutContext                                                         :        2 samples, Peak.   210 us (1.1x), Avg.   185 us, Total. 369.9 us (0.0%)
[Performance] InitializeOnLoad EditorWindow.Initialize                                                                       :        2 samples, Peak.   209 us (1.2x), Avg.   181 us, Total. 362.4 us (0.0%)
[Performance] InitializeOnLoad MemoryProfilerCompilationGuard.InjectCompileGuard                                             :        2 samples, Peak.   148 us (1.1x), Avg.   134 us, Total. 268.2 us (0.0%)
[Performance] InitializeOnLoad ToolShortcutContext.Init                                                                      :        2 samples, Peak.   114 us (1.1x), Avg.   102 us, Total. 204.6 us (0.0%)
[Performance] AssemblyReloadEvents.afterAssemblyReload: UnityEditor.SceneTemplate.SceneTemplateService.AfterAssemblyReload   :        2 samples, Peak.  5.93 ms (1.9x), Avg.  3.09 ms, Total. 6.176 ms (0.1%)
[Performance] ProcessService.EditorAfterLoadAllAssemblies                                                                    :        2 samples, Peak.   373 us (1.3x), Avg.   285 us, Total. 570.2 us (0.0%)
[Performance] Application.ReadLicenseInfo                                                                                    :        1 samples, Peak.  14.0 ms (1.0x), Avg.  14.0 ms, Total. 14.04 ms (0.2%)
[Performance] Application.InitialRefresh                                                                                     :        1 samples, Peak.  3.87 s (1.0x), Avg.  3.87 s, Total. 3.866 s (52.7%)
[Performance] ShaderImporter.SourceAssetModified                                                                             :        2 samples, Peak.  1.10 us (1.4x), Avg.   800 ns, Total. 1.600 us (0.0%)
[Performance] ShaderIncludeImporter.SourceAssetModified                                                                      :        2 samples, Peak.  1.80 us (1.4x), Avg.  1.25 us, Total. 2.500 us (0.0%)
[Performance] Compiling Scripts                                                                                              :        1 samples, Peak.  1.90 s (1.0x), Avg.  1.90 s, Total. 1.902 s (25.9%)
[Performance] AssemblyReloadEvents.beforeAssemblyReload: UnityEditor.SceneTemplate.SceneTemplateService.BeforeAssemblyReload :        1 samples, Peak.   557 us (1.0x), Avg.   557 us, Total. 557.0 us (0.0%)
[Performance] PresetManagerPostProcessor.OnPreprocessAsset                                                                   :        1 samples, Peak.  1.49 ms (1.0x), Avg.  1.49 ms, Total. 1.492 ms (0.0%)
[Performance] CancelSplashScreenOnAssetChange.OnPreprocessAsset                                                              :        1 samples, Peak.   188 us (1.0x), Avg.   188 us, Total. 187.9 us (0.0%)
[Performance] DidReloadScriptsAdvancedDropdownWindow.OnScriptReload                                                          :        1 samples, Peak.   377 us (1.0x), Avg.   377 us, Total. 377.4 us (0.0%)
[Performance] AssetDatabase.ImportAssets                                                                                     :        3 samples, Peak.   900 ns (1.7x), Avg.   533 ns, Total. 1.600 us (0.0%)
[Performance] VersionControl.Task.Wait                                                                                       :        1 samples, Peak.  19.9 us (1.0x), Avg.  19.9 us, Total. 19.90 us (0.0%)
[Performance] BuilderAssetPostprocessor.OnPostprocessAllAssets                                                               :        2 samples, Peak.  2.98 ms (1.0x), Avg.  2.91 ms, Total. 5.814 ms (0.1%)
[Performance] ArtifactBrowserPostProcessor.OnPostprocessAllAssets                                                            :        2 samples, Peak.   514 us (1.0x), Avg.   512 us, Total. 1.025 ms (0.0%)
[Performance] AssetEvents.OnPostprocessAllAssets                                                                             :        4 samples, Peak.   182 us (1.5x), Avg.   120 us, Total. 481.8 us (0.0%)
[Performance] AudioMixerPostprocessor.OnPostprocessAllAssets                                                                 :        2 samples, Peak.   308 us (1.0x), Avg.   307 us, Total. 613.2 us (0.0%)
[Performance] StyleCatalogPostProcessor.OnPostprocessAllAssets                                                               :        2 samples, Peak.  22.1 ms (1.0x), Avg.  22.1 ms, Total. 44.16 ms (0.6%)
[Performance] BuildCatalog                                                                                                   :        1 samples, Peak.  21.0 ms (1.0x), Avg.  21.0 ms, Total. 20.98 ms (0.3%)
[Performance] ModelImporterPostProcessor.OnPostprocessAllAssets                                                              :        2 samples, Peak.   929 us (1.0x), Avg.   927 us, Total. 1.854 ms (0.0%)
[Performance] RetainedModeAssetPostprocessor.OnPostprocessAllAssets                                                          :        2 samples, Peak.  2.06 ms (1.0x), Avg.  2.06 ms, Total. 4.114 ms (0.1%)
[Performance] AssetChangedListener.OnPostprocessAllAssets                                                                    :        2 samples, Peak.  2.51 ms (1.0x), Avg.  2.51 ms, Total. 5.016 ms (0.1%)
[Performance] SpeedTreePostProcessor.OnPostprocessAllAssets                                                                  :        2 samples, Peak.   167 us (1.0x), Avg.   166 us, Total. 331.0 us (0.0%)
[Performance] TextAssetPostProcessor.OnPostprocessAllAssets                                                                  :        2 samples, Peak.   413 us (1.0x), Avg.   412 us, Total. 823.1 us (0.0%)
[Performance] SyncVS.PostprocessSyncProject                                                                                  :        1 samples, Peak.  1.21 ms (1.0x), Avg.  1.21 ms, Total. 1.207 ms (0.0%)
[Performance] Application.ImportPackagesAndSetTemplateWhenCreatingProject                                                    :        1 samples, Peak.  10.5 ms (1.0x), Avg.  10.5 ms, Total. 10.47 ms (0.1%)
[Performance] Application.SyncCurrentColorSpace                                                                              :        1 samples, Peak.   127 ms (1.0x), Avg.   127 ms, Total. 126.5 ms (1.7%)
[Performance] Application.OnUsbDevicesChanged                                                                                :        1 samples, Peak.  14.7 ms (1.0x), Avg.  14.7 ms, Total. 14.69 ms (0.2%)
[Performance] Application.AssetInstanceCacheUpdate                                                                           :        1 samples, Peak.   500 ns (1.0x), Avg.   500 ns, Total. 500.0 ns (0.0%)
[Performance] Application.UnityExtensions.Initialize                                                                         :        1 samples, Peak.   508 us (1.0x), Avg.   508 us, Total. 508.1 us (0.0%)
[Performance] CodeEditorProjectSync.SyncEditorProject                                                                        :        1 samples, Peak.  93.8 us (1.0x), Avg.  93.8 us, Total. 93.80 us (0.0%)
[Performance] Application.ExecuteStartups                                                                                    :        1 samples, Peak.  60.7 ms (1.0x), Avg.  60.7 ms, Total. 60.72 ms (0.8%)
[Performance] Menu.RegisterMenuInterface                                                                                     :       26 samples, Peak.   800 ns (5.0x), Avg.   162 ns, Total. 4.200 us (0.0%)
[Performance] Gizmo.RebuildRenderers                                                                                         :        1 samples, Peak.  59.0 ms (1.0x), Avg.  59.0 ms, Total. 59.04 ms (0.8%)
[Performance] Gizmo.AddGizmoRenderers                                                                                        :       86 samples, Peak.  2.76 ms (66.6x), Avg.  41.4 us, Total. 3.564 ms (0.0%)
[Performance] Application.editorInitializingProject                                                                          :        1 samples, Peak.   225 ms (1.0x), Avg.   225 ms, Total. 224.7 ms (3.1%)
[Performance] Application.InitializeMenu                                                                                     :        1 samples, Peak.  61.0 ms (1.0x), Avg.  61.0 ms, Total. 61.00 ms (0.8%)
[Performance] Menu.RebuildAll                                                                                                :        1 samples, Peak.  61.0 ms (1.0x), Avg.  61.0 ms, Total. 60.99 ms (0.8%)
[Performance] Menu.BuildRegisteredMenuInterfaces                                                                             :        1 samples, Peak.  56.5 ms (1.0x), Avg.  56.5 ms, Total. 56.50 ms (0.8%)
[Performance] Menu.FilterMenuItem                                                                                            :      799 samples, Peak.  10.1 ms (780.1x), Avg.  12.9 us, Total. 10.34 ms (0.1%)
[Performance] UpdateAllMenus                                                                                                 :        1 samples, Peak.   421 us (1.0x), Avg.   421 us, Total. 421.5 us (0.0%)
[Performance] Menu.RebuildOSMainMenu                                                                                         :        2 samples, Peak.  4.99 ms (1.1x), Avg.  4.43 ms, Total. 8.860 ms (0.1%)
[Performance] EditorSceneManager.sceneClosing: UnityEditor.SceneVisibilityManager.EditorSceneManagerOnSceneClosing           :        1 samples, Peak.   244 us (1.0x), Avg.   244 us, Total. 243.7 us (0.0%)
[Performance] GUIView.RepaintAll.PlayerLoopController                                                                        :        1 samples, Peak.  1.10 us (1.0x), Avg.  1.10 us, Total. 1.100 us (0.0%)
[Performance] EditorSceneManager.newSceneCreated: UnityEditor.SceneTemplate.SceneTemplateService.OnNewSceneCreated           :        1 samples, Peak.   253 us (1.0x), Avg.   253 us, Total. 253.2 us (0.0%)
[Performance] EditorSceneManager.newSceneCreated: UnityEditor.SceneVisibilityManager.EditorSceneManagerOnNewSceneCreated     :        1 samples, Peak.   185 us (1.0x), Avg.   185 us, Total. 185.5 us (0.0%)
[Performance] EditorSceneManager.newSceneCreated: UnityEditor.SceneManagement.StageNavigationManager.OnNewSceneCreated       :        1 samples, Peak.  54.7 us (1.0x), Avg.  54.7 us, Total. 54.70 us (0.0%)
[Performance] Application.InvokeFinishedLoadingProject                                                                       :        1 samples, Peak.  11.2 ms (1.0x), Avg.  11.2 ms, Total. 11.21 ms (0.2%)
[Performance] ProcessService.OnProjectLoaded                                                                                 :        1 samples, Peak.  51.6 us (1.0x), Avg.  51.6 us, Total. 51.60 us (0.0%)
[Performance] EditorApplication.quitting: callback in UnityEditor.TextCore.Text.EditorEventCallbacks                         :        1 samples, Peak.   128 ms (1.0x), Avg.   128 ms, Total. 128.4 ms (1.8%)
[Performance] Application.Shutdown.PauseProfilerSession                                                                      :        1 samples, Peak.  26.9 us (1.0x), Avg.  26.9 us, Total. 26.90 us (0.0%)
[Performance] Application.Shutdown.PauseAssetImportWorkers                                                                   :        1 samples, Peak.   249 us (1.0x), Avg.   249 us, Total. 249.1 us (0.0%)
[Performance] Application.Shutdown.SaveAssets                                                                                :        1 samples, Peak.  12.4 ms (1.0x), Avg.  12.4 ms, Total. 12.38 ms (0.2%)
[Performance] BuilderAssetModificationProcessor.OnWillSaveAssets                                                             :        1 samples, Peak.   318 us (1.0x), Avg.   318 us, Total. 318.4 us (0.0%)
[Performance] TerrainModificationProcessor.OnWillSaveAssets                                                                  :        1 samples, Peak.   521 us (1.0x), Avg.   521 us, Total. 521.1 us (0.0%)
[Performance] Application.Shutdown.CleanupRenderPipeline                                                                     :        1 samples, Peak.  7.80 us (1.0x), Avg.  7.80 us, Total. 7.800 us (0.0%)
[Performance] Application.Shutdown.StopPreloadManager                                                                        :        1 samples, Peak.  9.74 ms (1.0x), Avg.  9.74 ms, Total. 9.742 ms (0.1%)
[Performance] Application.Shutdown.DestroyWorld                                                                              :        1 samples, Peak.   448 us (1.0x), Avg.   448 us, Total. 448.0 us (0.0%)
[Performance] Application.Shutdown.CleanupAfterLoad                                                                          :        1 samples, Peak.  2.39 ms (1.0x), Avg.  2.39 ms, Total. 2.392 ms (0.0%)
[Performance] Application.Shutdown.Progress                                                                                  :        1 samples, Peak.  5.80 us (1.0x), Avg.  5.80 us, Total. 5.800 us (0.0%)
[Performance] Application.Shutdown.GICleanupManagers                                                                         :        1 samples, Peak.   604 us (1.0x), Avg.   604 us, Total. 603.7 us (0.0%)
[Performance] Application.Shutdown.MenuCleanupClass                                                                          :        1 samples, Peak.   240 us (1.0x), Avg.   240 us, Total. 239.6 us (0.0%)
[Performance] Application.Shutdown.ADBSaveStateBeforeShutdown                                                                :        1 samples, Peak.  7.80 us (1.0x), Avg.  7.80 us, Total. 7.800 us (0.0%)
[Performance] Application.Shutdown.RemoteShutdown                                                                            :        1 samples, Peak.   900 ns (1.0x), Avg.   900 ns, Total. 900.0 ns (0.0%)
[Performance] Application.Shutdown.CleanupVCProvider                                                                         :        1 samples, Peak.  11.7 us (1.0x), Avg.  11.7 us, Total. 11.70 us (0.0%)
[Performance] Application.Shutdown.InputShutdown                                                                             :        1 samples, Peak.  4.50 us (1.0x), Avg.  4.50 us, Total. 4.500 us (0.0%)
[Performance] Application.Shutdown.GizmoManagerDestroy                                                                       :        1 samples, Peak.   837 us (1.0x), Avg.   837 us, Total. 837.5 us (0.0%)
[Performance] Application.Shutdown.ProfilerSession                                                                           :        1 samples, Peak.   199 us (1.0x), Avg.   199 us, Total. 199.3 us (0.0%)
[Performance] Application.Shutdown.ReleaseGfxWindowOnAllGUIViews                                                             :        1 samples, Peak.   200 ns (1.0x), Avg.   200 ns, Total. 200.0 ns (0.0%)
[Performance] Application.Shutdown.CleanupEngine                                                                             :        1 samples, Peak.   109 ms (1.0x), Avg.   109 ms, Total. 109.1 ms (1.5%)
[Performance] Application.Shutdown.CleanupAssetDatabase                                                                      :        1 samples, Peak.  37.4 ms (1.0x), Avg.  37.4 ms, Total. 37.36 ms (0.5%)
[Performance] Application.Shutdown.ScriptCompilationCleanUp                                                                  :        1 samples, Peak.  26.9 ms (1.0x), Avg.  26.9 ms, Total. 26.87 ms (0.4%)
[Performance] Application.Shutdown.DestroyJobSystem                                                                          :        1 samples, Peak.   140 us (1.0x), Avg.   140 us, Total. 140.0 us (0.0%)
[Performance] Application.Shutdown.CleanupPersistentManager                                                                  :        1 samples, Peak.  1.45 ms (1.0x), Avg.  1.45 ms, Total. 1.450 ms (0.0%)
[Performance] Application.Shutdown.CleanupAsyncReadManager                                                                   :        1 samples, Peak.   547 us (1.0x), Avg.   547 us, Total. 547.2 us (0.0%)
[Performance] Application.Shutdown.CleanupProgressBar                                                                        :        1 samples, Peak.   900 ns (1.0x), Avg.   900 ns, Total. 900.0 ns (0.0%)
[Performance] Application.Shutdown.CleanupMono                                                                               :        1 samples, Peak.  49.6 ms (1.0x), Avg.  49.6 ms, Total. 49.62 ms (0.7%)
[Performance] Application.Shutdown.CleanupStdConverters                                                                      :        1 samples, Peak.  12.7 us (1.0x), Avg.  12.7 us, Total. 12.70 us (0.0%)
[Performance] Application.Shutdown.UnloadAllPlatformSupportModuleNativeDlls                                                  :        1 samples, Peak.   800 ns (1.0x), Avg.   800 ns, Total. 800.0 ns (0.0%)
[Performance] Application.Shutdown.UnloadAllPlatformSupportNativeLibraries                                                   :        1 samples, Peak.   100 ns (1.0x), Avg.   100 ns, Total. 100.0 ns (0.0%)
[Performance] Application.Shutdown.CleanupAutoDocumentation                                                                  :        1 samples, Peak.   312 us (1.0x), Avg.   312 us, Total. 311.5 us (0.0%)
[Performance] Application.Shutdown.ShaderNameManagerDestroy                                                                  :        1 samples, Peak.  53.0 us (1.0x), Avg.  53.0 us, Total. 53.00 us (0.0%)
[Performance] Application.Shutdown.CleanupCacheServer                                                                        :        1 samples, Peak.   300 ns (1.0x), Avg.   300 ns, Total. 300.0 ns (0.0%)
[Performance] Application.Shutdown.Virtualization_Shutdown                                                                   :        1 samples, Peak.   300 ns (1.0x), Avg.   300 ns, Total. 300.0 ns (0.0%)
[Performance] Application.Shutdown.DevConnections                                                                            :        1 samples, Peak.   323 us (1.0x), Avg.   323 us, Total. 322.5 us (0.0%)
Exiting batchmode successfully now!
Exiting without the bug reporter. Application will terminate with return code 0