[PhysX] Initialized MultithreadedTaskDispatcher with 16 workers.
Initialize engine version: 2022.3.38f1 (c5d5a7410213)
[Subsystems] Discovering subsystems at path C:/Users/Administrator/Downloads/CustomServer/Spiel/Battleroyalebuild/bapbap_Data/UnitySubsystems
GfxDevice: creating device client; threaded=1; jobified=0
Direct3D:
    Version:  Direct3D 11.0 [level 11.1]
    Renderer: NVIDIA GeForce RTX 3060 Ti (ID=0x2486)
    Vendor:   NVIDIA
    VRAM:     3072 MB
    Driver:   32.0.15.9621
<b>[App UI]</b> Unable to find an AppUISettings instance, creating a default one...
UnityEngine.DebugLogHandler:LogFormat(LogType, Object, String, Object[])
UnityEngine.Logger:Log(LogType, Object)
UnityEngine.Debug:LogWarning(Object)
Unity.AppUI.Core.AppUI:InitializeInPlayer()

<RI> Initializing input.
New input system (experimental) initialized
Using Windows.Gaming.Input
<RI> Input initialized.
<RI> Initialized touch support.
-------------------------------------------------------------------------------------------------------
UnityEngine.DebugLogHandler:LogFormat(LogType, Object, String, Object[])
UnityEngine.Logger:Log(LogType, Object)
UnityEngine.Debug:Log(Object)

~   This Game has been MODIFIED using MelonLoader. DO NOT report any issues to the Game Developers!   ~
UnityEngine.DebugLogHandler:LogFormat(LogType, Object, String, Object[])
UnityEngine.Logger:Log(LogType, Object)
UnityEngine.Debug:Log(Object)

-------------------------------------------------------------------------------------------------------
UnityEngine.DebugLogHandler:LogFormat(LogType, Object, String, Object[])
UnityEngine.Logger:Log(LogType, Object)
UnityEngine.Debug:Log(Object)

The referenced script on this Behaviour (Game Object 'Blitz') is missing!
[PhysX] Initialized MultithreadedTaskDispatcher with 16 workers.
UnloadTime: 15.707400 ms
ThreadLog initialized.
UnityEngine.DebugLogHandler:LogFormat(LogType, Object, String, Object[])
UnityEngine.Logger:Log(LogType, Object)
UnityEngine.Debug:Log(Object)
Mirror.ThreadLog:Initialize()

[PREAWAKE] ENV_PRODUCTION
UnityEngine.DebugLogHandler:LogFormat(LogType, Object, String, Object[])
UnityEngine.Logger:Log(LogType, Object)
UnityEngine.Debug:Log(Object)
BAPBAP.Local.PreAwakeManager:Awake()

[PREAWAKE] BACKEND_STRIP
UnityEngine.DebugLogHandler:LogFormat(LogType, Object, String, Object[])
UnityEngine.Logger:Log(LogType, Object)
UnityEngine.Debug:Log(Object)
BAPBAP.Local.PreAwakeManager:Awake()

[PREAWAKE] hostname= VINCENT
UnityEngine.DebugLogHandler:LogFormat(LogType, Object, String, Object[])
UnityEngine.Logger:Log(LogType, Object)
UnityEngine.Debug:Log(Object)
BAPBAP.Local.PreAwakeManager:Awake()

[PREAWAKE] environment= Production
UnityEngine.DebugLogHandler:LogFormat(LogType, Object, String, Object[])
UnityEngine.Logger:Log(LogType, Object)
UnityEngine.Debug:Log(Object)
BAPBAP.Local.PreAwakeManager:Awake()

[PREAWAKE] version = v0.1.1758-38212
UnityEngine.DebugLogHandler:LogFormat(LogType, Object, String, Object[])
UnityEngine.Logger:Log(LogType, Object)
UnityEngine.Debug:Log(Object)
BAPBAP.Local.PreAwakeManager:Awake()

[PREAWAKE] networkConfigEnv = Staging
UnityEngine.DebugLogHandler:LogFormat(LogType, Object, String, Object[])
UnityEngine.Logger:Log(LogType, Object)
UnityEngine.Debug:Log(Object)
BAPBAP.Local.PreAwakeManager:Awake()

[PREAWAKE] networkConfigsServer = ServerConfig { 
MatchmakingHost: , 
ListenPort: 0, 
HeaderSecretKey: , 
HeaderSecret: , 
DebugPassword: , 
DebugSquadPassword: , 
DevGameAuthId: , 
}
UnityEngine.DebugLogHandler:LogFormat(LogType, Object, String, Object[])
UnityEngine.Logger:Log(LogType, Object)
UnityEngine.Debug:Log(Object)
BAPBAP.Local.PreAwakeManager:Awake()

[PREAWAKE] networkConfigsClient = ClientConfig { 
ApiHost: http://127.0.0.1:5055, 
CookieDomain: .bapbap.gg, 
CookieSessionKey: sid, 
}
UnityEngine.DebugLogHandler:LogFormat(LogType, Object, String, Object[])
UnityEngine.Logger:Log(LogType, Object)
UnityEngine.Debug:Log(Object)
BAPBAP.Local.PreAwakeManager:Awake()

[PREAWAKE] logConfigEnv = Staging
UnityEngine.DebugLogHandler:LogFormat(LogType, Object, String, Object[])
UnityEngine.Logger:Log(LogType, Object)
UnityEngine.Debug:Log(Object)
BAPBAP.Local.PreAwakeManager:Awake()

[PREAWAKE] Args start
UnityEngine.DebugLogHandler:LogFormat(LogType, Object, String, Object[])
UnityEngine.Logger:Log(LogType, Object)
UnityEngine.Debug:Log(Object)
BAPBAP.Local.PreAwakeManager:Awake()

C:\Users\Administrator\Downloads\CustomServer\Spiel\Battleroyalebuild\bapbap.exe
UnityEngine.DebugLogHandler:LogFormat(LogType, Object, String, Object[])
UnityEngine.Logger:Log(LogType, Object)
UnityEngine.Debug:Log(Object)
BAPBAP.Local.PreAwakeManager:Awake()

-logFile
UnityEngine.DebugLogHandler:LogFormat(LogType, Object, String, Object[])
UnityEngine.Logger:Log(LogType, Object)
UnityEngine.Debug:Log(Object)
BAPBAP.Local.PreAwakeManager:Awake()

C:\Users\Administrator\Downloads\CustomServer\CustomMatchServer\logs\game-servers\2c-med-guest.log
UnityEngine.DebugLogHandler:LogFormat(LogType, Object, String, Object[])
UnityEngine.Logger:Log(LogType, Object)
UnityEngine.Debug:Log(Object)
BAPBAP.Local.PreAwakeManager:Awake()

--melonloader.agfoffline
UnityEngine.DebugLogHandler:LogFormat(LogType, Object, String, Object[])
UnityEngine.Logger:Log(LogType, Object)
UnityEngine.Debug:Log(Object)
BAPBAP.Local.PreAwakeManager:Awake()

--melonloader.captureplayerlogs
UnityEngine.DebugLogHandler:LogFormat(LogType, Object, String, Object[])
UnityEngine.Logger:Log(LogType, Object)
UnityEngine.Debug:Log(Object)
BAPBAP.Local.PreAwakeManager:Awake()

--bapcustom-use-proxy=false
UnityEngine.DebugLogHandler:LogFormat(LogType, Object, String, Object[])
UnityEngine.Logger:Log(LogType, Object)
UnityEngine.Debug:Log(Object)
BAPBAP.Local.PreAwakeManager:Awake()

--bapcustom-show-ui=false
UnityEngine.DebugLogHandler:LogFormat(LogType, Object, String, Object[])
UnityEngine.Logger:Log(LogType, Object)
UnityEngine.Debug:Log(Object)
BAPBAP.Local.PreAwakeManager:Awake()

--bapcustom-host=127.0.0.1
UnityEngine.DebugLogHandler:LogFormat(LogType, Object, String, Object[])
UnityEngine.Logger:Log(LogType, Object)
UnityEngine.Debug:Log(Object)
BAPBAP.Local.PreAwakeManager:Awake()

--bapcustom-server-port=5161
UnityEngine.DebugLogHandler:LogFormat(LogType, Object, String, Object[])
UnityEngine.Logger:Log(LogType, Object)
UnityEngine.Debug:Log(Object)
BAPBAP.Local.PreAwakeManager:Awake()

--bapcustom-account-id=med-guest
UnityEngine.DebugLogHandler:LogFormat(LogType, Object, String, Object[])
UnityEngine.Logger:Log(LogType, Object)
UnityEngine.Debug:Log(Object)
BAPBAP.Local.PreAwakeManager:Awake()

--bapcustom-username=med-guest
UnityEngine.DebugLogHandler:LogFormat(LogType, Object, String, Object[])
UnityEngine.Logger:Log(LogType, Object)
UnityEngine.Debug:Log(Object)
BAPBAP.Local.PreAwakeManager:Awake()

--bapcustom-join-auth=bbf829a209f0c2f6e3c32a8429b874a3
UnityEngine.DebugLogHandler:LogFormat(LogType, Object, String, Object[])
UnityEngine.Logger:Log(LogType, Object)
UnityEngine.Debug:Log(Object)
BAPBAP.Local.PreAwakeManager:Awake()

--bapcustom-join-host=127.0.0.1
UnityEngine.DebugLogHandler:LogFormat(LogType, Object, String, Object[])
UnityEngine.Logger:Log(LogType, Object)
UnityEngine.Debug:Log(Object)
BAPBAP.Local.PreAwakeManager:Awake()

--bapcustom-join-ws=7777
UnityEngine.DebugLogHandler:LogFormat(LogType, Object, String, Object[])
UnityEngine.Logger:Log(LogType, Object)
UnityEngine.Debug:Log(Object)
BAPBAP.Local.PreAwakeManager:Awake()

--bapcustom-join-kcp=7778
UnityEngine.DebugLogHandler:LogFormat(LogType, Object, String, Object[])
UnityEngine.Logger:Log(LogType, Object)
UnityEngine.Debug:Log(Object)
BAPBAP.Local.PreAwakeManager:Awake()

--bapcustom-join-tcp=7779
UnityEngine.DebugLogHandler:LogFormat(LogType, Object, String, Object[])
UnityEngine.Logger:Log(LogType, Object)
UnityEngine.Debug:Log(Object)
BAPBAP.Local.PreAwakeManager:Awake()

[PREAWAKE] Args end | http=-1 ws=-1 kcp=-1 tcp=-1
UnityEngine.DebugLogHandler:LogFormat(LogType, Object, String, Object[])
UnityEngine.Logger:Log(LogType, Object)
UnityEngine.Debug:Log(Object)
BAPBAP.Local.PreAwakeManager:Awake()

[LocalSavedData] InitializeSystemResolutions - nativeSystemResolution: 3440 x 1440 @ 99.998Hz
[LocalSavedData] InitializeSystemResolutions - res: UnityEngine.Resolution[], length: 68
Found supported resolution: (3440, 1440)
STEAM: Steam unavailable
Recursive Serialization is not supported. You can't dereference a PPtr while loading. (Constructors of C# classes may not load objects either. See stacktrace.)
UnityEngine.ResourcesAPI:Load(String, Type)
UnityEngine.Resources:Load(String, Type)
GameAnalyticsSDK.GameAnalytics:InitAPI()
GameAnalyticsSDK.GameAnalytics:get_SettingsGA()
UnityEngine.Application:CallLogCallback(String, String, LogType, Boolean)

[ line 11001988]

Recursive Serialization is not supported. You can't dereference a PPtr while loading. (Constructors of C# classes may not load objects either. See stacktrace.)
UnityEngine.ResourcesAPI:Load(String, Type)
UnityEngine.Resources:Load(String, Type)
GameAnalyticsSDK.State.GAState:Init()
GameAnalyticsSDK.GameAnalytics:InitAPI()
GameAnalyticsSDK.GameAnalytics:get_SettingsGA()
UnityEngine.Application:CallLogCallback(String, String, LogType, Boolean)

[ line 11001940]

The referenced script on this Behaviour (Game Object '') is missing!
Recursive Serialization is not supported. You can't dereference a PPtr while loading. (Constructors of C# classes may not load objects either. See stacktrace.)
UnityEngine.ResourcesAPI:Load(String, Type)
UnityEngine.Resources:Load(String, Type)
GameAnalyticsSDK.GameAnalytics:InitAPI()
GameAnalyticsSDK.GameAnalytics:get_SettingsGA()
UnityEngine.Application:CallLogCallback(String, String, LogType, Boolean)

[ line 11001988]

Recursive Serialization is not supported. You can't dereference a PPtr while loading. (Constructors of C# classes may not load objects either. See stacktrace.)
UnityEngine.ResourcesAPI:Load(String, Type)
UnityEngine.Resources:Load(String, Type)
GameAnalyticsSDK.State.GAState:Init()
GameAnalyticsSDK.GameAnalytics:InitAPI()
GameAnalyticsSDK.GameAnalytics:get_SettingsGA()
UnityEngine.Application:CallLogCallback(String, String, LogType, Boolean)

[ line 11001940]

The referenced script on this Behaviour (Game Object '') is missing!
The referenced script on this Behaviour (Game Object '<null>') is missing!
UnityEngine.Object:Instantiate(Object, Transform, Boolean)
UnityEngine.Object:Instantiate(T, Transform, Boolean)

[ line 11003156]

The referenced script on this Behaviour (Game Object '<null>') is missing!
UnityEngine.Object:Instantiate(Object, Transform, Boolean)
UnityEngine.Object:Instantiate(T, Transform, Boolean)

[ line 11003156]

The referenced script on this Behaviour (Game Object 'Hitbox_MedusaPoisonProjectile') is missing!
UnityEngine.Object:Instantiate(Object, Transform, Boolean)
UnityEngine.Object:Instantiate(T, Transform, Boolean)

[ line 11003412]

The referenced script on this Behaviour (Game Object 'Hitbox_MedusaPoisonProjectile') is missing!
UnityEngine.Object:Instantiate(Object, Transform, Boolean)
UnityEngine.Object:Instantiate(T, Transform, Boolean)

[ line 11003412]

The referenced script on this Behaviour (Game Object 'Hitbox_MedusaPoisonProjectile') is missing!
UnityEngine.Object:Instantiate(Object, Transform, Boolean)
UnityEngine.Object:Instantiate(T, Transform, Boolean)

[ line 11003412]

The referenced script on this Behaviour (Game Object 'Hitbox_MedusaPoisonProjectile') is missing!
UnityEngine.Object:Instantiate(Object, Transform, Boolean)
UnityEngine.Object:Instantiate(T, Transform, Boolean)

[ line 11003412]

The referenced script on this Behaviour (Game Object 'Hitbox_MedusaPoisonPuddle') is missing!
The referenced script on this Behaviour (Game Object 'Hitbox_MedusaPoisonPuddle') is missing!
The referenced script on this Behaviour (Game Object 'Hitbox_MedusaPoisonPuddle') is missing!
The referenced script on this Behaviour (Game Object '<null>') is missing!
UnityEngine.Object:Instantiate(Object, Transform, Boolean)
UnityEngine.Object:Instantiate(T, Transform, Boolean)

[ line 11003156]

The referenced script on this Behaviour (Game Object '<null>') is missing!
UnityEngine.Object:Instantiate(Object, Transform, Boolean)
UnityEngine.Object:Instantiate(T, Transform, Boolean)

[ line 11003156]

The referenced script on this Behaviour (Game Object '<null>') is missing!
UnityEngine.Object:Instantiate(Object, Transform, Boolean)
UnityEngine.Object:Instantiate(T, Transform, Boolean)

[ line 11003156]

The referenced script on this Behaviour (Game Object 'Hitbox_MedusaPoisonPuddle') is missing!
UnityEngine.Object:Instantiate(Object, Transform, Boolean)
UnityEngine.Object:Instantiate(T, Transform, Boolean)

[ line 11003412]

The referenced script on this Behaviour (Game Object 'Hitbox_MedusaPoisonPuddle') is missing!
UnityEngine.Object:Instantiate(Object, Transform, Boolean)
UnityEngine.Object:Instantiate(T, Transform, Boolean)

[ line 11003412]

The referenced script on this Behaviour (Game Object 'Hitbox_MedusaPoisonPuddle') is missing!
UnityEngine.Object:Instantiate(Object, Transform, Boolean)
UnityEngine.Object:Instantiate(T, Transform, Boolean)

[ line 11003412]

The referenced script on this Behaviour (Game Object 'Hitbox_MedusaPoisonPuddle') is missing!
UnityEngine.Object:Instantiate(Object, Transform, Boolean)
UnityEngine.Object:Instantiate(T, Transform, Boolean)

[ line 11003412]

The referenced script on this Behaviour (Game Object 'Hitbox_MedusaPoisonPuddle') is missing!
UnityEngine.Object:Instantiate(Object, Transform, Boolean)
UnityEngine.Object:Instantiate(T, Transform, Boolean)

[ line 11003412]

The referenced script on this Behaviour (Game Object 'Hitbox_MedusaPoisonPuddle') is missing!
UnityEngine.Object:Instantiate(Object, Transform, Boolean)
UnityEngine.Object:Instantiate(T, Transform, Boolean)

[ line 11003412]

The referenced script on this Behaviour (Game Object 'MedusaPuddleSpawner') is missing!
The referenced script on this Behaviour (Game Object '<null>') is missing!
UnityEngine.Object:Instantiate(Object, Transform, Boolean)
UnityEngine.Object:Instantiate(T, Transform, Boolean)

[ line 11003156]

The referenced script on this Behaviour (Game Object 'MedusaPuddleSpawner') is missing!
UnityEngine.Object:Instantiate(Object, Transform, Boolean)
UnityEngine.Object:Instantiate(T, Transform, Boolean)

[ line 11003412]

The referenced script on this Behaviour (Game Object 'MedusaPuddleSpawner') is missing!
UnityEngine.Object:Instantiate(Object, Transform, Boolean)
UnityEngine.Object:Instantiate(T, Transform, Boolean)

[ line 11003412]

The referenced script on this Behaviour (Game Object '') is missing!
The referenced script on this Behaviour (Game Object '') is missing!
The referenced script on this Behaviour (Game Object '') is missing!
The referenced script on this Behaviour (Game Object '') is missing!
The referenced script on this Behaviour (Game Object '') is missing!
The referenced script on this Behaviour (Game Object '<null>') is missing!
UnityEngine.Object:Instantiate(Object, Transform, Boolean)
UnityEngine.Object:Instantiate(T, Transform, Boolean)

[ line 11003140]

The referenced script on this Behaviour (Game Object '<null>') is missing!
UnityEngine.Object:Instantiate(Object, Transform, Boolean)
UnityEngine.Object:Instantiate(T, Transform, Boolean)

[ line 11003140]

The referenced script on this Behaviour (Game Object '<null>') is missing!
UnityEngine.Object:Instantiate(Object, Transform, Boolean)
UnityEngine.Object:Instantiate(T, Transform, Boolean)

[ line 11003140]

The referenced script on this Behaviour (Game Object '<null>') is missing!
UnityEngine.Object:Instantiate(Object, Transform, Boolean)
UnityEngine.Object:Instantiate(T, Transform, Boolean)

[ line 11003140]

The referenced script on this Behaviour (Game Object '<null>') is missing!
UnityEngine.Object:Instantiate(Object, Transform, Boolean)
UnityEngine.Object:Instantiate(T, Transform, Boolean)

[ line 11003140]

The referenced script on this Behaviour (Game Object 'Hitbox_MedusaWallPoison') is missing!
UnityEngine.Object:Instantiate(Object, Transform, Boolean)
UnityEngine.Object:Instantiate(T, Transform, Boolean)

[ line 11003412]

The referenced script on this Behaviour (Game Object 'Hitbox_MedusaWallPoison') is missing!
UnityEngine.Object:Instantiate(Object, Transform, Boolean)
UnityEngine.Object:Instantiate(T, Transform, Boolean)

[ line 11003412]

The referenced script on this Behaviour (Game Object 'Obstacle') is missing!
UnityEngine.Object:Instantiate(Object, Transform, Boolean)
UnityEngine.Object:Instantiate(T, Transform, Boolean)

[ line 11003412]

The referenced script on this Behaviour (Game Object 'Obstacle') is missing!
UnityEngine.Object:Instantiate(Object, Transform, Boolean)
UnityEngine.Object:Instantiate(T, Transform, Boolean)

[ line 11003412]

The referenced script on this Behaviour (Game Object 'Hitbox_MedusaWallPoison') is missing!
UnityEngine.Object:Instantiate(Object, Transform, Boolean)
UnityEngine.Object:Instantiate(T, Transform, Boolean)

[ line 11003412]

The referenced script on this Behaviour (Game Object 'Hitbox_MedusaWallPoison') is missing!
UnityEngine.Object:Instantiate(Object, Transform, Boolean)
UnityEngine.Object:Instantiate(T, Transform, Boolean)

[ line 11003412]

The referenced script on this Behaviour (Game Object 'Hitbox_MedusaWallPoison') is missing!
UnityEngine.Object:Instantiate(Object, Transform, Boolean)
UnityEngine.Object:Instantiate(T, Transform, Boolean)

[ line 11003412]

The referenced script on this Behaviour (Game Object 'Hitbox_MedusaWallPoison') is missing!
UnityEngine.Object:Instantiate(Object, Transform, Boolean)
UnityEngine.Object:Instantiate(T, Transform, Boolean)

[ line 11003412]

The referenced script on this Behaviour (Game Object 'Hitbox_MedusaWallPoison') is missing!
UnityEngine.Object:Instantiate(Object, Transform, Boolean)
UnityEngine.Object:Instantiate(T, Transform, Boolean)

[ line 11003412]

The referenced script on this Behaviour (Game Object 'Hitbox_MedusaWallPoison') is missing!
UnityEngine.Object:Instantiate(Object, Transform, Boolean)
UnityEngine.Object:Instantiate(T, Transform, Boolean)

[ line 11003412]

The referenced script on this Behaviour (Game Object '') is missing!
The referenced script on this Behaviour (Game Object 'Hitbox_MedusaWallBoxDpsPoison') is missing!
The referenced script on this Behaviour (Game Object '<null>') is missing!
UnityEngine.Object:Instantiate(Object, Transform, Boolean)
UnityEngine.Object:Instantiate(T, Transform, Boolean)

[ line 11003156]

The referenced script on this Behaviour (Game Object '<null>') is missing!
UnityEngine.Object:Instantiate(Object, Transform, Boolean)
UnityEngine.Object:Instantiate(T, Transform, Boolean)

[ line 11003156]

The referenced script on this Behaviour (Game Object 'Hitbox_MedusaWallBoxDpsPoison') is missing!
UnityEngine.Object:Instantiate(Object, Transform, Boolean)
UnityEngine.Object:Instantiate(T, Transform, Boolean)

[ line 11003412]

The referenced script on this Behaviour (Game Object 'Hitbox_MedusaWallBoxDpsPoison') is missing!
UnityEngine.Object:Instantiate(Object, Transform, Boolean)
UnityEngine.Object:Instantiate(T, Transform, Boolean)

[ line 11003412]

The referenced script on this Behaviour (Game Object 'Hitbox_MedusaWallBoxDpsPoison') is missing!
UnityEngine.Object:Instantiate(Object, Transform, Boolean)
UnityEngine.Object:Instantiate(T, Transform, Boolean)

[ line 11003412]

The referenced script on this Behaviour (Game Object 'Hitbox_MedusaWallBoxDpsPoison') is missing!
UnityEngine.Object:Instantiate(Object, Transform, Boolean)
UnityEngine.Object:Instantiate(T, Transform, Boolean)

[ line 11003412]

[Spatial Hash] Partial Rebuild Interval = 0,25
1800
[UIDropdownController] No values added to the dropdown
[UIDropdownController] No values added to the dropdown
UILobby platform variant not found: WindowsPlayer using default
UnityEngine.DebugLogHandler:LogFormat(LogType, Object, String, Object[])
UnityEngine.Logger:Log(LogType, Object)
UnityEngine.Debug:LogWarning(Object)
BAPBAP.UI.UILobbyConfiguration:get_PrefabVariant()
BAPBAP.UI.UILobby:Build()
BAPBAP.UI.<Awake>d__111:MoveNext()
System.Runtime.CompilerServices.AsyncVoidMethodBuilder:Start(TStateMachine&)
BAPBAP.UI.UIManager:Awake()

Color primaries 0 is unknown or unsupported by WindowsMediaFoundation. Falling back to default may result in color shift. C:/Users/Administrator/Downloads/CustomServer/Spiel/Battleroyalebuild/bapbap_Data/sharedassets0.resource
[UICharactersConfiguration] No characters available in lobby.
UnityEngine.DebugLogHandler:LogFormat(LogType, Object, String, Object[])
UnityEngine.Logger:Log(LogType, Object)
UnityEngine.Debug:LogError(Object)
BAPBAP.UI.UICharactersConfiguration:TryGetLobbyCharConfigByIndex(Int32, CharacterConfiguration&)
BAPBAP.UI.UILobbyCharacterSelectPage:OpenCharacterSummaryPage()
BAPBAP.UI.UILobbyCharacterSelectPage:Build(Configuration, Translator)
BAPBAP.UI.UILobbyTabGroup:Build(Configuration, Translator)
BAPBAP.UI.UILobby:Build()
BAPBAP.UI.<Awake>d__111:MoveNext()
System.Runtime.CompilerServices.AsyncVoidMethodBuilder:Start(TStateMachine&)
BAPBAP.UI.UIManager:Awake()

Opening Lobby UI :) at the time of 21.06.2026 18:47:08
TelepathyTransport initialized!
[LocalSavedData] Set Quick cast = False
Connect MM: AuthId=bbf829a209f0c2f6e3c32a8429b874a3 Hostname=127.0.0.1 wsPort=7777 kcpPort=7778 tcpPort=7779 Secure=False
Replacing existing prefab with assetId '2964328207'. Old prefab 'Char_Medusa', New prefab 'Char_Medusa'
UnityEngine.DebugLogHandler:LogFormat(LogType, Object, String, Object[])
UnityEngine.Logger:Log(LogType, Object)
UnityEngine.Debug:LogWarning(Object)
Mirror.NetworkClient:RegisterPrefabIdentity(NetworkIdentity)
Mirror.NetworkClient:RegisterPrefab(GameObject)
BAPBAP.Network.GameNetworkManager:OnStartClient()

Replacing existing prefab with assetId '2964385808'. Old prefab 'Hitbox_Medusa_NetSlot0', New prefab 'Hitbox_Medusa_NetSlot0'
UnityEngine.DebugLogHandler:LogFormat(LogType, Object, String, Object[])
UnityEngine.Logger:Log(LogType, Object)
UnityEngine.Debug:LogWarning(Object)
Mirror.NetworkClient:RegisterPrefabIdentity(NetworkIdentity)
Mirror.NetworkClient:RegisterPrefab(GameObject)
BAPBAP.Network.GameNetworkManager:OnStartClient()

Replacing existing prefab with assetId '2964385809'. Old prefab 'Hitbox_Medusa_NetSlot1', New prefab 'Hitbox_Medusa_NetSlot1'
UnityEngine.DebugLogHandler:LogFormat(LogType, Object, String, Object[])
UnityEngine.Logger:Log(LogType, Object)
UnityEngine.Debug:LogWarning(Object)
Mirror.NetworkClient:RegisterPrefabIdentity(NetworkIdentity)
Mirror.NetworkClient:RegisterPrefab(GameObject)
BAPBAP.Network.GameNetworkManager:OnStartClient()

Replacing existing prefab with assetId '2964385810'. Old prefab 'Hitbox_Medusa_NetSlot2', New prefab 'Hitbox_Medusa_NetSlot2'
UnityEngine.DebugLogHandler:LogFormat(LogType, Object, String, Object[])
UnityEngine.Logger:Log(LogType, Object)
UnityEngine.Debug:LogWarning(Object)
Mirror.NetworkClient:RegisterPrefabIdentity(NetworkIdentity)
Mirror.NetworkClient:RegisterPrefab(GameObject)
BAPBAP.Network.GameNetworkManager:OnStartClient()

Replacing existing prefab with assetId '2964385811'. Old prefab 'Hitbox_Medusa_NetSlot3', New prefab 'Hitbox_Medusa_NetSlot3'
UnityEngine.DebugLogHandler:LogFormat(LogType, Object, String, Object[])
UnityEngine.Logger:Log(LogType, Object)
UnityEngine.Debug:LogWarning(Object)
Mirror.NetworkClient:RegisterPrefabIdentity(NetworkIdentity)
Mirror.NetworkClient:RegisterPrefab(GameObject)
BAPBAP.Network.GameNetworkManager:OnStartClient()

Running Client/Host Build - Vsync:0 - FPS:-1
Replacing existing prefab with assetId '2964328207'. Old prefab 'Char_Medusa', New prefab 'Char_Medusa'
UnityEngine.DebugLogHandler:LogFormat(LogType, Object, String, Object[])
UnityEngine.Logger:Log(LogType, Object)
UnityEngine.Debug:LogWarning(Object)
Mirror.NetworkClient:RegisterPrefabIdentity(NetworkIdentity)
Mirror.NetworkClient:RegisterPrefab(GameObject, UInt32)

assetId '2964328207' is already used by prefab 'Char_Medusa', unregister the prefab first before trying to add handler
UnityEngine.DebugLogHandler:LogFormat(LogType, Object, String, Object[])
UnityEngine.Logger:Log(LogType, Object)
UnityEngine.Debug:LogError(Object)
Mirror.NetworkClient:RegisterPrefab(GameObject, SpawnHandlerDelegate, UnSpawnDelegate)
BAPBAP.Pooling.NetworkPrefabPool:Create(Config, Boolean)
BAPBAP.Pooling.NetworkPrefabPool:ClientCreate(Config)

Replacing existing prefab with assetId '2964385808'. Old prefab 'Hitbox_Medusa_NetSlot0', New prefab 'Hitbox_Medusa_NetSlot0'
UnityEngine.DebugLogHandler:LogFormat(LogType, Object, String, Object[])
UnityEngine.Logger:Log(LogType, Object)
UnityEngine.Debug:LogWarning(Object)
Mirror.NetworkClient:RegisterPrefabIdentity(NetworkIdentity)
Mirror.NetworkClient:RegisterPrefab(GameObject, UInt32)

The referenced script on this Behaviour (Game Object '<null>') is missing!
UnityEngine.Object:Internal_CloneSingle(Object)
UnityEngine.Object:Instantiate(T)
BAPBAP.Pooling.NetworkPrefabPool:Create(Int32)
BAPBAP.Pooling.NetworkPrefabPool:Create(Config, Boolean)
BAPBAP.Pooling.NetworkPrefabPool:ClientCreate(Config)

[ line 11001348]

The referenced script on this Behaviour (Game Object '<null>') is missing!
UnityEngine.Object:Internal_CloneSingle(Object)
UnityEngine.Object:Instantiate(T)
BAPBAP.Pooling.NetworkPrefabPool:Create(Int32)
BAPBAP.Pooling.NetworkPrefabPool:Create(Config, Boolean)
BAPBAP.Pooling.NetworkPrefabPool:ClientCreate(Config)

[ line 11001348]

The referenced script on this Behaviour (Game Object 'Medusa_Poison_Visual') is missing!
UnityEngine.Object:Internal_CloneSingle(Object)
UnityEngine.Object:Instantiate(T)
BAPBAP.Pooling.NetworkPrefabPool:Create(Int32)
BAPBAP.Pooling.NetworkPrefabPool:Create(Config, Boolean)
BAPBAP.Pooling.NetworkPrefabPool:ClientCreate(Config)

[ line 11001620]

The referenced script on this Behaviour (Game Object 'Medusa_Poison_Visual') is missing!
UnityEngine.Object:Internal_CloneSingle(Object)
UnityEngine.Object:Instantiate(T)
BAPBAP.Pooling.NetworkPrefabPool:Create(Int32)
BAPBAP.Pooling.NetworkPrefabPool:Create(Config, Boolean)
BAPBAP.Pooling.NetworkPrefabPool:ClientCreate(Config)

[ line 11001620]

The referenced script on this Behaviour (Game Object 'Medusa_Poison_Visual') is missing!
UnityEngine.Object:Internal_CloneSingle(Object)
UnityEngine.Object:Instantiate(T)
BAPBAP.Pooling.NetworkPrefabPool:Create(Int32)
BAPBAP.Pooling.NetworkPrefabPool:Create(Config, Boolean)
BAPBAP.Pooling.NetworkPrefabPool:ClientCreate(Config)

[ line 11001620]

The referenced script on this Behaviour (Game Object 'Medusa_Poison_Visual') is missing!
UnityEngine.Object:Internal_CloneSingle(Object)
UnityEngine.Object:Instantiate(T)
BAPBAP.Pooling.NetworkPrefabPool:Create(Int32)
BAPBAP.Pooling.NetworkPrefabPool:Create(Config, Boolean)
BAPBAP.Pooling.NetworkPrefabPool:ClientCreate(Config)

[ line 11001620]

assetId '2964385808' is already used by prefab 'Hitbox_Medusa_NetSlot0', unregister the prefab first before trying to add handler
UnityEngine.DebugLogHandler:LogFormat(LogType, Object, String, Object[])
UnityEngine.Logger:Log(LogType, Object)
UnityEngine.Debug:LogError(Object)
Mirror.NetworkClient:RegisterPrefab(GameObject, SpawnHandlerDelegate, UnSpawnDelegate)
BAPBAP.Pooling.NetworkPrefabPool:Create(Config, Boolean)
BAPBAP.Pooling.NetworkPrefabPool:ClientCreate(Config)

Replacing existing prefab with assetId '2964385809'. Old prefab 'Hitbox_Medusa_NetSlot1', New prefab 'Hitbox_Medusa_NetSlot1'
UnityEngine.DebugLogHandler:LogFormat(LogType, Object, String, Object[])
UnityEngine.Logger:Log(LogType, Object)
UnityEngine.Debug:LogWarning(Object)
Mirror.NetworkClient:RegisterPrefabIdentity(NetworkIdentity)
Mirror.NetworkClient:RegisterPrefab(GameObject, UInt32)

The referenced script on this Behaviour (Game Object '<null>') is missing!
UnityEngine.Object:Internal_CloneSingle(Object)
UnityEngine.Object:Instantiate(T)
BAPBAP.Pooling.NetworkPrefabPool:Create(Int32)
BAPBAP.Pooling.NetworkPrefabPool:Create(Config, Boolean)
BAPBAP.Pooling.NetworkPrefabPool:ClientCreate(Config)

[ line 11001348]

The referenced script on this Behaviour (Game Object '<null>') is missing!
UnityEngine.Object:Internal_CloneSingle(Object)
UnityEngine.Object:Instantiate(T)
BAPBAP.Pooling.NetworkPrefabPool:Create(Int32)
BAPBAP.Pooling.NetworkPrefabPool:Create(Config, Boolean)
BAPBAP.Pooling.NetworkPrefabPool:ClientCreate(Config)

[ line 11001348]

The referenced script on this Behaviour (Game Object '<null>') is missing!
UnityEngine.Object:Internal_CloneSingle(Object)
UnityEngine.Object:Instantiate(T)
BAPBAP.Pooling.NetworkPrefabPool:Create(Int32)
BAPBAP.Pooling.NetworkPrefabPool:Create(Config, Boolean)
BAPBAP.Pooling.NetworkPrefabPool:ClientCreate(Config)

[ line 11001348]

The referenced script on this Behaviour (Game Object '<null>') is missing!
UnityEngine.Object:Internal_CloneSingle(Object)
UnityEngine.Object:Instantiate(T)
BAPBAP.Pooling.NetworkPrefabPool:Create(Int32)
BAPBAP.Pooling.NetworkPrefabPool:Create(Config, Boolean)
BAPBAP.Pooling.NetworkPrefabPool:ClientCreate(Config)

[ line 11001348]

The referenced script on this Behaviour (Game Object 'Medusa_Extra_Spawner') is missing!
UnityEngine.Object:Internal_CloneSingle(Object)
UnityEngine.Object:Instantiate(T)
BAPBAP.Pooling.NetworkPrefabPool:Create(Int32)
BAPBAP.Pooling.NetworkPrefabPool:Create(Config, Boolean)
BAPBAP.Pooling.NetworkPrefabPool:ClientCreate(Config)

[ line 11001620]

The referenced script on this Behaviour (Game Object 'Medusa_Extra_Spawner') is missing!
UnityEngine.Object:Internal_CloneSingle(Object)
UnityEngine.Object:Instantiate(T)
BAPBAP.Pooling.NetworkPrefabPool:Create(Int32)
BAPBAP.Pooling.NetworkPrefabPool:Create(Config, Boolean)
BAPBAP.Pooling.NetworkPrefabPool:ClientCreate(Config)

[ line 11001620]

The referenced script on this Behaviour (Game Object 'Medusa_Poison_Visual') is missing!
UnityEngine.Object:Internal_CloneSingle(Object)
UnityEngine.Object:Instantiate(T)
BAPBAP.Pooling.NetworkPrefabPool:Create(Int32)
BAPBAP.Pooling.NetworkPrefabPool:Create(Config, Boolean)
BAPBAP.Pooling.NetworkPrefabPool:ClientCreate(Config)

[ line 11001620]

The referenced script on this Behaviour (Game Object 'Medusa_Poison_Visual') is missing!
UnityEngine.Object:Internal_CloneSingle(Object)
UnityEngine.Object:Instantiate(T)
BAPBAP.Pooling.NetworkPrefabPool:Create(Int32)
BAPBAP.Pooling.NetworkPrefabPool:Create(Config, Boolean)
BAPBAP.Pooling.NetworkPrefabPool:ClientCreate(Config)

[ line 11001620]

The referenced script on this Behaviour (Game Object 'Medusa_Poison_Visual') is missing!
UnityEngine.Object:Internal_CloneSingle(Object)
UnityEngine.Object:Instantiate(T)
BAPBAP.Pooling.NetworkPrefabPool:Create(Int32)
BAPBAP.Pooling.NetworkPrefabPool:Create(Config, Boolean)
BAPBAP.Pooling.NetworkPrefabPool:ClientCreate(Config)

[ line 11001620]

The referenced script on this Behaviour (Game Object 'Medusa_Poison_Visual') is missing!
UnityEngine.Object:Internal_CloneSingle(Object)
UnityEngine.Object:Instantiate(T)
BAPBAP.Pooling.NetworkPrefabPool:Create(Int32)
BAPBAP.Pooling.NetworkPrefabPool:Create(Config, Boolean)
BAPBAP.Pooling.NetworkPrefabPool:ClientCreate(Config)

[ line 11001620]

The referenced script on this Behaviour (Game Object 'Medusa_Poison_Visual') is missing!
UnityEngine.Object:Internal_CloneSingle(Object)
UnityEngine.Object:Instantiate(T)
BAPBAP.Pooling.NetworkPrefabPool:Create(Int32)
BAPBAP.Pooling.NetworkPrefabPool:Create(Config, Boolean)
BAPBAP.Pooling.NetworkPrefabPool:ClientCreate(Config)

[ line 11001620]

The referenced script on this Behaviour (Game Object 'Medusa_Poison_Visual') is missing!
UnityEngine.Object:Internal_CloneSingle(Object)
UnityEngine.Object:Instantiate(T)
BAPBAP.Pooling.NetworkPrefabPool:Create(Int32)
BAPBAP.Pooling.NetworkPrefabPool:Create(Config, Boolean)
BAPBAP.Pooling.NetworkPrefabPool:ClientCreate(Config)

[ line 11001620]

assetId '2964385809' is already used by prefab 'Hitbox_Medusa_NetSlot1', unregister the prefab first before trying to add handler
UnityEngine.DebugLogHandler:LogFormat(LogType, Object, String, Object[])
UnityEngine.Logger:Log(LogType, Object)
UnityEngine.Debug:LogError(Object)
Mirror.NetworkClient:RegisterPrefab(GameObject, SpawnHandlerDelegate, UnSpawnDelegate)
BAPBAP.Pooling.NetworkPrefabPool:Create(Config, Boolean)
BAPBAP.Pooling.NetworkPrefabPool:ClientCreate(Config)

Replacing existing prefab with assetId '2964385810'. Old prefab 'Hitbox_Medusa_NetSlot2', New prefab 'Hitbox_Medusa_NetSlot2'
UnityEngine.DebugLogHandler:LogFormat(LogType, Object, String, Object[])
UnityEngine.Logger:Log(LogType, Object)
UnityEngine.Debug:LogWarning(Object)
Mirror.NetworkClient:RegisterPrefabIdentity(NetworkIdentity)
Mirror.NetworkClient:RegisterPrefab(GameObject, UInt32)

The referenced script on this Behaviour (Game Object '<null>') is missing!
UnityEngine.Object:Internal_CloneSingle(Object)
UnityEngine.Object:Instantiate(T)
BAPBAP.Pooling.NetworkPrefabPool:Create(Int32)
BAPBAP.Pooling.NetworkPrefabPool:Create(Config, Boolean)
BAPBAP.Pooling.NetworkPrefabPool:ClientCreate(Config)

[ line 11001348]

The referenced script on this Behaviour (Game Object '<null>') is missing!
UnityEngine.Object:Internal_CloneSingle(Object)
UnityEngine.Object:Instantiate(T)
BAPBAP.Pooling.NetworkPrefabPool:Create(Int32)
BAPBAP.Pooling.NetworkPrefabPool:Create(Config, Boolean)
BAPBAP.Pooling.NetworkPrefabPool:ClientCreate(Config)

[ line 11001348]

The referenced script on this Behaviour (Game Object '<null>') is missing!
UnityEngine.Object:Internal_CloneSingle(Object)
UnityEngine.Object:Instantiate(T)
BAPBAP.Pooling.NetworkPrefabPool:Create(Int32)
BAPBAP.Pooling.NetworkPrefabPool:Create(Config, Boolean)
BAPBAP.Pooling.NetworkPrefabPool:ClientCreate(Config)

[ line 11001348]

The referenced script on this Behaviour (Game Object '<null>') is missing!
UnityEngine.Object:Internal_CloneSingle(Object)
UnityEngine.Object:Instantiate(T)
BAPBAP.Pooling.NetworkPrefabPool:Create(Int32)
BAPBAP.Pooling.NetworkPrefabPool:Create(Config, Boolean)
BAPBAP.Pooling.NetworkPrefabPool:ClientCreate(Config)

[ line 11001348]

The referenced script on this Behaviour (Game Object '<null>') is missing!
UnityEngine.Object:Internal_CloneSingle(Object)
UnityEngine.Object:Instantiate(T)
BAPBAP.Pooling.NetworkPrefabPool:Create(Int32)
BAPBAP.Pooling.NetworkPrefabPool:Create(Config, Boolean)
BAPBAP.Pooling.NetworkPrefabPool:ClientCreate(Config)

[ line 11001348]

The referenced script on this Behaviour (Game Object 'Obstacle') is missing!
UnityEngine.Object:Internal_CloneSingle(Object)
UnityEngine.Object:Instantiate(T)
BAPBAP.Pooling.NetworkPrefabPool:Create(Int32)
BAPBAP.Pooling.NetworkPrefabPool:Create(Config, Boolean)
BAPBAP.Pooling.NetworkPrefabPool:ClientCreate(Config)

[ line 11001620]

The referenced script on this Behaviour (Game Object 'Obstacle') is missing!
UnityEngine.Object:Internal_CloneSingle(Object)
UnityEngine.Object:Instantiate(T)
BAPBAP.Pooling.NetworkPrefabPool:Create(Int32)
BAPBAP.Pooling.NetworkPrefabPool:Create(Config, Boolean)
BAPBAP.Pooling.NetworkPrefabPool:ClientCreate(Config)

[ line 11001620]

The referenced script on this Behaviour (Game Object 'Medusa_Poison_Visual') is missing!
UnityEngine.Object:Internal_CloneSingle(Object)
UnityEngine.Object:Instantiate(T)
BAPBAP.Pooling.NetworkPrefabPool:Create(Int32)
BAPBAP.Pooling.NetworkPrefabPool:Create(Config, Boolean)
BAPBAP.Pooling.NetworkPrefabPool:ClientCreate(Config)

[ line 11001620]

The referenced script on this Behaviour (Game Object 'Medusa_Poison_Visual') is missing!
UnityEngine.Object:Internal_CloneSingle(Object)
UnityEngine.Object:Instantiate(T)
BAPBAP.Pooling.NetworkPrefabPool:Create(Int32)
BAPBAP.Pooling.NetworkPrefabPool:Create(Config, Boolean)
BAPBAP.Pooling.NetworkPrefabPool:ClientCreate(Config)

[ line 11001620]

The referenced script on this Behaviour (Game Object 'Medusa_Poison_Visual') is missing!
UnityEngine.Object:Internal_CloneSingle(Object)
UnityEngine.Object:Instantiate(T)
BAPBAP.Pooling.NetworkPrefabPool:Create(Int32)
BAPBAP.Pooling.NetworkPrefabPool:Create(Config, Boolean)
BAPBAP.Pooling.NetworkPrefabPool:ClientCreate(Config)

[ line 11001620]

The referenced script on this Behaviour (Game Object 'Medusa_Poison_Visual') is missing!
UnityEngine.Object:Internal_CloneSingle(Object)
UnityEngine.Object:Instantiate(T)
BAPBAP.Pooling.NetworkPrefabPool:Create(Int32)
BAPBAP.Pooling.NetworkPrefabPool:Create(Config, Boolean)
BAPBAP.Pooling.NetworkPrefabPool:ClientCreate(Config)

[ line 11001620]

The referenced script on this Behaviour (Game Object 'Medusa_Poison_Visual') is missing!
UnityEngine.Object:Internal_CloneSingle(Object)
UnityEngine.Object:Instantiate(T)
BAPBAP.Pooling.NetworkPrefabPool:Create(Int32)
BAPBAP.Pooling.NetworkPrefabPool:Create(Config, Boolean)
BAPBAP.Pooling.NetworkPrefabPool:ClientCreate(Config)

[ line 11001620]

The referenced script on this Behaviour (Game Object 'Medusa_Poison_Visual') is missing!
UnityEngine.Object:Internal_CloneSingle(Object)
UnityEngine.Object:Instantiate(T)
BAPBAP.Pooling.NetworkPrefabPool:Create(Int32)
BAPBAP.Pooling.NetworkPrefabPool:Create(Config, Boolean)
BAPBAP.Pooling.NetworkPrefabPool:ClientCreate(Config)

[ line 11001620]

The referenced script on this Behaviour (Game Object 'Medusa_Poison_Visual') is missing!
UnityEngine.Object:Internal_CloneSingle(Object)
UnityEngine.Object:Instantiate(T)
BAPBAP.Pooling.NetworkPrefabPool:Create(Int32)
BAPBAP.Pooling.NetworkPrefabPool:Create(Config, Boolean)
BAPBAP.Pooling.NetworkPrefabPool:ClientCreate(Config)

[ line 11001620]

The referenced script on this Behaviour (Game Object 'Medusa_Poison_Visual') is missing!
UnityEngine.Object:Internal_CloneSingle(Object)
UnityEngine.Object:Instantiate(T)
BAPBAP.Pooling.NetworkPrefabPool:Create(Int32)
BAPBAP.Pooling.NetworkPrefabPool:Create(Config, Boolean)
BAPBAP.Pooling.NetworkPrefabPool:ClientCreate(Config)

[ line 11001620]

assetId '2964385810' is already used by prefab 'Hitbox_Medusa_NetSlot2', unregister the prefab first before trying to add handler
UnityEngine.DebugLogHandler:LogFormat(LogType, Object, String, Object[])
UnityEngine.Logger:Log(LogType, Object)
UnityEngine.Debug:LogError(Object)
Mirror.NetworkClient:RegisterPrefab(GameObject, SpawnHandlerDelegate, UnSpawnDelegate)
BAPBAP.Pooling.NetworkPrefabPool:Create(Config, Boolean)
BAPBAP.Pooling.NetworkPrefabPool:ClientCreate(Config)

Replacing existing prefab with assetId '2964385811'. Old prefab 'Hitbox_Medusa_NetSlot3', New prefab 'Hitbox_Medusa_NetSlot3'
UnityEngine.DebugLogHandler:LogFormat(LogType, Object, String, Object[])
UnityEngine.Logger:Log(LogType, Object)
UnityEngine.Debug:LogWarning(Object)
Mirror.NetworkClient:RegisterPrefabIdentity(NetworkIdentity)
Mirror.NetworkClient:RegisterPrefab(GameObject, UInt32)

The referenced script on this Behaviour (Game Object '<null>') is missing!
UnityEngine.Object:Internal_CloneSingle(Object)
UnityEngine.Object:Instantiate(T)
BAPBAP.Pooling.NetworkPrefabPool:Create(Int32)
BAPBAP.Pooling.NetworkPrefabPool:Create(Config, Boolean)
BAPBAP.Pooling.NetworkPrefabPool:ClientCreate(Config)

[ line 11001348]

The referenced script on this Behaviour (Game Object '<null>') is missing!
UnityEngine.Object:Internal_CloneSingle(Object)
UnityEngine.Object:Instantiate(T)
BAPBAP.Pooling.NetworkPrefabPool:Create(Int32)
BAPBAP.Pooling.NetworkPrefabPool:Create(Config, Boolean)
BAPBAP.Pooling.NetworkPrefabPool:ClientCreate(Config)

[ line 11001348]

The referenced script on this Behaviour (Game Object 'Medusa_Poison_Visual') is missing!
UnityEngine.Object:Internal_CloneSingle(Object)
UnityEngine.Object:Instantiate(T)
BAPBAP.Pooling.NetworkPrefabPool:Create(Int32)
BAPBAP.Pooling.NetworkPrefabPool:Create(Config, Boolean)
BAPBAP.Pooling.NetworkPrefabPool:ClientCreate(Config)

[ line 11001620]

The referenced script on this Behaviour (Game Object 'Medusa_Poison_Visual') is missing!
UnityEngine.Object:Internal_CloneSingle(Object)
UnityEngine.Object:Instantiate(T)
BAPBAP.Pooling.NetworkPrefabPool:Create(Int32)
BAPBAP.Pooling.NetworkPrefabPool:Create(Config, Boolean)
BAPBAP.Pooling.NetworkPrefabPool:ClientCreate(Config)

[ line 11001620]

The referenced script on this Behaviour (Game Object 'Medusa_Poison_Visual') is missing!
UnityEngine.Object:Internal_CloneSingle(Object)
UnityEngine.Object:Instantiate(T)
BAPBAP.Pooling.NetworkPrefabPool:Create(Int32)
BAPBAP.Pooling.NetworkPrefabPool:Create(Config, Boolean)
BAPBAP.Pooling.NetworkPrefabPool:ClientCreate(Config)

[ line 11001620]

The referenced script on this Behaviour (Game Object 'Medusa_Poison_Visual') is missing!
UnityEngine.Object:Internal_CloneSingle(Object)
UnityEngine.Object:Instantiate(T)
BAPBAP.Pooling.NetworkPrefabPool:Create(Int32)
BAPBAP.Pooling.NetworkPrefabPool:Create(Config, Boolean)
BAPBAP.Pooling.NetworkPrefabPool:ClientCreate(Config)

[ line 11001620]

assetId '2964385811' is already used by prefab 'Hitbox_Medusa_NetSlot3', unregister the prefab first before trying to add handler
UnityEngine.DebugLogHandler:LogFormat(LogType, Object, String, Object[])
UnityEngine.Logger:Log(LogType, Object)
UnityEngine.Debug:LogError(Object)
Mirror.NetworkClient:RegisterPrefab(GameObject, SpawnHandlerDelegate, UnSpawnDelegate)
BAPBAP.Pooling.NetworkPrefabPool:Create(Config, Boolean)
BAPBAP.Pooling.NetworkPrefabPool:ClientCreate(Config)

Warming shader: Toon_Frozen_Legacy
Warming shader: Toon_Frozen_Amplify
Warming shader: InstancedIndirectGrass
Warming shader: DrownedGrass
Warming shader: InstancedIndirectTrash
Start GameAnalytics with accountId=med-leader
Initializing with custom id: med-leader
Set dimension01 = Account
Set dimension02 = Steam
Set dimension03 = 0
Finished setting up GameAnalytics
Send new user event
Add Asset - assetId=300018 amount=0 balance=1
Add Asset - assetId=300000 amount=0 balance=1
Add Asset - assetId=300007 amount=0 balance=1
Add Asset - assetId=300020 amount=0 balance=1
Add Asset - assetId=300017 amount=0 balance=1
Add Asset - assetId=300026 amount=0 balance=1
Warning/GameAnalytics: New identifier spotted compared to last one used, clearing cached configs hash!!
UnityEngine.DebugLogHandler:LogFormat(LogType, Object, String, Object[])
UnityEngine.Logger:Log(LogType, Object)
UnityEngine.Debug:LogWarning(Object)
GameAnalyticsSDK.Net.Logging.GALogger:W(String)
GameAnalyticsSDK.Net.State.GAState:EnsurePersistedStates()
GameAnalyticsSDK.Net.State.GAState:InternalInitialize()
GameAnalyticsSDK.Net.Threading.GAThreading:RunBlocks()
System.Threading.ThreadHelper:ThreadStart_Context(Object)
System.Threading.ExecutionContext:RunInternal(ExecutionContext, ContextCallback, Object, Boolean)
System.Threading.ExecutionContext:Run(ExecutionContext, ContextCallback, Object)
System.Threading.ThreadHelper:ThreadStart()
UnityEngine.LowMemoryCallback:Invoke()

Add Asset - assetId=300021 amount=0 balance=1
Add Asset - assetId=300013 amount=0 balance=1
Add Asset - assetId=300025 amount=0 balance=1
Add Asset - assetId=300023 amount=0 balance=1
Add Asset - assetId=300015 amount=0 balance=1
Add Asset - assetId=300003 amount=0 balance=1
Add Asset - assetId=300005 amount=0 balance=1
Add Asset - assetId=300016 amount=0 balance=1
Add Asset - assetId=300019 amount=0 balance=1
Add Asset - assetId=0 amount=0 balance=9125
GarbageCollector disposing of ComputeBuffer. Please use ComputeBuffer.Release() or .Dispose() to manually release the buffer.
UnityEngine.DebugLogHandler:LogFormat(LogType, Object, String, Object[])
UnityEngine.Logger:Log(LogType, Object)
UnityEngine.Debug:LogWarning(Object)
UnityEngine.ComputeBuffer:Finalize()

GarbageCollector disposing of ComputeBuffer. Please use ComputeBuffer.Release() or .Dispose() to manually release the buffer.
UnityEngine.DebugLogHandler:LogFormat(LogType, Object, String, Object[])
UnityEngine.Logger:Log(LogType, Object)
UnityEngine.Debug:LogWarning(Object)
UnityEngine.ComputeBuffer:Finalize()

Warning: charTokenPass was null on UpdateCharTokenPassXp
[IapController] Handle Xsolla Listing Response
{"iapListings":[]}
[LNC] HandleFriendsRequestResponse
HandleDailyRewardResponse
[SetCurrentDailyRewardUI] Invalid UNIX timestamp
UnityEngine.DebugLogHandler:LogFormat(LogType, Object, String, Object[])
UnityEngine.Logger:Log(LogType, Object)
UnityEngine.Debug:LogWarning(Object)
BAPBAP.UI.UILobbyPlayTabPage:SetCurrentDailyRewardUI()
BAPBAP.UI.UILobbyPlayTabPage:UpdateDailyRewardData(DailyReward)
BAPBAP.UI.LobbyController:HandleDailyRewardResponse(DailyResponse)
BAPBAP.Network.<SendGetRoutine>d__11`1:MoveNext()
UnityEngine.SetupCoroutine:InvokeMoveNext(IEnumerator, IntPtr)

[LNC] HandleAccountPassPassResponse
{"passId":1,"passLevels":[{"level":1,"xpNeeded":0,"listings":[]},{"level":2,"xpNeeded":100,"listings":[]},{"level":3,"xpNeeded":200,"listings":[]},{"level":4,"xpNeeded":300,"listings":[]},{"level":5,"xpNeeded":400,"listings":[]},{"level":6,"xpNeeded":500,"listings":[]},{"level":7,"xpNeeded":600,"listings":[]},{"level":8,"xpNeeded":700,"listings":[]},{"level":9,"xpNeeded":800,"listings":[]},{"level":10,"xpNeeded":900,"listings":[]},{"level":11,"xpNeeded":1000,"listings":[]},{"level":12,"xpNeeded":1100,"listings":[]},{"level":13,"xpNeeded":1200,"listings":[]},{"level":14,"xpNeeded":1300,"listings":[]},{"level":15,"xpNeeded":1400,"listings":[]},{"level":16,"xpNeeded":1500,"listings":[]},{"level":17,"xpNeeded":1600,"listings":[]},{"level":18,"xpNeeded":1700,"listings":[]},{"level":19,"xpNeeded":1800,"listings":[]},{"level":20,"xpNeeded":1900,"listings":[]},{"level":21,"xpNeeded":2000,"listings":[]},{"level":22,"xpNeeded":2100,"listings":[]},{"level":23,"xpNeeded":2200,"listings":[]},{"level":24,"xpNeeded":2300,"listings":[]},{"level":25,"xpNeeded":2400,"listings":[]},{"level":26,"xpNeeded":2500,"listings":[]},{"level":27,"xpNeeded":2600,"listings":[]},{"level":28,"xpNeeded":2700,"listings":[]},{"level":29,"xpNeeded":2800,"listings":[]},{"level":30,"xpNeeded":2900,"listings":[]},{"level":31,"xpNeeded":3000,"listings":[]},{"level":32,"xpNeeded":3100,"listings":[]},{"level":33,"xpNeeded":3200,"listings":[]},{"level":34,"xpNeeded":3300,"listings":[]},{"level":35,"xpNeeded":3400,"listings":[]},{"level":36,"xpNeeded":3500,"listings":[]},{"level":37,"xpNeeded":3600,"listings":[]},{"level":38,"xpNeeded":3700,"listings":[]},{"level":39,"xpNeeded":3800,"listings":[]},{"level":40,"xpNeeded":3900,"listings":[]},{"level":41,"xpNeeded":4000,"listings":[]},{"level":42,"xpNeeded":4100,"listings":[]},{"level":43,"xpNeeded":4200,"listings":[]},{"level":44,"xpNeeded":4300,"listings":[]},{"level":45,"xpNeeded":4400,"listings":[]},{"level":46,"xpNeeded":4500,"listings":[]},{"level":47,"xpNeeded":4600,"listings":[]},{"level":48,"xpNeeded":4700,"listings":[]},{"level":49,"xpNeeded":4800,"listings":[]},{"level":50,"xpNeeded":4900,"listings":[]},{"level":51,"xpNeeded":5000,"listings":[]},{"level":52,"xpNeeded":5100,"listings":[]},{"level":53,"xpNeeded":5200,"listings":[]},{"level":54,"xpNeeded":5300,"listings":[]},{"level":55,"xpNeeded":5400,"listings":[]},{"level":56,"xpNeeded":5500,"listings":[]},{"level":57,"xpNeeded":5600,"listings":[]},{"level":58,"xpNeeded":5700,"listings":[]},{"level":59,"xpNeeded":5800,"listings":[]},{"level":60,"xpNeeded":5900,"listings":[]},{"level":61,"xpNeeded":6000,"listings":[]},{"level":62,"xpNeeded":6100,"listings":[]},{"level":63,"xpNeeded":6200,"listings":[]},{"level":64,"xpNeeded":6300,"listings":[]},{"level":65,"xpNeeded":6400,"listings":[]},{"level":66,"xpNeeded":6500,"listings":[]},{"level":67,"xpNeeded":6600,"listings":[]},{"level":68,"xpNeeded":6700,"listings":[]},{"level":69,"xpNeeded":6800,"listings":[]},{"level":70,"xpNeeded":6900,"listings":[]},{"level":71,"xpNeeded":7000,"listings":[]},{"level":72,"xpNeeded":7100,"listings":[]},{"level":73,"xpNeeded":7200,"listings":[]},{"level":74,"xpNeeded":7300,"listings":[]},{"level":75,"xpNeeded":7400,"listings":[]},{"level":76,"xpNeeded":7500,"listings":[]},{"level":77,"xpNeeded":7600,"listings":[]},{"level":78,"xpNeeded":7700,"listings":[]},{"level":79,"xpNeeded":7800,"listings":[]},{"level":80,"xpNeeded":7900,"listings":[]},{"level":81,"xpNeeded":8000,"listings":[]},{"level":82,"xpNeeded":8100,"listings":[]},{"level":83,"xpNeeded":8200,"listings":[]},{"level":84,"xpNeeded":8300,"listings":[]},{"level":85,"xpNeeded":8400,"listings":[]},{"level":86,"xpNeeded":8500,"listings":[]},{"level":87,"xpNeeded":8600,"listings":[]},{"level":88,"xpNeeded":8700,"listings":[]},{"level":89,"xpNeeded":8800,"listings":[]},{"level":90,"xpNeeded":8900,"listings":[]},{"level":91,"xpNeeded":9000,"listings":[]},{"level":92,"xpNeeded":9100,"listings":[]},{"level":93,"xpNeeded":9200,"listings":[]},{"level":94,"xpNeeded":9300,"listings":[]},{"level":95,"xpNeeded":9400,"listings":[]},{"level":96,"xpNeeded":9500,"listings":[]},{"level":97,"xpNeeded":9600,"listings":[]},{"level":98,"xpNeeded":9700,"listings":[]},{"level":99,"xpNeeded":9800,"listings":[]},{"level":100,"xpNeeded":9900,"listings":[]}]}
[LNC] HandleCharTokensPassResponse
{"passId":1,"passLevels":[{"level":1,"xpNeeded":0,"listings":[]},{"level":2,"xpNeeded":100,"listings":[]},{"level":3,"xpNeeded":200,"listings":[]},{"level":4,"xpNeeded":300,"listings":[]},{"level":5,"xpNeeded":400,"listings":[]},{"level":6,"xpNeeded":500,"listings":[]},{"level":7,"xpNeeded":600,"listings":[]},{"level":8,"xpNeeded":700,"listings":[]},{"level":9,"xpNeeded":800,"listings":[]},{"level":10,"xpNeeded":900,"listings":[]},{"level":11,"xpNeeded":1000,"listings":[]},{"level":12,"xpNeeded":1100,"listings":[]},{"level":13,"xpNeeded":1200,"listings":[]},{"level":14,"xpNeeded":1300,"listings":[]},{"level":15,"xpNeeded":1400,"listings":[]},{"level":16,"xpNeeded":1500,"listings":[]},{"level":17,"xpNeeded":1600,"listings":[]},{"level":18,"xpNeeded":1700,"listings":[]},{"level":19,"xpNeeded":1800,"listings":[]},{"level":20,"xpNeeded":1900,"listings":[]},{"level":21,"xpNeeded":2000,"listings":[]},{"level":22,"xpNeeded":2100,"listings":[]},{"level":23,"xpNeeded":2200,"listings":[]},{"level":24,"xpNeeded":2300,"listings":[]},{"level":25,"xpNeeded":2400,"listings":[]},{"level":26,"xpNeeded":2500,"listings":[]},{"level":27,"xpNeeded":2600,"listings":[]},{"level":28,"xpNeeded":2700,"listings":[]},{"level":29,"xpNeeded":2800,"listings":[]},{"level":30,"xpNeeded":2900,"listings":[]},{"level":31,"xpNeeded":3000,"listings":[]},{"level":32,"xpNeeded":3100,"listings":[]},{"level":33,"xpNeeded":3200,"listings":[]},{"level":34,"xpNeeded":3300,"listings":[]},{"level":35,"xpNeeded":3400,"listings":[]},{"level":36,"xpNeeded":3500,"listings":[]},{"level":37,"xpNeeded":3600,"listings":[]},{"level":38,"xpNeeded":3700,"listings":[]},{"level":39,"xpNeeded":3800,"listings":[]},{"level":40,"xpNeeded":3900,"listings":[]},{"level":41,"xpNeeded":4000,"listings":[]},{"level":42,"xpNeeded":4100,"listings":[]},{"level":43,"xpNeeded":4200,"listings":[]},{"level":44,"xpNeeded":4300,"listings":[]},{"level":45,"xpNeeded":4400,"listings":[]},{"level":46,"xpNeeded":4500,"listings":[]},{"level":47,"xpNeeded":4600,"listings":[]},{"level":48,"xpNeeded":4700,"listings":[]},{"level":49,"xpNeeded":4800,"listings":[]},{"level":50,"xpNeeded":4900,"listings":[]},{"level":51,"xpNeeded":5000,"listings":[]},{"level":52,"xpNeeded":5100,"listings":[]},{"level":53,"xpNeeded":5200,"listings":[]},{"level":54,"xpNeeded":5300,"listings":[]},{"level":55,"xpNeeded":5400,"listings":[]},{"level":56,"xpNeeded":5500,"listings":[]},{"level":57,"xpNeeded":5600,"listings":[]},{"level":58,"xpNeeded":5700,"listings":[]},{"level":59,"xpNeeded":5800,"listings":[]},{"level":60,"xpNeeded":5900,"listings":[]},{"level":61,"xpNeeded":6000,"listings":[]},{"level":62,"xpNeeded":6100,"listings":[]},{"level":63,"xpNeeded":6200,"listings":[]},{"level":64,"xpNeeded":6300,"listings":[]},{"level":65,"xpNeeded":6400,"listings":[]},{"level":66,"xpNeeded":6500,"listings":[]},{"level":67,"xpNeeded":6600,"listings":[]},{"level":68,"xpNeeded":6700,"listings":[]},{"level":69,"xpNeeded":6800,"listings":[]},{"level":70,"xpNeeded":6900,"listings":[]},{"level":71,"xpNeeded":7000,"listings":[]},{"level":72,"xpNeeded":7100,"listings":[]},{"level":73,"xpNeeded":7200,"listings":[]},{"level":74,"xpNeeded":7300,"listings":[]},{"level":75,"xpNeeded":7400,"listings":[]},{"level":76,"xpNeeded":7500,"listings":[]},{"level":77,"xpNeeded":7600,"listings":[]},{"level":78,"xpNeeded":7700,"listings":[]},{"level":79,"xpNeeded":7800,"listings":[]},{"level":80,"xpNeeded":7900,"listings":[]},{"level":81,"xpNeeded":8000,"listings":[]},{"level":82,"xpNeeded":8100,"listings":[]},{"level":83,"xpNeeded":8200,"listings":[]},{"level":84,"xpNeeded":8300,"listings":[]},{"level":85,"xpNeeded":8400,"listings":[]},{"level":86,"xpNeeded":8500,"listings":[]},{"level":87,"xpNeeded":8600,"listings":[]},{"level":88,"xpNeeded":8700,"listings":[]},{"level":89,"xpNeeded":8800,"listings":[]},{"level":90,"xpNeeded":8900,"listings":[]},{"level":91,"xpNeeded":9000,"listings":[]},{"level":92,"xpNeeded":9100,"listings":[]},{"level":93,"xpNeeded":9200,"listings":[]},{"level":94,"xpNeeded":9300,"listings":[]},{"level":95,"xpNeeded":9400,"listings":[]},{"level":96,"xpNeeded":9500,"listings":[]},{"level":97,"xpNeeded":9600,"listings":[]},{"level":98,"xpNeeded":9700,"listings":[]},{"level":99,"xpNeeded":9800,"listings":[]},{"level":100,"xpNeeded":9900,"listings":[]}]}
[LNC] HandleCharMasteryPreviewResponse
{"passes":[]}
[LNC] Handle Char Listing Response
{"charListings":[{"listingId":"custom-char-0","levelRequirement":0,"costs":[],"rewards":[],"charId":0,"purchases":1},{"listingId":"custom-char-1","levelRequirement":0,"costs":[],"rewards":[],"charId":1,"purchases":1},{"listingId":"custom-char-2","levelRequirement":0,"costs":[],"rewards":[],"charId":2,"purchases":1},{"listingId":"custom-char-3","levelRequirement":0,"costs":[],"rewards":[],"charId":3,"purchases":1},{"listingId":"custom-char-4","levelRequirement":0,"costs":[],"rewards":[],"charId":4,"purchases":1},{"listingId":"custom-char-5","levelRequirement":0,"costs":[],"rewards":[],"charId":5,"purchases":1},{"listingId":"custom-char-6","levelRequirement":0,"costs":[],"rewards":[],"charId":6,"purchases":1},{"listingId":"custom-char-7","levelRequirement":0,"costs":[],"rewards":[],"charId":7,"purchases":1},{"listingId":"custom-char-8","levelRequirement":0,"costs":[],"rewards":[],"charId":8,"purchases":1},{"listingId":"custom-char-9","levelRequirement":0,"costs":[],"rewards":[],"charId":9,"purchases":1},{"listingId":"custom-char-10","levelRequirement":0,"costs":[],"rewards":[],"charId":10,"purchases":1},{"listingId":"custom-char-11","levelRequirement":0,"costs":[],"rewards":[],"charId":11,"purchases":1},{"listingId":"custom-char-12","levelRequirement":0,"costs":[],"rewards":[],"charId":12,"purchases":1},{"listingId":"custom-char-13","levelRequirement":0,"costs":[],"rewards":[],"charId":13,"purchases":1},{"listingId":"custom-char-14","levelRequirement":0,"costs":[],"rewards":[],"charId":14,"purchases":1},{"listingId":"custom-char-15","levelRequirement":0,"costs":[],"rewards":[],"charId":15,"purchases":1}]}
[LNC] HandleLeaderboardPreviewResponse
{"gameModes":[{"gameModeId":1,"showRanks":false,"showPoints":false,"showCharacters":true}]}
[TESTLOG] Client connected before
[TESTLOG] Client connected
[TESTLOG] Client registered handler
[TESTLOG] Client sent init
Send event Game Joined with 0 games played (exclusive)
ServicesInitializationException: The Analytics service has not been initialized. Please initialize Unity Services.
  at Unity.Services.Analytics.AnalyticsService.get_Instance () [0x00000] in <00000000000000000000000000000000>:0 
  at System.Runtime.CompilerServices.AsyncVoidMethodBuilder.Start[TStateMachine] (TStateMachine& stateMachine) [0x00000] in <00000000000000000000000000000000>:0 
  at BAPBAP.Local.AnalyticsManager.SetupAnalytics (System.String accountId, System.Boolean isGuest, System.Int32 totalGames) [0x00000] in <00000000000000000000000000000000>:0 
  at BAPBAP.UI.LoginController.HandleLoadResponse (BAPBAP.Network.LoadResponse response) [0x00000] in <00000000000000000000000000000000>:0 
--- End of stack trace from previous location where exception was thrown ---

  at System.Runtime.CompilerServices.AsyncMethodBuilderCore+<>c.<ThrowAsync>b__7_0 (System.Object state) [0x00000] in <00000000000000000000000000000000>:0 
  at UnityEngine.UnitySynchronizationContext+WorkRequest.Invoke () [0x00000] in <00000000000000000000000000000000>:0 
  at UnityEngine.UnitySynchronizationContext.Exec () [0x00000] in <00000000000000000000000000000000>:0 
  at UnityEngine.UnitySynchronizationContext.ExecuteTasks () [0x00000] in <00000000000000000000000000000000>:0 

[Thread6] Warning/GameAnalytics: New identifier spotted compared to last one used, clearing cached configs hash!!
UnityEngine.Debug:LogWarning(Object)
GameAnalyticsSDK.Net.Logging.GALogger:W(String)
GameAnalyticsSDK.Net.State.GAState:EnsurePersistedStates()
GameAnalyticsSDK.Net.State.GAState:InternalInitialize()
GameAnalyticsSDK.Net.Threading.GAThreading:RunBlocks()
UnityEngine.LowMemoryCallback:Invoke()
UnityEngine.DebugLogHandler:LogFormat(LogType, Object, String, Object[])
UnityEngine.Logger:Log(LogType, Object)
UnityEngine.Debug:LogWarning(Object)
Mirror.ThreadLog:OnLateUpdate()
Mirror.NetworkLoop:NetworkLateUpdate()
UnityEngine.LowMemoryCallback:Invoke()

[Thread2] GarbageCollector disposing of ComputeBuffer. Please use ComputeBuffer.Release() or .Dispose() to manually release the buffer.
UnityEngine.ComputeBuffer:Finalize()
UnityEngine.DebugLogHandler:LogFormat(LogType, Object, String, Object[])
UnityEngine.Logger:Log(LogType, Object)
UnityEngine.Debug:LogWarning(Object)
Mirror.ThreadLog:OnLateUpdate()
Mirror.NetworkLoop:NetworkLateUpdate()
UnityEngine.LowMemoryCallback:Invoke()

[Thread2] GarbageCollector disposing of ComputeBuffer. Please use ComputeBuffer.Release() or .Dispose() to manually release the buffer.
UnityEngine.ComputeBuffer:Finalize()
UnityEngine.DebugLogHandler:LogFormat(LogType, Object, String, Object[])
UnityEngine.Logger:Log(LogType, Object)
UnityEngine.Debug:LogWarning(Object)
Mirror.ThreadLog:OnLateUpdate()
Mirror.NetworkLoop:NetworkLateUpdate()
UnityEngine.LowMemoryCallback:Invoke()

Char Mastery was null on UpdateCharMasteryXp
Char Mastery was null on UpdateCharMasteryBadge
Char Mastery was null on IsMasteryAvailable
OnClientSvInit buildVers=0.1.1758-38212 teamId=2 pId=3 | 4
[Server Version: v0.1.1758-38212]
[GameMode] Loading GameManager (BAPBAP.Game.GameModeBattleRoyale)
Populating Character Buttons
Number of characters is 16
Failed to create agent because there is no valid NavMesh
UnityEngine.Behaviour:set_enabled(Boolean)
BAPBAP.Entities.EntityMovement:Start()

[ line 11004772]

Failed to create agent because there is no valid NavMesh
UnityEngine.Behaviour:set_enabled(Boolean)
BAPBAP.Entities.EntityMovement:Start()

[ line 11004772]

Failed to create agent because there is no valid NavMesh
UnityEngine.Behaviour:set_enabled(Boolean)
BAPBAP.Entities.EntityMovement:Start()

[ line 11004772]

Failed to create agent because there is no valid NavMesh
UnityEngine.Behaviour:set_enabled(Boolean)
BAPBAP.Entities.EntityMovement:Start()

[ line 11004772]

Failed to create agent because there is no valid NavMesh
UnityEngine.Behaviour:set_enabled(Boolean)
BAPBAP.Entities.EntityMovement:Start()

[ line 11004772]

Failed to create agent because there is no valid NavMesh
UnityEngine.Behaviour:set_enabled(Boolean)
BAPBAP.Entities.EntityMovement:Start()

[ line 11004772]

Failed to create agent because there is no valid NavMesh
UnityEngine.Behaviour:set_enabled(Boolean)
BAPBAP.Entities.EntityMovement:Start()

[ line 11004772]

Failed to create agent because there is no valid NavMesh
UnityEngine.Behaviour:set_enabled(Boolean)
BAPBAP.Entities.EntityMovement:Start()

[ line 11004772]

Failed to create agent because there is no valid NavMesh
UnityEngine.Behaviour:set_enabled(Boolean)
BAPBAP.Entities.EntityMovement:Start()

[ line 11004772]

Failed to create agent because there is no valid NavMesh
UnityEngine.Behaviour:set_enabled(Boolean)
BAPBAP.Entities.EntityMovement:Start()

[ line 11004772]

Failed to create agent because there is no valid NavMesh
UnityEngine.Behaviour:set_enabled(Boolean)
BAPBAP.Entities.EntityMovement:Start()

[ line 11004772]

Failed to create agent because there is no valid NavMesh
UnityEngine.Behaviour:set_enabled(Boolean)
BAPBAP.Entities.EntityMovement:Start()

[ line 11004772]

Failed to create agent because there is no valid NavMesh
UnityEngine.Behaviour:set_enabled(Boolean)
BAPBAP.Entities.EntityMovement:Start()

[ line 11004772]

Failed to create agent because there is no valid NavMesh
UnityEngine.Behaviour:set_enabled(Boolean)
BAPBAP.Entities.EntityMovement:Start()

[ line 11004772]

[PLAYERMANAGER] [med-guest] Player On Start | 4
[UpdateGameModes] selectedAvailable True, selectedGameModeId 3
[RegionController] WS for custom - Connection error - Unable to connect to the remote server
[RegionController] WS for custom - Connection closed - Abnormal
Prebaked navmesh data for level 'Map2_BazaarCity 3' succesfully found. Applying now.
Loaded Map Map2_BazaarCity 3
[GameMode] OnEnable | frameCount 59
Cannot combine mesh that does not allow access: PD_OOB_Floor_01
UnityEngine.Mesh:CombineMeshes(CombineInstance[], Boolean)
BAPBAP.Maps.LevelRuntimeManager:CombineMeshes(CombineMeshesMat[], ShadowCastingMode)
BAPBAP.Maps.LevelRuntimeManager:BakeChunkMeshes(MapChunk, Transform)
BAPBAP.Maps.LevelRuntimeManager:LoadChunk(Int32, Vector2Int, Boolean)
BAPBAP.Maps.LevelDynamicLoadProcess:LoadDynamicChunkImmediate(Int32, Vector2Int)
BAPBAP.Maps.DynamicLoadTrigger:TryLoad(LevelDynamicLoadProcess, Boolean)
BAPBAP.Maps.LevelDynamicLoadProcess:TryLoadChunk(Int32, Int32, Int32, Boolean)
BAPBAP.Local.DynamicChunkLoader:UpdateChunkLoad(Boolean)
BAPBAP.Local.DynamicChunkLoader:Update()

[ line 11004740]

Player: {"accountId":"med-guest","username":"Player19","discriminator":1019,"level":1,"charId":0,"bannerId":0,"skins":[300018,300000,300007,300020,300017,300026,300021,300013,300025,300023,300015,300003,300005,300016,300019,300018],"playerStatus":0,"isLeader":true,"isReady":false,"teamId":1,"spawnPosition":0}
Lobby: {"lobbyId":"8Y4JGB","isInvited":false,"LocalAccountId":"med-leader","isOpenLobby":true,"gameModeId":1,"isAutoFill":true,"regionId":"vewr","leaderAccountId":"med-guest","queueSize":0,"queuePlayerCount":0,"mmIsCounting":false,"mmStartingTime":0.0,"queueIsCounting":false,"queueStartingDelay":0,"queueStartingTime":0.0,"isMatchmaking":false,"isInQueue":false,"isInGame":false,"isAdmin":false,"isGuest":false,"isCompleted":true,"gold":9125,"fractals":0,"charTokens":0,"accountPass":{"passLevels":[{"level":1,"xpNeeded":0},{"level":2,"xpNeeded":100},{"level":3,"xpNeeded":200},{"level":4,"xpNeeded":300},{"level":5,"xpNeeded":400},{"level":6,"xpNeeded":500},{"level":7,"xpNeeded":600},{"level":8,"xpNeeded":700},{"level":9,"xpNeeded":800},{"level":10,"xpNeeded":900},{"level":11,"xpNeeded":1000},{"level":12,"xpNeeded":1100},{"level":13,"xpNeeded":1200},{"level":14,"xpNeeded":1300},{"level":15,"xpNeeded":1400},{"level":16,"xpNeeded":1500},{"level":17,"xpNeeded":1600},{"level":18,"xpNeeded":1700},{"level":19,"xpNeeded":1800},{"level":20,"xpNeeded":1900},{"level":21,"xpNeeded":2000},{"level":22,"xpNeeded":2100},{"level":23,"xpNeeded":2200},{"level":24,"xpNeeded":2300},{"level":25,"xpNeeded":2400},{"level":26,"xpNeeded":2500},{"level":27,"xpNeeded":2600},{"level":28,"xpNeeded":2700},{"level":29,"xpNeeded":2800},{"level":30,"xpNeeded":2900},{"level":31,"xpNeeded":3000},{"level":32,"xpNeeded":3100},{"level":33,"xpNeeded":3200},{"level":34,"xpNeeded":3300},{"level":35,"xpNeeded":3400},{"level":36,"xpNeeded":3500},{"level":37,"xpNeeded":3600},{"level":38,"xpNeeded":3700},{"level":39,"xpNeeded":3800},{"level":40,"xpNeeded":3900},{"level":41,"xpNeeded":4000},{"level":42,"xpNeeded":4100},{"level":43,"xpNeeded":4200},{"level":44,"xpNeeded":4300},{"level":45,"xpNeeded":4400},{"level":46,"xpNeeded":4500},{"level":47,"xpNeeded":4600},{"level":48,"xpNeeded":4700},{"level":49,"xpNeeded":4800},{"level":50,"xpNeeded":4900},{"level":51,"xpNeeded":5000},{"level":52,"xpNeeded":5100},{"level":53,"xpNeeded":5200},{"level":54,"xpNeeded":5300},{"level":55,"xpNeeded":5400},{"level":56,"xpNeeded":5500},{"level":57,"xpNeeded":5600},{"level":58,"xpNeeded":5700},{"level":59,"xpNeeded":5800},{"level":60,"xpNeeded":5900},{"level":61,"xpNeeded":6000},{"level":62,"xpNeeded":6100},{"level":63,"xpNeeded":6200},{"level":64,"xpNeeded":6300},{"level":65,"xpNeeded":6400},{"level":66,"xpNeeded":6500},{"level":67,"xpNeeded":6600},{"level":68,"xpNeeded":6700},{"level":69,"xpNeeded":6800},{"level":70,"xpNeeded":6900},{"level":71,"xpNeeded":7000},{"level":72,"xpNeeded":7100},{"level":73,"xpNeeded":7200},{"level":74,"xpNeeded":7300},{"level":75,"xpNeeded":7400},{"level":76,"xpNeeded":7500},{"level":77,"xpNeeded":7600},{"level":78,"xpNeeded":7700},{"level":79,"xpNeeded":7800},{"level":80,"xpNeeded":7900},{"level":81,"xpNeeded":8000},{"level":82,"xpNeeded":8100},{"level":83,"xpNeeded":8200},{"level":84,"xpNeeded":8300},{"level":85,"xpNeeded":8400},{"level":86,"xpNeeded":8500},{"level":87,"xpNeeded":8600},{"level":88,"xpNeeded":8700},{"level":89,"xpNeeded":8800},{"level":90,"xpNeeded":8900},{"level":91,"xpNeeded":9000},{"level":92,"xpNeeded":9100},{"level":93,"xpNeeded":9200},{"level":94,"xpNeeded":9300},{"level":95,"xpNeeded":9400},{"level":96,"xpNeeded":9500},{"level":97,"xpNeeded":9600},{"level":98,"xpNeeded":9700},{"level":99,"xpNeeded":9800},{"level":100,"xpNeeded":9900}]},"accountXp":0,"iapEnabled":false,"creatorCode":"","creatorName":""}
[UpdateGameModes] selectedAvailable False, selectedGameModeId 1
Char Mastery was null on UpdateCharMasteryXp
Char Mastery was null on UpdateCharMasteryBadge
Char Mastery was null on IsMasteryAvailable
Char Mastery was null on UpdateCharMasteryXp
Char Mastery was null on UpdateCharMasteryBadge
Char Mastery was null on IsMasteryAvailable
[UpdateGameModes] selectedAvailable True, selectedGameModeId 3
Char Mastery was null on GetOwnedHighestTierCharMasteryBadge
[TESTLOG] Client disconnected before
[TESTLOG] Client disconnected
[TESTLOG] Client unregistered handler
[GameMode] OnDisable | frameCount 2482
TelepathyTransport Shutdown()
TelepathyTransport Shutdown()
TelepathyTransport Shutdown()
Memory Statistics:
[ALLOC_TEMP_TLS] TLS Allocator
  StackAllocators : 
    [ALLOC_TEMP_MAIN]
      Peak usage frame count: [128.0 KB-256.0 KB]: 2388 frames, [0.5 MB-1.0 MB]: 88 frames, [1.0 MB-2.0 MB]: 1 frames, [2.0 MB-4.0 MB]: 2 frames, [4.0 MB-8.0 MB]: 2 frames
      Initial Block Size 4.0 MB
      Current Block Size 7.9 MB
      Peak Allocated Bytes 7.9 MB
      Overflow Count 15
    [ALLOC_TEMP_Background Job.Worker 2]
      Initial Block Size 32.0 KB
      Current Block Size 32.0 KB
      Peak Allocated Bytes 1.6 KB
      Overflow Count 0
    [ALLOC_TEMP_Background Job.Worker 7]
      Initial Block Size 32.0 KB
      Current Block Size 32.0 KB
      Peak Allocated Bytes 110 B
      Overflow Count 0
    [ALLOC_TEMP_Loading.PreloadManager]
      Initial Block Size 256.0 KB
      Current Block Size 0.5 MB
      Peak Allocated Bytes 499.7 KB
      Overflow Count 215
    [ALLOC_TEMP_UnityGfxDeviceWorker]
      Initial Block Size 256.0 KB
      Current Block Size 280.0 KB
      Peak Allocated Bytes 279.5 KB
      Overflow Count 0
    [ALLOC_TEMP_AssetGarbageCollectorHelper] x 15
      Initial Block Size 64.0 KB
      Current Block Size 64.0 KB
      Peak Allocated Bytes 114 B
      Overflow Count 0
    [ALLOC_TEMP_Background Job.Worker 5]
      Initial Block Size 32.0 KB
      Current Block Size 32.0 KB
      Peak Allocated Bytes 110 B
      Overflow Count 0
    [ALLOC_TEMP_Background Job.Worker 8]
      Initial Block Size 32.0 KB
      Current Block Size 32.0 KB
      Peak Allocated Bytes 110 B
      Overflow Count 0
    [ALLOC_TEMP_Background Job.Worker 9]
      Initial Block Size 32.0 KB
      Current Block Size 32.0 KB
      Peak Allocated Bytes 110 B
      Overflow Count 0
    [ALLOC_TEMP_Job.Worker 6]
      Initial Block Size 256.0 KB
      Current Block Size 256.0 KB
      Peak Allocated Bytes 28.7 KB
      Overflow Count 0
    [ALLOC_TEMP_Job.Worker 0]
      Initial Block Size 256.0 KB
      Current Block Size 256.0 KB
      Peak Allocated Bytes 27.9 KB
      Overflow Count 0
    [ALLOC_TEMP_Background Job.Worker 10]
      Initial Block Size 32.0 KB
      Current Block Size 32.0 KB
      Peak Allocated Bytes 111 B
      Overflow Count 0
    [ALLOC_TEMP_Loading.AsyncRead]
      Initial Block Size 64.0 KB
      Current Block Size 100.0 KB
      Peak Allocated Bytes 98.2 KB
      Overflow Count 0
    [ALLOC_TEMP_Job.Worker 9]
      Initial Block Size 256.0 KB
      Current Block Size 256.0 KB
      Peak Allocated Bytes 28.8 KB
      Overflow Count 0
    [ALLOC_TEMP_Background Job.Worker 13]
      Initial Block Size 32.0 KB
      Current Block Size 32.0 KB
      Peak Allocated Bytes 111 B
      Overflow Count 0
    [ALLOC_TEMP_Job.Worker 5]
      Initial Block Size 256.0 KB
      Current Block Size 256.0 KB
      Peak Allocated Bytes 28.5 KB
      Overflow Count 0
    [ALLOC_TEMP_Job.Worker 8]
      Initial Block Size 256.0 KB
      Current Block Size 256.0 KB
      Peak Allocated Bytes 28.5 KB
      Overflow Count 0
    [ALLOC_TEMP_Background Job.Worker 14]
      Initial Block Size 32.0 KB
      Current Block Size 32.0 KB
      Peak Allocated Bytes 111 B
      Overflow Count 0
    [ALLOC_TEMP_Background Job.Worker 6]
      Initial Block Size 32.0 KB
      Current Block Size 32.0 KB
      Peak Allocated Bytes 110 B
      Overflow Count 0
    [ALLOC_TEMP_Job.Worker 4]
      Initial Block Size 256.0 KB
      Current Block Size 256.0 KB
      Peak Allocated Bytes 28.8 KB
      Overflow Count 0
    [ALLOC_TEMP_Job.Worker 7]
      Initial Block Size 256.0 KB
      Current Block Size 256.0 KB
      Peak Allocated Bytes 28.8 KB
      Overflow Count 0
    [ALLOC_TEMP_Job.Worker 1]
      Initial Block Size 256.0 KB
      Current Block Size 0.5 MB
      Peak Allocated Bytes 510.3 KB
      Overflow Count 91
    [ALLOC_TEMP_Background Job.Worker 11]
      Initial Block Size 32.0 KB
      Current Block Size 32.0 KB
      Peak Allocated Bytes 111 B
      Overflow Count 0
    [ALLOC_TEMP_Job.Worker 2]
      Initial Block Size 256.0 KB
      Current Block Size 256.0 KB
      Peak Allocated Bytes 28.5 KB
      Overflow Count 0
    [ALLOC_TEMP_Background Job.Worker 3]
      Initial Block Size 32.0 KB
      Current Block Size 32.0 KB
      Peak Allocated Bytes 110 B
      Overflow Count 0
    [ALLOC_TEMP_Job.Worker 14]
      Initial Block Size 256.0 KB
      Current Block Size 256.0 KB
      Peak Allocated Bytes 28.2 KB
      Overflow Count 0
    [ALLOC_TEMP_Job.Worker 10]
      Initial Block Size 256.0 KB
      Current Block Size 256.0 KB
      Peak Allocated Bytes 28.6 KB
      Overflow Count 0
    [ALLOC_TEMP_Job.Worker 3]
      Initial Block Size 256.0 KB
      Current Block Size 256.0 KB
      Peak Allocated Bytes 28.8 KB
      Overflow Count 0
    [ALLOC_TEMP_Background Job.Worker 0]
      Initial Block Size 32.0 KB
      Current Block Size 32.0 KB
      Peak Allocated Bytes 110 B
      Overflow Count 0
    [ALLOC_TEMP_CloudJob.Worker 0]
      Initial Block Size 32.0 KB
      Current Block Size 32.0 KB
      Peak Allocated Bytes 3.2 KB
      Overflow Count 0
    [ALLOC_TEMP_Job.Worker 13]
      Initial Block Size 256.0 KB
      Current Block Size 256.0 KB
      Peak Allocated Bytes 28.5 KB
      Overflow Count 0
    [ALLOC_TEMP_Background Job.Worker 12]
      Initial Block Size 32.0 KB
      Current Block Size 32.0 KB
      Peak Allocated Bytes 111 B
      Overflow Count 0
    [ALLOC_TEMP_HIDInput]
      Initial Block Size 64.0 KB
      Current Block Size 64.0 KB
      Peak Allocated Bytes 9.6 KB
      Overflow Count 0
    [ALLOC_TEMP_EnlightenWorker] x 4
      Initial Block Size 64.0 KB
      Current Block Size 64.0 KB
      Peak Allocated Bytes 42 B
      Overflow Count 0
    [ALLOC_TEMP_Background Job.Worker 15]
      Initial Block Size 32.0 KB
      Current Block Size 32.0 KB
      Peak Allocated Bytes 111 B
      Overflow Count 0
    [ALLOC_TEMP_Job.Worker 12]
      Initial Block Size 256.0 KB
      Current Block Size 256.0 KB
      Peak Allocated Bytes 28.6 KB
      Overflow Count 0
    [ALLOC_TEMP_Background Job.Worker 1]
      Initial Block Size 32.0 KB
      Current Block Size 32.0 KB
      Peak Allocated Bytes 2.7 KB
      Overflow Count 0
    [ALLOC_TEMP_Background Job.Worker 4]
      Initial Block Size 32.0 KB
      Current Block Size 32.0 KB
      Peak Allocated Bytes 110 B
      Overflow Count 0
    [ALLOC_TEMP_Job.Worker 11]
      Initial Block Size 256.0 KB
      Current Block Size 256.0 KB
      Peak Allocated Bytes 28.5 KB
      Overflow Count 0
    [ALLOC_TEMP_BatchDeleteObjects]
      Initial Block Size 64.0 KB
      Current Block Size 64.0 KB
      Peak Allocated Bytes 42 B
      Overflow Count 0
[ALLOC_DEFAULT] Dual Thread Allocator
  Peak main deferred allocation count 42239
    [ALLOC_BUCKET]
      Large Block size 4.0 MB
      Used Block count 1
      Peak Allocated bytes 4.0 MB
      Failed Allocations. Bucket layout:
        16B: 173 Subsections = 177152 buckets. Failed count: 1422015
        32B: 28 Subsections = 14336 buckets. Failed count: 1281582
        48B: 20 Subsections = 6826 buckets. Failed count: 194783
        64B: 15 Subsections = 3840 buckets. Failed count: 166516
        80B: 12 Subsections = 2457 buckets. Failed count: 164787
        96B: 5 Subsections = 853 buckets. Failed count: 121319
        112B: 2 Subsections = 292 buckets. Failed count: 9882
        128B: 1 Subsections = 128 buckets. Failed count: 84063
    [ALLOC_DEFAULT_MAIN]
      Peak usage frame count: [64.0 MB-128.0 MB]: 52 frames, [128.0 MB-256.0 MB]: 2429 frames
      Requested Block Size 16.0 MB
      Peak Block count 10
      Peak Allocated memory 141.2 MB
      Peak Large allocation bytes 8.0 MB
    [ALLOC_DEFAULT_THREAD]
      Peak usage frame count: [128.0 MB-256.0 MB]: 2481 frames
      Requested Block Size 16.0 MB
      Peak Block count 14
      Peak Allocated memory 230.3 MB
      Peak Large allocation bytes 96.0 MB
[ALLOC_TEMP_JOB_1_FRAME]
  Initial Block Size 2.0 MB
  Used Block Count 0
  Overflow Count (too large) 0
  Overflow Count (full) 0
[ALLOC_TEMP_JOB_2_FRAMES]
  Initial Block Size 2.0 MB
  Used Block Count 0
  Overflow Count (too large) 0
  Overflow Count (full) 0
[ALLOC_TEMP_JOB_4_FRAMES (JobTemp)]
  Initial Block Size 2.0 MB
  Used Block Count 1
  Overflow Count (too large) 0
  Overflow Count (full) 0
[ALLOC_TEMP_JOB_ASYNC (Background)]
  Initial Block Size 1.0 MB
  Used Block Count 1
  Overflow Count (too large) 0
  Overflow Count (full) 0
[ALLOC_GFX] Dual Thread Allocator
  Peak main deferred allocation count 26
    [ALLOC_BUCKET]
      Large Block size 4.0 MB
      Used Block count 1
      Peak Allocated bytes 4.0 MB
      Failed Allocations. Bucket layout:
        16B: 173 Subsections = 177152 buckets. Failed count: 1422015
        32B: 28 Subsections = 14336 buckets. Failed count: 1281582
        48B: 20 Subsections = 6826 buckets. Failed count: 194783
        64B: 15 Subsections = 3840 buckets. Failed count: 166516
        80B: 12 Subsections = 2457 buckets. Failed count: 164787
        96B: 5 Subsections = 853 buckets. Failed count: 121319
        112B: 2 Subsections = 292 buckets. Failed count: 9882
        128B: 1 Subsections = 128 buckets. Failed count: 84063
    [ALLOC_GFX_MAIN]
      Peak usage frame count: [8.0 MB-16.0 MB]: 56 frames, [16.0 MB-32.0 MB]: 3 frames, [32.0 MB-64.0 MB]: 2422 frames
      Requested Block Size 16.0 MB
      Peak Block count 5
      Peak Allocated memory 62.7 MB
      Peak Large allocation bytes 0 B
    [ALLOC_GFX_THREAD]
      Peak usage frame count: [64.0 MB-128.0 MB]: 9 frames, [128.0 MB-256.0 MB]: 2472 frames
      Requested Block Size 16.0 MB
      Peak Block count 10
      Peak Allocated memory 154.8 MB
      Peak Large allocation bytes 0 B
[ALLOC_CACHEOBJECTS] Dual Thread Allocator
  Peak main deferred allocation count 6
    [ALLOC_BUCKET]
      Large Block size 4.0 MB
      Used Block count 1
      Peak Allocated bytes 4.0 MB
      Failed Allocations. Bucket layout:
        16B: 173 Subsections = 177152 buckets. Failed count: 1422015
        32B: 28 Subsections = 14336 buckets. Failed count: 1281582
        48B: 20 Subsections = 6826 buckets. Failed count: 194783
        64B: 15 Subsections = 3840 buckets. Failed count: 166516
        80B: 12 Subsections = 2457 buckets. Failed count: 164787
        96B: 5 Subsections = 853 buckets. Failed count: 121319
        112B: 2 Subsections = 292 buckets. Failed count: 9882
        128B: 1 Subsections = 128 buckets. Failed count: 84063
    [ALLOC_CACHEOBJECTS_MAIN]
      Peak usage frame count: [128.0 MB-256.0 MB]: 2481 frames
      Requested Block Size 4.0 MB
      Peak Block count 30
      Peak Allocated memory 202.2 MB
      Peak Large allocation bytes 116.5 MB
    [ALLOC_CACHEOBJECTS_THREAD]
      Peak usage frame count: [128.0 MB-256.0 MB]: 2481 frames
      Requested Block Size 4.0 MB
      Peak Block count 52
      Peak Allocated memory 186.1 MB
      Peak Large allocation bytes 2.7 MB
[ALLOC_TYPETREE] Dual Thread Allocator
  Peak main deferred allocation count 2
    [ALLOC_BUCKET]
      Large Block size 4.0 MB
      Used Block count 1
      Peak Allocated bytes 4.0 MB
      Failed Allocations. Bucket layout:
        16B: 173 Subsections = 177152 buckets. Failed count: 1422015
        32B: 28 Subsections = 14336 buckets. Failed count: 1281582
        48B: 20 Subsections = 6826 buckets. Failed count: 194783
        64B: 15 Subsections = 3840 buckets. Failed count: 166516
        80B: 12 Subsections = 2457 buckets. Failed count: 164787
        96B: 5 Subsections = 853 buckets. Failed count: 121319
        112B: 2 Subsections = 292 buckets. Failed count: 9882
        128B: 1 Subsections = 128 buckets. Failed count: 84063
    [ALLOC_TYPETREE_MAIN]
      Peak usage frame count: [0.5 MB-1.0 MB]: 2481 frames
      Requested Block Size 2.0 MB
      Peak Block count 1
      Peak Allocated memory 0.7 MB
      Peak Large allocation bytes 0 B
    [ALLOC_TYPETREE_THREAD]
      Peak usage frame count: [256.0 KB-0.5 MB]: 2481 frames
      Requested Block Size 2.0 MB
      Peak Block count 1
      Peak Allocated memory 486.1 KB
      Peak Large allocation bytes 0 B
