[PhysX] Initialized MultithreadedTaskDispatcher with 16 workers.
Initialize engine version: 2022.3.38f1 (c5d5a7410213)
[Subsystems] Discovering subsystems at path C:/Users/Administrator/Downloads/CustomServer/Spiel/Battleroyalebuild/bapbap_Data/UnitySubsystems
GfxDevice: creating device client; threaded=1; jobified=0
Direct3D:
    Version:  Direct3D 11.0 [level 11.1]
    Renderer: NVIDIA GeForce RTX 3060 Ti (ID=0x2486)
    Vendor:   NVIDIA
    VRAM:     3072 MB
    Driver:   32.0.15.9621
<b>[App UI]</b> Unable to find an AppUISettings instance, creating a default one...
UnityEngine.DebugLogHandler:LogFormat(LogType, Object, String, Object[])
UnityEngine.Logger:Log(LogType, Object)
UnityEngine.Debug:LogWarning(Object)
Unity.AppUI.Core.AppUI:InitializeInPlayer()

<RI> Initializing input.
New input system (experimental) initialized
Using Windows.Gaming.Input
<RI> Input initialized.
<RI> Initialized touch support.
-------------------------------------------------------------------------------------------------------
UnityEngine.DebugLogHandler:LogFormat(LogType, Object, String, Object[])
UnityEngine.Logger:Log(LogType, Object)
UnityEngine.Debug:Log(Object)

~   This Game has been MODIFIED using MelonLoader. DO NOT report any issues to the Game Developers!   ~
UnityEngine.DebugLogHandler:LogFormat(LogType, Object, String, Object[])
UnityEngine.Logger:Log(LogType, Object)
UnityEngine.Debug:Log(Object)

-------------------------------------------------------------------------------------------------------
UnityEngine.DebugLogHandler:LogFormat(LogType, Object, String, Object[])
UnityEngine.Logger:Log(LogType, Object)
UnityEngine.Debug:Log(Object)

The referenced script on this Behaviour (Game Object 'Blitz') is missing!
[PhysX] Initialized MultithreadedTaskDispatcher with 16 workers.
UnloadTime: 4.428300 ms
ThreadLog initialized.
UnityEngine.DebugLogHandler:LogFormat(LogType, Object, String, Object[])
UnityEngine.Logger:Log(LogType, Object)
UnityEngine.Debug:Log(Object)
Mirror.ThreadLog:Initialize()

[PREAWAKE] ENV_PRODUCTION
UnityEngine.DebugLogHandler:LogFormat(LogType, Object, String, Object[])
UnityEngine.Logger:Log(LogType, Object)
UnityEngine.Debug:Log(Object)
BAPBAP.Local.PreAwakeManager:Awake()

[PREAWAKE] BACKEND_STRIP
UnityEngine.DebugLogHandler:LogFormat(LogType, Object, String, Object[])
UnityEngine.Logger:Log(LogType, Object)
UnityEngine.Debug:Log(Object)
BAPBAP.Local.PreAwakeManager:Awake()

[PREAWAKE] hostname= VINCENT
UnityEngine.DebugLogHandler:LogFormat(LogType, Object, String, Object[])
UnityEngine.Logger:Log(LogType, Object)
UnityEngine.Debug:Log(Object)
BAPBAP.Local.PreAwakeManager:Awake()

[PREAWAKE] environment= Production
UnityEngine.DebugLogHandler:LogFormat(LogType, Object, String, Object[])
UnityEngine.Logger:Log(LogType, Object)
UnityEngine.Debug:Log(Object)
BAPBAP.Local.PreAwakeManager:Awake()

[PREAWAKE] version = v0.1.1758-38212
UnityEngine.DebugLogHandler:LogFormat(LogType, Object, String, Object[])
UnityEngine.Logger:Log(LogType, Object)
UnityEngine.Debug:Log(Object)
BAPBAP.Local.PreAwakeManager:Awake()

[PREAWAKE] networkConfigEnv = Staging
UnityEngine.DebugLogHandler:LogFormat(LogType, Object, String, Object[])
UnityEngine.Logger:Log(LogType, Object)
UnityEngine.Debug:Log(Object)
BAPBAP.Local.PreAwakeManager:Awake()

[PREAWAKE] networkConfigsServer = ServerConfig { 
MatchmakingHost: , 
ListenPort: 0, 
HeaderSecretKey: , 
HeaderSecret: , 
DebugPassword: , 
DebugSquadPassword: , 
DevGameAuthId: , 
}
UnityEngine.DebugLogHandler:LogFormat(LogType, Object, String, Object[])
UnityEngine.Logger:Log(LogType, Object)
UnityEngine.Debug:Log(Object)
BAPBAP.Local.PreAwakeManager:Awake()

[PREAWAKE] networkConfigsClient = ClientConfig { 
ApiHost: http://127.0.0.1:5055, 
CookieDomain: .bapbap.gg, 
CookieSessionKey: sid, 
}
UnityEngine.DebugLogHandler:LogFormat(LogType, Object, String, Object[])
UnityEngine.Logger:Log(LogType, Object)
UnityEngine.Debug:Log(Object)
BAPBAP.Local.PreAwakeManager:Awake()

[PREAWAKE] logConfigEnv = Staging
UnityEngine.DebugLogHandler:LogFormat(LogType, Object, String, Object[])
UnityEngine.Logger:Log(LogType, Object)
UnityEngine.Debug:Log(Object)
BAPBAP.Local.PreAwakeManager:Awake()

[PREAWAKE] Args start
UnityEngine.DebugLogHandler:LogFormat(LogType, Object, String, Object[])
UnityEngine.Logger:Log(LogType, Object)
UnityEngine.Debug:Log(Object)
BAPBAP.Local.PreAwakeManager:Awake()

C:\Users\Administrator\Downloads\CustomServer\Spiel\Battleroyalebuild\bapbap.exe
UnityEngine.DebugLogHandler:LogFormat(LogType, Object, String, Object[])
UnityEngine.Logger:Log(LogType, Object)
UnityEngine.Debug:Log(Object)
BAPBAP.Local.PreAwakeManager:Awake()

-logFile
UnityEngine.DebugLogHandler:LogFormat(LogType, Object, String, Object[])
UnityEngine.Logger:Log(LogType, Object)
UnityEngine.Debug:Log(Object)
BAPBAP.Local.PreAwakeManager:Awake()

C:\Users\Administrator\Downloads\CustomServer\CustomMatchServer\logs\game-servers\client-autojoin-guest-smoke-custom-20260523212256-3418.log
UnityEngine.DebugLogHandler:LogFormat(LogType, Object, String, Object[])
UnityEngine.Logger:Log(LogType, Object)
UnityEngine.Debug:Log(Object)
BAPBAP.Local.PreAwakeManager:Awake()

--melonloader.debug
UnityEngine.DebugLogHandler:LogFormat(LogType, Object, String, Object[])
UnityEngine.Logger:Log(LogType, Object)
UnityEngine.Debug:Log(Object)
BAPBAP.Local.PreAwakeManager:Awake()

--melonloader.captureplayerlogs
UnityEngine.DebugLogHandler:LogFormat(LogType, Object, String, Object[])
UnityEngine.Logger:Log(LogType, Object)
UnityEngine.Debug:Log(Object)
BAPBAP.Local.PreAwakeManager:Awake()

--melonloader.agfoffline
UnityEngine.DebugLogHandler:LogFormat(LogType, Object, String, Object[])
UnityEngine.Logger:Log(LogType, Object)
UnityEngine.Debug:Log(Object)
BAPBAP.Local.PreAwakeManager:Awake()

--bapcustom-use-proxy=false
UnityEngine.DebugLogHandler:LogFormat(LogType, Object, String, Object[])
UnityEngine.Logger:Log(LogType, Object)
UnityEngine.Debug:Log(Object)
BAPBAP.Local.PreAwakeManager:Awake()

--bapcustom-show-ui=false
UnityEngine.DebugLogHandler:LogFormat(LogType, Object, String, Object[])
UnityEngine.Logger:Log(LogType, Object)
UnityEngine.Debug:Log(Object)
BAPBAP.Local.PreAwakeManager:Awake()

--bapcustom-server-port=5181
UnityEngine.DebugLogHandler:LogFormat(LogType, Object, String, Object[])
UnityEngine.Logger:Log(LogType, Object)
UnityEngine.Debug:Log(Object)
BAPBAP.Local.PreAwakeManager:Awake()

--bapcustom-account-id=guest-smoke
UnityEngine.DebugLogHandler:LogFormat(LogType, Object, String, Object[])
UnityEngine.Logger:Log(LogType, Object)
UnityEngine.Debug:Log(Object)
BAPBAP.Local.PreAwakeManager:Awake()

--bapcustom-username=guest-smoke
UnityEngine.DebugLogHandler:LogFormat(LogType, Object, String, Object[])
UnityEngine.Logger:Log(LogType, Object)
UnityEngine.Debug:Log(Object)
BAPBAP.Local.PreAwakeManager:Awake()

--bapcustom-join-auth=2fbfc55e856145338f912e409ef40410
UnityEngine.DebugLogHandler:LogFormat(LogType, Object, String, Object[])
UnityEngine.Logger:Log(LogType, Object)
UnityEngine.Debug:Log(Object)
BAPBAP.Local.PreAwakeManager:Awake()

--bapcustom-join-host=127.0.0.1
UnityEngine.DebugLogHandler:LogFormat(LogType, Object, String, Object[])
UnityEngine.Logger:Log(LogType, Object)
UnityEngine.Debug:Log(Object)
BAPBAP.Local.PreAwakeManager:Awake()

--bapcustom-join-ws=7777
UnityEngine.DebugLogHandler:LogFormat(LogType, Object, String, Object[])
UnityEngine.Logger:Log(LogType, Object)
UnityEngine.Debug:Log(Object)
BAPBAP.Local.PreAwakeManager:Awake()

--bapcustom-join-kcp=7778
UnityEngine.DebugLogHandler:LogFormat(LogType, Object, String, Object[])
UnityEngine.Logger:Log(LogType, Object)
UnityEngine.Debug:Log(Object)
BAPBAP.Local.PreAwakeManager:Awake()

--bapcustom-join-tcp=7779
UnityEngine.DebugLogHandler:LogFormat(LogType, Object, String, Object[])
UnityEngine.Logger:Log(LogType, Object)
UnityEngine.Debug:Log(Object)
BAPBAP.Local.PreAwakeManager:Awake()

[PREAWAKE] Args end | http=-1 ws=-1 kcp=-1 tcp=-1
UnityEngine.DebugLogHandler:LogFormat(LogType, Object, String, Object[])
UnityEngine.Logger:Log(LogType, Object)
UnityEngine.Debug:Log(Object)
BAPBAP.Local.PreAwakeManager:Awake()

[LocalSavedData] InitializeSystemResolutions - nativeSystemResolution: 3440 x 1440 @ 99.998Hz
[LocalSavedData] InitializeSystemResolutions - res: UnityEngine.Resolution[], length: 68
Found supported resolution: (3440, 1440)
STEAM: Steam unavailable
[Spatial Hash] Partial Rebuild Interval = 0,25
1800
[UIDropdownController] No values added to the dropdown
[UIDropdownController] No values added to the dropdown
UILobby platform variant not found: WindowsPlayer using default
UnityEngine.DebugLogHandler:LogFormat(LogType, Object, String, Object[])
UnityEngine.Logger:Log(LogType, Object)
UnityEngine.Debug:LogWarning(Object)
BAPBAP.UI.UILobbyConfiguration:get_PrefabVariant()
BAPBAP.UI.UILobby:Build()
BAPBAP.UI.<Awake>d__111:MoveNext()
System.Runtime.CompilerServices.AsyncVoidMethodBuilder:Start(TStateMachine&)
BAPBAP.UI.UIManager:Awake()

Color primaries 0 is unknown or unsupported by WindowsMediaFoundation. Falling back to default may result in color shift. C:/Users/Administrator/Downloads/CustomServer/Spiel/Battleroyalebuild/bapbap_Data/sharedassets0.resource
[UICharactersConfiguration] No characters available in lobby.
UnityEngine.DebugLogHandler:LogFormat(LogType, Object, String, Object[])
UnityEngine.Logger:Log(LogType, Object)
UnityEngine.Debug:LogError(Object)
BAPBAP.UI.UICharactersConfiguration:TryGetLobbyCharConfigByIndex(Int32, CharacterConfiguration&)
BAPBAP.UI.UILobbyCharacterSelectPage:OpenCharacterSummaryPage()
BAPBAP.UI.UILobbyCharacterSelectPage:Build(Configuration, Translator)
BAPBAP.UI.UILobbyTabGroup:Build(Configuration, Translator)
BAPBAP.UI.UILobby:Build()
BAPBAP.UI.<Awake>d__111:MoveNext()
System.Runtime.CompilerServices.AsyncVoidMethodBuilder:Start(TStateMachine&)
BAPBAP.UI.UIManager:Awake()

Opening Lobby UI :) at the time of 23.05.2026 23:23:33
TelepathyTransport initialized!
[LocalSavedData] Set Quick cast = False
Connect MM: AuthId=2fbfc55e856145338f912e409ef40410 Hostname=127.0.0.1 wsPort=7777 kcpPort=7778 tcpPort=7779 Secure=False
Running Client/Host Build - Vsync:0 - FPS:-1
Warming shader: Toon_Frozen_Legacy
Warming shader: Toon_Frozen_Amplify
Warming shader: InstancedIndirectGrass
Warming shader: DrownedGrass
Warming shader: InstancedIndirectTrash
[TESTLOG] Client connected before
[TESTLOG] Client connected
[TESTLOG] Client registered handler
[TESTLOG] Client sent init
Send event Game Joined with 0 games played (exclusive)
[TESTLOG] Client disconnected before
[TESTLOG] Client disconnected
[TESTLOG] Client unregistered handler
Curl error 7: Failed to connect to 127.0.0.1 port 5055 after 2033 ms: Couldn't connect to server
HttpClient HTTP Error: Cannot connect to destination host | 
UnityEngine.DebugLogHandler:LogFormat(LogType, Object, String, Object[])
UnityEngine.Logger:Log(LogType, Object)
UnityEngine.Debug:LogError(Object)
BAPBAP.Network.<SendGetRoutine>d__11`1:MoveNext()
UnityEngine.SetupCoroutine:InvokeMoveNext(IEnumerator, IntPtr)

Running Client/Host Build - Vsync:0 - FPS:-1
[TESTLOG] Client connected before
[TESTLOG] Client connected
[TESTLOG] Client registered handler
[TESTLOG] Client sent init
Send event Game Joined with 0 games played (exclusive)
[TESTLOG] Client disconnected before
[TESTLOG] Client disconnected
[TESTLOG] Client unregistered handler
Running Client/Host Build - Vsync:0 - FPS:-1
[TESTLOG] Client connected before
[TESTLOG] Client connected
[TESTLOG] Client registered handler
[TESTLOG] Client sent init
Send event Game Joined with 0 games played (exclusive)
[TESTLOG] Client disconnected before
[TESTLOG] Client disconnected
[TESTLOG] Client unregistered handler
[GameManager] ClOnMatchEnded | frame 102
Unloading 5 Unused Serialized files (Serialized files now loaded: 0)
NullReferenceException: Object reference not set to an instance of an object.
  at BAPBAP.Game.GameManager.ClOnMatchEnded () [0x00000] in <00000000000000000000000000000000>:0 
  at BAPBAP.Network.GameNetworkManager+<ReconnectRoutine>d__52.MoveNext () [0x00000] in <00000000000000000000000000000000>:0 
  at UnityEngine.SetupCoroutine.InvokeMoveNext (System.Collections.IEnumerator enumerator, System.IntPtr returnValueAddress) [0x00000] in <00000000000000000000000000000000>:0 
  at UnityEngine.MonoBehaviour.StartCoroutine (System.Collections.IEnumerator routine) [0x00000] in <00000000000000000000000000000000>:0 
  at BAPBAP.Network.GameNetworkManager.OnClientDisconnect () [0x00000] in <00000000000000000000000000000000>:0 
  at Mirror.NetworkManager.OnClientDisconnectInternal () [0x00000] in <00000000000000000000000000000000>:0 
  at Mirror.NetworkClient.OnTransportDisconnected () [0x00000] in <00000000000000000000000000000000>:0 
  at Edgegap.EdgegapKcpTransport.<Awake>b__8_3 () [0x00000] in <00000000000000000000000000000000>:0 
  at kcp2k.KcpClient.OnDisconnected () [0x00000] in <00000000000000000000000000000000>:0 
  at kcp2k.KcpPeer.Disconnect () [0x00000] in <00000000000000000000000000000000>:0 
  at kcp2k.KcpPeer.OnRawInputUnreliable (System.ArraySegment`1[T] message) [0x00000] in <00000000000000000000000000000000>:0 
  at kcp2k.KcpClient.RawInput (System.ArraySegment`1[T] segment) [0x00000] in <00000000000000000000000000000000>:0 
  at kcp2k.KcpClient.TickIncoming () [0x00000] in <00000000000000000000000000000000>:0 
  at kcp2k.KcpTransport.ClientEarlyUpdate () [0x00000] in <00000000000000000000000000000000>:0 
  at Mirror.NetworkClient.NetworkEarlyUpdate () [0x00000] in <00000000000000000000000000000000>:0 
  at Mirror.NetworkLoop.NetworkEarlyUpdate () [0x00000] in <00000000000000000000000000000000>:0 
  at UnityEngine.Application+LowMemoryCallback.Invoke () [0x00000] in <00000000000000000000000000000000>:0 
UnityEngine.MonoBehaviour:StartCoroutine(IEnumerator)
BAPBAP.Network.GameNetworkManager:OnClientDisconnect()
Mirror.NetworkManager:OnClientDisconnectInternal()
Mirror.NetworkClient:OnTransportDisconnected()
Edgegap.EdgegapKcpTransport:<Awake>b__8_3()
kcp2k.KcpClient:OnDisconnected()
kcp2k.KcpPeer:Disconnect()
kcp2k.KcpPeer:OnRawInputUnreliable(ArraySegment`1)
kcp2k.KcpClient:RawInput(ArraySegment`1)
kcp2k.KcpClient:TickIncoming()
kcp2k.KcpTransport:ClientEarlyUpdate()
Mirror.NetworkClient:NetworkEarlyUpdate()
Mirror.NetworkLoop:NetworkEarlyUpdate()
UnityEngine.LowMemoryCallback:Invoke()

Unloading 37 unused Assets to reduce memory usage. Loaded Objects now: 217605.
Total: 135.344500 ms (FindLiveObjects: 22.960200 ms CreateObjectMapping: 13.660200 ms MarkObjects: 98.443100 ms  DeleteObjects: 0.280400 ms)

GarbageCollector disposing of ComputeBuffer. Please use ComputeBuffer.Release() or .Dispose() to manually release the buffer.
UnityEngine.DebugLogHandler:LogFormat(LogType, Object, String, Object[])
UnityEngine.Logger:Log(LogType, Object)
UnityEngine.Debug:LogWarning(Object)
UnityEngine.ComputeBuffer:Finalize()

GarbageCollector disposing of ComputeBuffer. Please use ComputeBuffer.Release() or .Dispose() to manually release the buffer.
UnityEngine.DebugLogHandler:LogFormat(LogType, Object, String, Object[])
UnityEngine.Logger:Log(LogType, Object)
UnityEngine.Debug:LogWarning(Object)
UnityEngine.ComputeBuffer:Finalize()

[Thread2] GarbageCollector disposing of ComputeBuffer. Please use ComputeBuffer.Release() or .Dispose() to manually release the buffer.
UnityEngine.ComputeBuffer:Finalize()
UnityEngine.DebugLogHandler:LogFormat(LogType, Object, String, Object[])
UnityEngine.Logger:Log(LogType, Object)
UnityEngine.Debug:LogWarning(Object)
Mirror.ThreadLog:OnLateUpdate()
Mirror.NetworkLoop:NetworkLateUpdate()
UnityEngine.LowMemoryCallback:Invoke()

[Thread2] GarbageCollector disposing of ComputeBuffer. Please use ComputeBuffer.Release() or .Dispose() to manually release the buffer.
UnityEngine.ComputeBuffer:Finalize()
UnityEngine.DebugLogHandler:LogFormat(LogType, Object, String, Object[])
UnityEngine.Logger:Log(LogType, Object)
UnityEngine.Debug:LogWarning(Object)
Mirror.ThreadLog:OnLateUpdate()
Mirror.NetworkLoop:NetworkLateUpdate()
UnityEngine.LowMemoryCallback:Invoke()

