[PhysX] Initialized MultithreadedTaskDispatcher with 16 workers.
Initialize engine version: 2022.3.38f1 (c5d5a7410213)
[Subsystems] Discovering subsystems at path C:/Users/Administrator/Downloads/CustomServer/Spiel/Battleroyalebuild/bapbap_Data/UnitySubsystems
GfxDevice: creating device client; threaded=0; jobified=0
Direct3D:
    Version:  Direct3D 11.0 [level 11.1]
    Renderer: NVIDIA GeForce RTX 3060 Ti (ID=0x2486)
    Vendor:   NVIDIA
    VRAM:     3072 MB
    Driver:   32.0.15.9621
<b>[App UI]</b> Unable to find an AppUISettings instance, creating a default one...
UnityEngine.DebugLogHandler:LogFormat(LogType, Object, String, Object[])
UnityEngine.Logger:Log(LogType, Object)
UnityEngine.Debug:LogWarning(Object)
Unity.AppUI.Core.AppUI:InitializeInPlayer()

-------------------------------------------------------------------------------------------------------
UnityEngine.DebugLogHandler:LogFormat(LogType, Object, String, Object[])
UnityEngine.Logger:Log(LogType, Object)
UnityEngine.Debug:Log(Object)

~   This Game has been MODIFIED using MelonLoader. DO NOT report any issues to the Game Developers!   ~
UnityEngine.DebugLogHandler:LogFormat(LogType, Object, String, Object[])
UnityEngine.Logger:Log(LogType, Object)
UnityEngine.Debug:Log(Object)

-------------------------------------------------------------------------------------------------------
UnityEngine.DebugLogHandler:LogFormat(LogType, Object, String, Object[])
UnityEngine.Logger:Log(LogType, Object)
UnityEngine.Debug:Log(Object)

The referenced script on this Behaviour (Game Object 'Blitz') is missing!
[PhysX] Initialized MultithreadedTaskDispatcher with 16 workers.
UnloadTime: 5.514300 ms
ThreadLog initialized.
UnityEngine.DebugLogHandler:LogFormat(LogType, Object, String, Object[])
UnityEngine.Logger:Log(LogType, Object)
UnityEngine.Debug:Log(Object)
Mirror.ThreadLog:Initialize()

[PREAWAKE] ENV_PRODUCTION
UnityEngine.DebugLogHandler:LogFormat(LogType, Object, String, Object[])
UnityEngine.Logger:Log(LogType, Object)
UnityEngine.Debug:Log(Object)
BAPBAP.Local.PreAwakeManager:Awake()

[PREAWAKE] BACKEND_STRIP
UnityEngine.DebugLogHandler:LogFormat(LogType, Object, String, Object[])
UnityEngine.Logger:Log(LogType, Object)
UnityEngine.Debug:Log(Object)
BAPBAP.Local.PreAwakeManager:Awake()

[PREAWAKE] hostname= VINCENT
UnityEngine.DebugLogHandler:LogFormat(LogType, Object, String, Object[])
UnityEngine.Logger:Log(LogType, Object)
UnityEngine.Debug:Log(Object)
BAPBAP.Local.PreAwakeManager:Awake()

[PREAWAKE] environment= Production
UnityEngine.DebugLogHandler:LogFormat(LogType, Object, String, Object[])
UnityEngine.Logger:Log(LogType, Object)
UnityEngine.Debug:Log(Object)
BAPBAP.Local.PreAwakeManager:Awake()

[PREAWAKE] version = v0.1.1758-38212
UnityEngine.DebugLogHandler:LogFormat(LogType, Object, String, Object[])
UnityEngine.Logger:Log(LogType, Object)
UnityEngine.Debug:Log(Object)
BAPBAP.Local.PreAwakeManager:Awake()

[PREAWAKE] networkConfigEnv = Staging
UnityEngine.DebugLogHandler:LogFormat(LogType, Object, String, Object[])
UnityEngine.Logger:Log(LogType, Object)
UnityEngine.Debug:Log(Object)
BAPBAP.Local.PreAwakeManager:Awake()

[PREAWAKE] networkConfigsServer = ServerConfig { 
MatchmakingHost: , 
ListenPort: 0, 
HeaderSecretKey: , 
HeaderSecret: , 
DebugPassword: , 
DebugSquadPassword: , 
DevGameAuthId: , 
}
UnityEngine.DebugLogHandler:LogFormat(LogType, Object, String, Object[])
UnityEngine.Logger:Log(LogType, Object)
UnityEngine.Debug:Log(Object)
BAPBAP.Local.PreAwakeManager:Awake()

[PREAWAKE] networkConfigsClient = ClientConfig { 
ApiHost: http://127.0.0.1:5055, 
CookieDomain: .bapbap.gg, 
CookieSessionKey: sid, 
}
UnityEngine.DebugLogHandler:LogFormat(LogType, Object, String, Object[])
UnityEngine.Logger:Log(LogType, Object)
UnityEngine.Debug:Log(Object)
BAPBAP.Local.PreAwakeManager:Awake()

[PREAWAKE] logConfigEnv = Staging
UnityEngine.DebugLogHandler:LogFormat(LogType, Object, String, Object[])
UnityEngine.Logger:Log(LogType, Object)
UnityEngine.Debug:Log(Object)
BAPBAP.Local.PreAwakeManager:Awake()

[PREAWAKE] Args start
UnityEngine.DebugLogHandler:LogFormat(LogType, Object, String, Object[])
UnityEngine.Logger:Log(LogType, Object)
UnityEngine.Debug:Log(Object)
BAPBAP.Local.PreAwakeManager:Awake()

C:\Users\Administrator\Downloads\CustomServer\Spiel\Battleroyalebuild\bapbap.exe
UnityEngine.DebugLogHandler:LogFormat(LogType, Object, String, Object[])
UnityEngine.Logger:Log(LogType, Object)
UnityEngine.Debug:Log(Object)
BAPBAP.Local.PreAwakeManager:Awake()

-batchmode
UnityEngine.DebugLogHandler:LogFormat(LogType, Object, String, Object[])
UnityEngine.Logger:Log(LogType, Object)
UnityEngine.Debug:Log(Object)
BAPBAP.Local.PreAwakeManager:Awake()

-logFile
UnityEngine.DebugLogHandler:LogFormat(LogType, Object, String, Object[])
UnityEngine.Logger:Log(LogType, Object)
UnityEngine.Debug:Log(Object)
BAPBAP.Local.PreAwakeManager:Awake()

C:\Users\Administrator\Downloads\CustomServer\CustomMatchServer\logs\game-servers\custom-20260620094908-7698.attempt1.log
UnityEngine.DebugLogHandler:LogFormat(LogType, Object, String, Object[])
UnityEngine.Logger:Log(LogType, Object)
UnityEngine.Debug:Log(Object)
BAPBAP.Local.PreAwakeManager:Awake()

-httpport=7850
UnityEngine.DebugLogHandler:LogFormat(LogType, Object, String, Object[])
UnityEngine.Logger:Log(LogType, Object)
UnityEngine.Debug:Log(Object)
BAPBAP.Local.PreAwakeManager:Awake()

-wsport=7777
UnityEngine.DebugLogHandler:LogFormat(LogType, Object, String, Object[])
UnityEngine.Logger:Log(LogType, Object)
UnityEngine.Debug:Log(Object)
BAPBAP.Local.PreAwakeManager:Awake()

-kcpport=7778
UnityEngine.DebugLogHandler:LogFormat(LogType, Object, String, Object[])
UnityEngine.Logger:Log(LogType, Object)
UnityEngine.Debug:Log(Object)
BAPBAP.Local.PreAwakeManager:Awake()

-tcpport=7779
UnityEngine.DebugLogHandler:LogFormat(LogType, Object, String, Object[])
UnityEngine.Logger:Log(LogType, Object)
UnityEngine.Debug:Log(Object)
BAPBAP.Local.PreAwakeManager:Awake()

--melonloader.agfoffline
UnityEngine.DebugLogHandler:LogFormat(LogType, Object, String, Object[])
UnityEngine.Logger:Log(LogType, Object)
UnityEngine.Debug:Log(Object)
BAPBAP.Local.PreAwakeManager:Awake()

--bapcustom-use-proxy=false
UnityEngine.DebugLogHandler:LogFormat(LogType, Object, String, Object[])
UnityEngine.Logger:Log(LogType, Object)
UnityEngine.Debug:Log(Object)
BAPBAP.Local.PreAwakeManager:Awake()

--bapcustom-show-ui=false
UnityEngine.DebugLogHandler:LogFormat(LogType, Object, String, Object[])
UnityEngine.Logger:Log(LogType, Object)
UnityEngine.Debug:Log(Object)
BAPBAP.Local.PreAwakeManager:Awake()

--bapcustom-host=127.0.0.1
UnityEngine.DebugLogHandler:LogFormat(LogType, Object, String, Object[])
UnityEngine.Logger:Log(LogType, Object)
UnityEngine.Debug:Log(Object)
BAPBAP.Local.PreAwakeManager:Awake()

--bapcustom-server-port=5190
UnityEngine.DebugLogHandler:LogFormat(LogType, Object, String, Object[])
UnityEngine.Logger:Log(LogType, Object)
UnityEngine.Debug:Log(Object)
BAPBAP.Local.PreAwakeManager:Awake()

[PREAWAKE] Args end | http=7850 ws=7777 kcp=7778 tcp=7779
UnityEngine.DebugLogHandler:LogFormat(LogType, Object, String, Object[])
UnityEngine.Logger:Log(LogType, Object)
UnityEngine.Debug:Log(Object)
BAPBAP.Local.PreAwakeManager:Awake()

[LocalSavedData] InitializeSystemResolutions - nativeSystemResolution: 3440 x 1440 @ 99.998Hz
[LocalSavedData] InitializeSystemResolutions - res: UnityEngine.Resolution[], length: 68
Found supported resolution: (3440, 1440)
STEAM: Steam unavailable
[Spatial Hash] Partial Rebuild Interval = 0,25
1800
[UIDropdownController] No values added to the dropdown
[UIDropdownController] No values added to the dropdown
UILobby platform variant not found: WindowsPlayer using default
UnityEngine.DebugLogHandler:LogFormat(LogType, Object, String, Object[])
UnityEngine.Logger:Log(LogType, Object)
UnityEngine.Debug:LogWarning(Object)
BAPBAP.UI.UILobbyConfiguration:get_PrefabVariant()
BAPBAP.UI.UILobby:Build()
BAPBAP.UI.<Awake>d__111:MoveNext()
System.Runtime.CompilerServices.AsyncVoidMethodBuilder:Start(TStateMachine&)
BAPBAP.UI.UIManager:Awake()

Color primaries 0 is unknown or unsupported by WindowsMediaFoundation. Falling back to default may result in color shift. C:/Users/Administrator/Downloads/CustomServer/Spiel/Battleroyalebuild/bapbap_Data/sharedassets0.resource
[UICharactersConfiguration] No characters available in lobby.
UnityEngine.DebugLogHandler:LogFormat(LogType, Object, String, Object[])
UnityEngine.Logger:Log(LogType, Object)
UnityEngine.Debug:LogError(Object)
BAPBAP.UI.UICharactersConfiguration:TryGetLobbyCharConfigByIndex(Int32, CharacterConfiguration&)
BAPBAP.UI.UILobbyCharacterSelectPage:OpenCharacterSummaryPage()
BAPBAP.UI.UILobbyCharacterSelectPage:Build(Configuration, Translator)
BAPBAP.UI.UILobbyTabGroup:Build(Configuration, Translator)
BAPBAP.UI.UILobby:Build()
BAPBAP.UI.<Awake>d__111:MoveNext()
System.Runtime.CompilerServices.AsyncVoidMethodBuilder:Start(TStateMachine&)
BAPBAP.UI.UIManager:Awake()

Opening Lobby UI :) at the time of 20.06.2026 11:49:24
TelepathyTransport initialized!
[LocalSavedData] Set Quick cast = False
[NETMANAGER] Running Server Build
[NETMANAGER] Vsync = 0 | FPS = 62
[NETMANAGER] WS Port = 7777
[NETMANAGER] KCP Port = 7778
[NETMANAGER] TCP Port = 7779
START MATCH - isDevLobbyMode=False | 1
[GameMode] Loading GameManager (BAPBAP.Game.GameModeBattleRoyale)
DIMENSION DATA COUNT 1
[GameManager] Dimension data received: System.Collections.Generic.List`1[BAPBAP.Network.MatchmakingDimensionData]
<color=cyan>[LIFECYCLE] Waiting for 'isWaitingForPlayers' to be false...</color>
Cannot instantiate objects with a parent which is persistent. New object will be created without a parent.
UnityEngine.Object:Instantiate(Object, Transform, Boolean)
UnityEngine.Object:Instantiate(T, Transform)
BAPBAP.Maps.<LoadLevelCoroutine>d__77:MoveNext()
UnityEngine.SetupCoroutine:InvokeMoveNext(IEnumerator, IntPtr)

[ line 6743652]

Cannot instantiate objects with a parent which is persistent. New object will be created without a parent.
UnityEngine.Object:Instantiate(Object, Transform, Boolean)
UnityEngine.Object:Instantiate(T, Transform)
BAPBAP.Maps.<LoadLevelCoroutine>d__77:MoveNext()
UnityEngine.SetupCoroutine:InvokeMoveNext(IEnumerator, IntPtr)

[ line 6743652]

Cannot instantiate objects with a parent which is persistent. New object will be created without a parent.
UnityEngine.Object:Instantiate(Object, Transform, Boolean)
UnityEngine.Object:Instantiate(T, Transform)
BAPBAP.Maps.<LoadLevelCoroutine>d__77:MoveNext()
UnityEngine.SetupCoroutine:InvokeMoveNext(IEnumerator, IntPtr)

[ line 6743652]

Cannot instantiate objects with a parent which is persistent. New object will be created without a parent.
UnityEngine.Object:Instantiate(Object, Transform, Boolean)
UnityEngine.Object:Instantiate(T, Transform)
BAPBAP.Maps.<LoadLevelCoroutine>d__77:MoveNext()
UnityEngine.SetupCoroutine:InvokeMoveNext(IEnumerator, IntPtr)

[ line 6743652]

Cannot instantiate objects with a parent which is persistent. New object will be created without a parent.
UnityEngine.Object:Instantiate(Object, Transform, Boolean)
UnityEngine.Object:Instantiate(T, Transform)
BAPBAP.Maps.<LoadLevelCoroutine>d__77:MoveNext()
UnityEngine.SetupCoroutine:InvokeMoveNext(IEnumerator, IntPtr)

[ line 6743652]

Cannot instantiate objects with a parent which is persistent. New object will be created without a parent.
UnityEngine.Object:Instantiate(Object, Transform, Boolean)
UnityEngine.Object:Instantiate(T, Transform)
BAPBAP.Maps.<LoadLevelCoroutine>d__77:MoveNext()
UnityEngine.SetupCoroutine:InvokeMoveNext(IEnumerator, IntPtr)

[ line 6743652]

Cannot instantiate objects with a parent which is persistent. New object will be created without a parent.
UnityEngine.Object:Instantiate(Object, Transform, Boolean)
UnityEngine.Object:Instantiate(T, Transform)
BAPBAP.Maps.<LoadLevelCoroutine>d__77:MoveNext()
UnityEngine.SetupCoroutine:InvokeMoveNext(IEnumerator, IntPtr)

[ line 6743652]

Cannot instantiate objects with a parent which is persistent. New object will be created without a parent.
UnityEngine.Object:Instantiate(Object, Transform, Boolean)
UnityEngine.Object:Instantiate(T, Transform)
BAPBAP.Maps.<LoadLevelCoroutine>d__77:MoveNext()
UnityEngine.SetupCoroutine:InvokeMoveNext(IEnumerator, IntPtr)

[ line 6743652]

Cannot instantiate objects with a parent which is persistent. New object will be created without a parent.
UnityEngine.Object:Instantiate(Object, Transform, Boolean)
UnityEngine.Object:Instantiate(T, Transform)
BAPBAP.Maps.<LoadLevelCoroutine>d__77:MoveNext()
UnityEngine.SetupCoroutine:InvokeMoveNext(IEnumerator, IntPtr)

[ line 6743652]

Collider chunks (81) doesnt match current map chunk number (9). Is the map correctly prebaked?
UnityEngine.DebugLogHandler:LogFormat(LogType, Object, String, Object[])
UnityEngine.Logger:Log(LogType, Object)
UnityEngine.Debug:LogError(Object)
BAPBAP.Maps.LevelRuntimeManager:GetBakedColliders(SerializedLevelHolder)
BAPBAP.Maps.LevelRuntimeManager:SpawnLevel(String, Boolean, Boolean, SerializedLevelHolder, SerializedLevelHolder)
BAPBAP.Maps.<LoadLevelCoroutine>d__77:MoveNext()
UnityEngine.SetupCoroutine:InvokeMoveNext(IEnumerator, IntPtr)

Prebaked navmesh data for level 'Arena_Map2' succesfully found. Applying now.
Loaded Map Arena_Map2
[GameMode] OnEnable | frameCount 3
DIMENSION ID is 0. Ignored.
UnityEngine.DebugLogHandler:LogFormat(LogType, Object, String, Object[])
UnityEngine.Logger:Log(LogType, Object)
UnityEngine.Debug:LogWarning(Object)
BAPBAP.Local.DimensionManager:SpawnDimension(Int32, Vector3, Single)
BAPBAP.Game.GameModeBattleRoyale:OnEnable()
UnityEngine.Behaviour:set_enabled(Boolean)
BAPBAP.Game.<LoadCoroutine>d__79:MoveNext()
UnityEngine.SetupCoroutine:InvokeMoveNext(IEnumerator, IntPtr)

spawnLocationPerTeam MTD { reqId: 1, gameId: custom-20260620094908-7698, botTeams: 4, botDifficulty: 1, players: [{ username: MatchLeader, discriminator: 1001, accountId: match-leader, gameAuthId: a201e039fa7611f89c370faae209d575, lobbyCode: PLAYTEST, points: 0, charId: 15, skinAssetId: -1, teamId: 1, }, ], spawnLocationPerTeam: [ 0, 1, 2, ], }
<color=cyan>[PRE-MATCH] Started</color>
<color=cyan>[PRE-MATCH] Waiting for all players to connect, max 10 seconds...</color>
<color=cyan>[LIFECYCLE] Waiting for 'isWaitingForStart' to be false...</color>
Curl error 7: Failed to connect to 127.0.0.1 port 5055 after 2038 ms: Couldn't connect to server
HttpClient HTTP Error: Cannot connect to destination host | 
UnityEngine.DebugLogHandler:LogFormat(LogType, Object, String, Object[])
UnityEngine.Logger:Log(LogType, Object)
UnityEngine.Debug:LogError(Object)
BAPBAP.Network.<SendGetRoutine>d__11`1:MoveNext()
UnityEngine.SetupCoroutine:InvokeMoveNext(IEnumerator, IntPtr)

<color=yellow>[CHAR SELECT] Starting...</color>
<color=yellow>[CHAR SELECT] Waiting for 20 seconds...</color>
[NETMANAGER] Client connected - 1883309354 | 1176
[NETMANAGER] Client ready pre - 1883309354 | 1195
[NETMANAGER] Client ready post - 1883309354 | 1195
[NETMANAGER] OnServerClInit - 1883309354 - isDevLobbyMode=False | 1195
[NETMANAGER] ServerMatchmakingInit - connId=1883309354 name= gameAuth=a201e039fa7611f89c370faae209d575 | 1195
[NETMANAGER] Matchmaking player connected a201e039fa7611f89c370faae209d575 | 1195 | { username: MatchLeader, discriminator: 1001, accountId: match-leader, gameAuthId: a201e039fa7611f89c370faae209d575, lobbyCode: PLAYTEST, points: 0, charId: 15, skinAssetId: -1, teamId: 1, playerId: 1, }
Adding player matchmaking... connection(1883309354) 1883309354 | 1195
[NETMANAGER] Matchmaking player connected successfully a201e039fa7611f89c370faae209d575 | 1195 | { username: MatchLeader, discriminator: 1001, accountId: match-leader, gameAuthId: a201e039fa7611f89c370faae209d575, lobbyCode: PLAYTEST, points: 0, charId: 15, skinAssetId: -1, teamId: 1, playerId: 1, }
[PLAYERMANAGER] [MatchLeader] Player On Start | 1195
<color=yellow>[CHAR SELECT] Complete!</color>
<color=yellow>[SPAWN SELECT] Starting...</color>
<color=yellow>[SPAWN SELECT] Waiting for 10 seconds...</color>
<color=yellow>[SPAWN SELECT] Spawns Assigned!</color>
<color=cyan>[PRE-MATCH] Ended</color>
<color=green>Setting isWaitingForStart to false</color>
<color=cyan>[LIFECYCLE] Waiting for currentGameMode to load...</color>
<color=cyan>[LIFECYCLE] Starting countdown...</color>
<color=cyan>[LIFECYCLE] Match has officially started!</color>
ClientRpc System.Void BAPBAP.Entities.CharHurtbox::RpcOnHit(System.Int32,System.Int32,System.Int32,System.Int32,System.Int32,System.Boolean,System.Boolean,System.Boolean,System.Int32) called on un-spawned object: Npc_Roaming_Wolf(Clone)
UnityEngine.DebugLogHandler:LogFormat(LogType, Object, String, Object[])
UnityEngine.Logger:Log(LogType, Object, Object)
UnityEngine.Debug:LogWarning(Object, Object)
Mirror.NetworkBehaviour:SendRPCInternal(String, Int32, NetworkWriter, Int32, Boolean)
BAPBAP.Entities.CharHurtbox:RpcOnHit(Int32, Int32, Int32, Int32, Int32, Boolean, Boolean, Boolean, Int32)
BAPBAP.Entities.CharHurtbox:ApplyHit(Int32, StatusEffectInfo[], Int32, GameObject, Boolean, Boolean, Boolean, Boolean, Boolean, Vector3, Boolean, Boolean, Collider)
BAPBAP.Entities.Hitbox:DoEntityHit(EntityHit)
BAPBAP.Entities.Hitbox:ProcessHits()
BAPBAP.Entities.Hitbox:Update()

ClientRpc System.Void BAPBAP.Entities.CharHurtbox::RpcWobbleHit(UnityEngine.Vector2,System.Int32) called on un-spawned object: Npc_Roaming_Wolf(Clone)
UnityEngine.DebugLogHandler:LogFormat(LogType, Object, String, Object[])
UnityEngine.Logger:Log(LogType, Object, Object)
UnityEngine.Debug:LogWarning(Object, Object)
Mirror.NetworkBehaviour:SendRPCInternal(String, Int32, NetworkWriter, Int32, Boolean)
BAPBAP.Entities.CharHurtbox:ApplyHit(Int32, StatusEffectInfo[], Int32, GameObject, Boolean, Boolean, Boolean, Boolean, Boolean, Vector3, Boolean, Boolean, Collider)
BAPBAP.Entities.Hitbox:DoEntityHit(EntityHit)
BAPBAP.Entities.Hitbox:ProcessHits()
BAPBAP.Entities.Hitbox:Update()

ClientRpc System.Void BAPBAP.Entities.CharHurtbox::RpcOnHit(System.Int32,System.Int32,System.Int32,System.Int32,System.Int32,System.Boolean,System.Boolean,System.Boolean,System.Int32) called on un-spawned object: Npc_Roaming_Wolf(Clone)
UnityEngine.DebugLogHandler:LogFormat(LogType, Object, String, Object[])
UnityEngine.Logger:Log(LogType, Object, Object)
UnityEngine.Debug:LogWarning(Object, Object)
Mirror.NetworkBehaviour:SendRPCInternal(String, Int32, NetworkWriter, Int32, Boolean)
BAPBAP.Entities.CharHurtbox:RpcOnHit(Int32, Int32, Int32, Int32, Int32, Boolean, Boolean, Boolean, Int32)
BAPBAP.Entities.CharHurtbox:ApplyHit(Int32, StatusEffectInfo[], Int32, GameObject, Boolean, Boolean, Boolean, Boolean, Boolean, Vector3, Boolean, Boolean, Collider)
BAPBAP.Entities.Hitbox:DoEntityHit(EntityHit)
BAPBAP.Entities.Hitbox:ProcessHits()
BAPBAP.Entities.Hitbox:Update()

ClientRpc System.Void BAPBAP.Entities.CharHurtbox::RpcWobbleHit(UnityEngine.Vector2,System.Int32) called on un-spawned object: Npc_Roaming_Wolf(Clone)
UnityEngine.DebugLogHandler:LogFormat(LogType, Object, String, Object[])
UnityEngine.Logger:Log(LogType, Object, Object)
UnityEngine.Debug:LogWarning(Object, Object)
Mirror.NetworkBehaviour:SendRPCInternal(String, Int32, NetworkWriter, Int32, Boolean)
BAPBAP.Entities.CharHurtbox:ApplyHit(Int32, StatusEffectInfo[], Int32, GameObject, Boolean, Boolean, Boolean, Boolean, Boolean, Vector3, Boolean, Boolean, Collider)
BAPBAP.Entities.Hitbox:DoEntityHit(EntityHit)
BAPBAP.Entities.Hitbox:ProcessHits()
BAPBAP.Entities.Hitbox:Update()

ClientRpc System.Void BAPBAP.Entities.CharHurtbox::RpcOnHit(System.Int32,System.Int32,System.Int32,System.Int32,System.Int32,System.Boolean,System.Boolean,System.Boolean,System.Int32) called on un-spawned object: Npc_Roaming_Wolf(Clone)
UnityEngine.DebugLogHandler:LogFormat(LogType, Object, String, Object[])
UnityEngine.Logger:Log(LogType, Object, Object)
UnityEngine.Debug:LogWarning(Object, Object)
Mirror.NetworkBehaviour:SendRPCInternal(String, Int32, NetworkWriter, Int32, Boolean)
BAPBAP.Entities.CharHurtbox:RpcOnHit(Int32, Int32, Int32, Int32, Int32, Boolean, Boolean, Boolean, Int32)
BAPBAP.Entities.CharHurtbox:ApplyHit(Int32, StatusEffectInfo[], Int32, GameObject, Boolean, Boolean, Boolean, Boolean, Boolean, Vector3, Boolean, Boolean, Collider)
BAPBAP.Entities.Hitbox:DoEntityHit(EntityHit)
BAPBAP.Entities.Hitbox:ProcessHits()
BAPBAP.Entities.Hitbox:Update()

ClientRpc System.Void BAPBAP.Entities.CharHurtbox::RpcWobbleHit(UnityEngine.Vector2,System.Int32) called on un-spawned object: Npc_Roaming_Wolf(Clone)
UnityEngine.DebugLogHandler:LogFormat(LogType, Object, String, Object[])
UnityEngine.Logger:Log(LogType, Object, Object)
UnityEngine.Debug:LogWarning(Object, Object)
Mirror.NetworkBehaviour:SendRPCInternal(String, Int32, NetworkWriter, Int32, Boolean)
BAPBAP.Entities.CharHurtbox:ApplyHit(Int32, StatusEffectInfo[], Int32, GameObject, Boolean, Boolean, Boolean, Boolean, Boolean, Vector3, Boolean, Boolean, Collider)
BAPBAP.Entities.Hitbox:DoEntityHit(EntityHit)
BAPBAP.Entities.Hitbox:ProcessHits()
BAPBAP.Entities.Hitbox:Update()

ClientRpc System.Void BAPBAP.Entities.CharHurtbox::RpcOnHit(System.Int32,System.Int32,System.Int32,System.Int32,System.Int32,System.Boolean,System.Boolean,System.Boolean,System.Int32) called on un-spawned object: Npc_Roaming_Wolf(Clone)
UnityEngine.DebugLogHandler:LogFormat(LogType, Object, String, Object[])
UnityEngine.Logger:Log(LogType, Object, Object)
UnityEngine.Debug:LogWarning(Object, Object)
Mirror.NetworkBehaviour:SendRPCInternal(String, Int32, NetworkWriter, Int32, Boolean)
BAPBAP.Entities.CharHurtbox:RpcOnHit(Int32, Int32, Int32, Int32, Int32, Boolean, Boolean, Boolean, Int32)
BAPBAP.Entities.CharHurtbox:ApplyHit(Int32, StatusEffectInfo[], Int32, GameObject, Boolean, Boolean, Boolean, Boolean, Boolean, Vector3, Boolean, Boolean, Collider)
BAPBAP.Entities.Hitbox:DoEntityHit(EntityHit)
BAPBAP.Entities.Hitbox:ProcessHits()
BAPBAP.Entities.Hitbox:Update()

ClientRpc System.Void BAPBAP.Entities.CharHurtbox::RpcWobbleHit(UnityEngine.Vector2,System.Int32) called on un-spawned object: Npc_Roaming_Wolf(Clone)
UnityEngine.DebugLogHandler:LogFormat(LogType, Object, String, Object[])
UnityEngine.Logger:Log(LogType, Object, Object)
UnityEngine.Debug:LogWarning(Object, Object)
Mirror.NetworkBehaviour:SendRPCInternal(String, Int32, NetworkWriter, Int32, Boolean)
BAPBAP.Entities.CharHurtbox:ApplyHit(Int32, StatusEffectInfo[], Int32, GameObject, Boolean, Boolean, Boolean, Boolean, Boolean, Vector3, Boolean, Boolean, Collider)
BAPBAP.Entities.Hitbox:DoEntityHit(EntityHit)
BAPBAP.Entities.Hitbox:ProcessHits()
BAPBAP.Entities.Hitbox:Update()

ClientRpc System.Void BAPBAP.Entities.CharHurtbox::RpcOnHit(System.Int32,System.Int32,System.Int32,System.Int32,System.Int32,System.Boolean,System.Boolean,System.Boolean,System.Int32) called on un-spawned object: Npc_Roaming_Wolf(Clone)
UnityEngine.DebugLogHandler:LogFormat(LogType, Object, String, Object[])
UnityEngine.Logger:Log(LogType, Object, Object)
UnityEngine.Debug:LogWarning(Object, Object)
Mirror.NetworkBehaviour:SendRPCInternal(String, Int32, NetworkWriter, Int32, Boolean)
BAPBAP.Entities.CharHurtbox:RpcOnHit(Int32, Int32, Int32, Int32, Int32, Boolean, Boolean, Boolean, Int32)
BAPBAP.Entities.CharHurtbox:ApplyHit(Int32, StatusEffectInfo[], Int32, GameObject, Boolean, Boolean, Boolean, Boolean, Boolean, Vector3, Boolean, Boolean, Collider)
BAPBAP.Entities.Hitbox:DoEntityHit(EntityHit)
BAPBAP.Entities.Hitbox:ProcessHits()
BAPBAP.Entities.Hitbox:Update()

ClientRpc System.Void BAPBAP.Entities.CharHurtbox::RpcWobbleHit(UnityEngine.Vector2,System.Int32) called on un-spawned object: Npc_Roaming_Wolf(Clone)
UnityEngine.DebugLogHandler:LogFormat(LogType, Object, String, Object[])
UnityEngine.Logger:Log(LogType, Object, Object)
UnityEngine.Debug:LogWarning(Object, Object)
Mirror.NetworkBehaviour:SendRPCInternal(String, Int32, NetworkWriter, Int32, Boolean)
BAPBAP.Entities.CharHurtbox:ApplyHit(Int32, StatusEffectInfo[], Int32, GameObject, Boolean, Boolean, Boolean, Boolean, Boolean, Vector3, Boolean, Boolean, Collider)
BAPBAP.Entities.Hitbox:DoEntityHit(EntityHit)
BAPBAP.Entities.Hitbox:ProcessHits()
BAPBAP.Entities.Hitbox:Update()

ClientRpc System.Void BAPBAP.Entities.CharHurtbox::RpcOnHit(System.Int32,System.Int32,System.Int32,System.Int32,System.Int32,System.Boolean,System.Boolean,System.Boolean,System.Int32) called on un-spawned object: Npc_SlimeBoss_A(Clone)
UnityEngine.DebugLogHandler:LogFormat(LogType, Object, String, Object[])
UnityEngine.Logger:Log(LogType, Object, Object)
UnityEngine.Debug:LogWarning(Object, Object)
Mirror.NetworkBehaviour:SendRPCInternal(String, Int32, NetworkWriter, Int32, Boolean)
BAPBAP.Entities.CharHurtbox:RpcOnHit(Int32, Int32, Int32, Int32, Int32, Boolean, Boolean, Boolean, Int32)
BAPBAP.Entities.CharHurtbox:ApplyHit(Int32, StatusEffectInfo[], Int32, GameObject, Boolean, Boolean, Boolean, Boolean, Boolean, Vector3, Boolean, Boolean, Collider)
BAPBAP.Entities.Hitbox:DoEntityHit(EntityHit)
BAPBAP.Entities.Hitbox:ProcessHits()
BAPBAP.Entities.Hitbox:Update()

ClientRpc System.Void BAPBAP.Entities.CharHurtbox::RpcWobbleHit(UnityEngine.Vector2,System.Int32) called on un-spawned object: Npc_SlimeBoss_A(Clone)
UnityEngine.DebugLogHandler:LogFormat(LogType, Object, String, Object[])
UnityEngine.Logger:Log(LogType, Object, Object)
UnityEngine.Debug:LogWarning(Object, Object)
Mirror.NetworkBehaviour:SendRPCInternal(String, Int32, NetworkWriter, Int32, Boolean)
BAPBAP.Entities.CharHurtbox:ApplyHit(Int32, StatusEffectInfo[], Int32, GameObject, Boolean, Boolean, Boolean, Boolean, Boolean, Vector3, Boolean, Boolean, Collider)
BAPBAP.Entities.Hitbox:DoEntityHit(EntityHit)
BAPBAP.Entities.Hitbox:ProcessHits()
BAPBAP.Entities.Hitbox:Update()

NullReferenceException: Object reference not set to an instance of an object.
  at BAPBAP.Game.GameModeBattleRoyale.StartZoneRound (System.Int32 zoneRoundId) [0x00000] in <00000000000000000000000000000000>:0 
  at BAPBAP.Game.GameModeBattleRoyale.OnTimerEnd () [0x00000] in <00000000000000000000000000000000>:0 
  at BAPBAP.Game.GameModeBattleRoyale.FixedUpdate () [0x00000] in <00000000000000000000000000000000>:0 

ClientRpc System.Void BAPBAP.Entities.CharHurtbox::RpcOnHit(System.Int32,System.Int32,System.Int32,System.Int32,System.Int32,System.Boolean,System.Boolean,System.Boolean,System.Int32) called on un-spawned object: Npc_Roaming_Wolf(Clone)
UnityEngine.DebugLogHandler:LogFormat(LogType, Object, String, Object[])
UnityEngine.Logger:Log(LogType, Object, Object)
UnityEngine.Debug:LogWarning(Object, Object)
Mirror.NetworkBehaviour:SendRPCInternal(String, Int32, NetworkWriter, Int32, Boolean)
BAPBAP.Entities.CharHurtbox:RpcOnHit(Int32, Int32, Int32, Int32, Int32, Boolean, Boolean, Boolean, Int32)
BAPBAP.Entities.CharHurtbox:ApplyHit(Int32, StatusEffectInfo[], Int32, GameObject, Boolean, Boolean, Boolean, Boolean, Boolean, Vector3, Boolean, Boolean, Collider)
BAPBAP.Entities.Hitbox:DoEntityHit(EntityHit)
BAPBAP.Entities.Hitbox:ProcessHits()
BAPBAP.Entities.Hitbox:Update()

ClientRpc System.Void BAPBAP.Entities.CharHurtbox::RpcWobbleHit(UnityEngine.Vector2,System.Int32) called on un-spawned object: Npc_Roaming_Wolf(Clone)
UnityEngine.DebugLogHandler:LogFormat(LogType, Object, String, Object[])
UnityEngine.Logger:Log(LogType, Object, Object)
UnityEngine.Debug:LogWarning(Object, Object)
Mirror.NetworkBehaviour:SendRPCInternal(String, Int32, NetworkWriter, Int32, Boolean)
BAPBAP.Entities.CharHurtbox:ApplyHit(Int32, StatusEffectInfo[], Int32, GameObject, Boolean, Boolean, Boolean, Boolean, Boolean, Vector3, Boolean, Boolean, Collider)
BAPBAP.Entities.Hitbox:DoEntityHit(EntityHit)
BAPBAP.Entities.Hitbox:ProcessHits()
BAPBAP.Entities.Hitbox:Update()

ClientRpc System.Void BAPBAP.Entities.CharHurtbox::RpcOnHit(System.Int32,System.Int32,System.Int32,System.Int32,System.Int32,System.Boolean,System.Boolean,System.Boolean,System.Int32) called on un-spawned object: Npc_Roaming_Wolf(Clone)
UnityEngine.DebugLogHandler:LogFormat(LogType, Object, String, Object[])
UnityEngine.Logger:Log(LogType, Object, Object)
UnityEngine.Debug:LogWarning(Object, Object)
Mirror.NetworkBehaviour:SendRPCInternal(String, Int32, NetworkWriter, Int32, Boolean)
BAPBAP.Entities.CharHurtbox:RpcOnHit(Int32, Int32, Int32, Int32, Int32, Boolean, Boolean, Boolean, Int32)
BAPBAP.Entities.CharHurtbox:ApplyHit(Int32, StatusEffectInfo[], Int32, GameObject, Boolean, Boolean, Boolean, Boolean, Boolean, Vector3, Boolean, Boolean, Collider)
BAPBAP.Entities.Hitbox:DoEntityHit(EntityHit)
BAPBAP.Entities.Hitbox:ProcessHits()
BAPBAP.Entities.Hitbox:Update()

ClientRpc System.Void BAPBAP.Entities.CharHurtbox::RpcWobbleHit(UnityEngine.Vector2,System.Int32) called on un-spawned object: Npc_Roaming_Wolf(Clone)
UnityEngine.DebugLogHandler:LogFormat(LogType, Object, String, Object[])
UnityEngine.Logger:Log(LogType, Object, Object)
UnityEngine.Debug:LogWarning(Object, Object)
Mirror.NetworkBehaviour:SendRPCInternal(String, Int32, NetworkWriter, Int32, Boolean)
BAPBAP.Entities.CharHurtbox:ApplyHit(Int32, StatusEffectInfo[], Int32, GameObject, Boolean, Boolean, Boolean, Boolean, Boolean, Vector3, Boolean, Boolean, Collider)
BAPBAP.Entities.Hitbox:DoEntityHit(EntityHit)
BAPBAP.Entities.Hitbox:ProcessHits()
BAPBAP.Entities.Hitbox:Update()

ClientRpc System.Void BAPBAP.Entities.CharStatusEffects::RpcSpawnStatusText(System.String,BAPBAP.UI.UIPopUp/PointType) called on un-spawned object: Npc_Boss_Chad(Clone)
UnityEngine.DebugLogHandler:LogFormat(LogType, Object, String, Object[])
UnityEngine.Logger:Log(LogType, Object, Object)
UnityEngine.Debug:LogWarning(Object, Object)
Mirror.NetworkBehaviour:SendRPCInternal(String, Int32, NetworkWriter, Int32, Boolean)
BAPBAP.Entities.CharStatusEffects:RpcSpawnStatusText(String, PointType)
BAPBAP.Entities.CharStatusEffects:ActivateStatusEffect(Int32, Single, Single, Int32, Vector3, Boolean)
BAPBAP.Entities.CharHurtbox:ApplyStatusEffects(StatusEffectInfo[], Int32, Vector3, GameObject)
BAPBAP.Entities.CharHurtbox:ApplyHit(Int32, StatusEffectInfo[], Int32, GameObject, Boolean, Boolean, Boolean, Boolean, Boolean, Vector3, Boolean, Boolean, Collider)
BAPBAP.Entities.Hitbox:DoEntityHit(EntityHit)
BAPBAP.Entities.Hitbox:ProcessHits()
BAPBAP.Entities.Hitbox:Update()

ClientRpc System.Void BAPBAP.Entities.CharHurtbox::RpcOnHit(System.Int32,System.Int32,System.Int32,System.Int32,System.Int32,System.Boolean,System.Boolean,System.Boolean,System.Int32) called on un-spawned object: Npc_Boss_Chad(Clone)
UnityEngine.DebugLogHandler:LogFormat(LogType, Object, String, Object[])
UnityEngine.Logger:Log(LogType, Object, Object)
UnityEngine.Debug:LogWarning(Object, Object)
Mirror.NetworkBehaviour:SendRPCInternal(String, Int32, NetworkWriter, Int32, Boolean)
BAPBAP.Entities.CharHurtbox:RpcOnHit(Int32, Int32, Int32, Int32, Int32, Boolean, Boolean, Boolean, Int32)
BAPBAP.Entities.CharHurtbox:ApplyHit(Int32, StatusEffectInfo[], Int32, GameObject, Boolean, Boolean, Boolean, Boolean, Boolean, Vector3, Boolean, Boolean, Collider)
BAPBAP.Entities.Hitbox:DoEntityHit(EntityHit)
BAPBAP.Entities.Hitbox:ProcessHits()
BAPBAP.Entities.Hitbox:Update()

ClientRpc System.Void BAPBAP.Entities.CharHurtbox::RpcWobbleHit(UnityEngine.Vector2,System.Int32) called on un-spawned object: Npc_Boss_Chad(Clone)
UnityEngine.DebugLogHandler:LogFormat(LogType, Object, String, Object[])
UnityEngine.Logger:Log(LogType, Object, Object)
UnityEngine.Debug:LogWarning(Object, Object)
Mirror.NetworkBehaviour:SendRPCInternal(String, Int32, NetworkWriter, Int32, Boolean)
BAPBAP.Entities.CharHurtbox:ApplyHit(Int32, StatusEffectInfo[], Int32, GameObject, Boolean, Boolean, Boolean, Boolean, Boolean, Vector3, Boolean, Boolean, Collider)
BAPBAP.Entities.Hitbox:DoEntityHit(EntityHit)
BAPBAP.Entities.Hitbox:ProcessHits()
BAPBAP.Entities.Hitbox:Update()

ClientRpc System.Void BAPBAP.Entities.CharHurtbox::RpcOnHit(System.Int32,System.Int32,System.Int32,System.Int32,System.Int32,System.Boolean,System.Boolean,System.Boolean,System.Int32) called on un-spawned object: Npc_SlimeBoss_Ba(Clone)
UnityEngine.DebugLogHandler:LogFormat(LogType, Object, String, Object[])
UnityEngine.Logger:Log(LogType, Object, Object)
UnityEngine.Debug:LogWarning(Object, Object)
Mirror.NetworkBehaviour:SendRPCInternal(String, Int32, NetworkWriter, Int32, Boolean)
BAPBAP.Entities.CharHurtbox:RpcOnHit(Int32, Int32, Int32, Int32, Int32, Boolean, Boolean, Boolean, Int32)
BAPBAP.Entities.CharHurtbox:ApplyHit(Int32, StatusEffectInfo[], Int32, GameObject, Boolean, Boolean, Boolean, Boolean, Boolean, Vector3, Boolean, Boolean, Collider)
BAPBAP.Entities.Hitbox:DoEntityHit(EntityHit)
BAPBAP.Entities.Hitbox:ProcessHits()
BAPBAP.Entities.Hitbox:Update()

ClientRpc System.Void BAPBAP.Entities.CharHurtbox::RpcWobbleHit(UnityEngine.Vector2,System.Int32) called on un-spawned object: Npc_SlimeBoss_Ba(Clone)
UnityEngine.DebugLogHandler:LogFormat(LogType, Object, String, Object[])
UnityEngine.Logger:Log(LogType, Object, Object)
UnityEngine.Debug:LogWarning(Object, Object)
Mirror.NetworkBehaviour:SendRPCInternal(String, Int32, NetworkWriter, Int32, Boolean)
BAPBAP.Entities.CharHurtbox:ApplyHit(Int32, StatusEffectInfo[], Int32, GameObject, Boolean, Boolean, Boolean, Boolean, Boolean, Vector3, Boolean, Boolean, Collider)
BAPBAP.Entities.Hitbox:DoEntityHit(EntityHit)
BAPBAP.Entities.Hitbox:ProcessHits()
BAPBAP.Entities.Hitbox:Update()

ClientRpc System.Void BAPBAP.Entities.SlimeBossBehaviour::RpcOnBossDefeated() called on un-spawned object: Npc_SlimeBoss_Ba(Clone)
UnityEngine.DebugLogHandler:LogFormat(LogType, Object, String, Object[])
UnityEngine.Logger:Log(LogType, Object, Object)
UnityEngine.Debug:LogWarning(Object, Object)
Mirror.NetworkBehaviour:SendRPCInternal(String, Int32, NetworkWriter, Int32, Boolean)
BAPBAP.Entities.SlimeBossBehaviour:SvOnSlimeDefeated()
BAPBAP.Game.GameMode:KillNpc(Int32, EntityManager)
BAPBAP.Entities.CharHurtbox:Kill(Int32)
BAPBAP.Entities.CharHurtbox:OnCharacterKilled(EntityManager, Int32)
BAPBAP.Entities.CharHurtbox:ApplyHit(Int32, StatusEffectInfo[], Int32, GameObject, Boolean, Boolean, Boolean, Boolean, Boolean, Vector3, Boolean, Boolean, Collider)
BAPBAP.Entities.Hitbox:DoEntityHit(EntityHit)
BAPBAP.Entities.Hitbox:ProcessHits()
BAPBAP.Entities.Hitbox:Update()

ClientRpc System.Void BAPBAP.Entities.CharHurtbox::RpcOnCharDestroy() called on un-spawned object: Npc_SlimeBoss_Ba(Clone)
UnityEngine.DebugLogHandler:LogFormat(LogType, Object, String, Object[])
UnityEngine.Logger:Log(LogType, Object, Object)
UnityEngine.Debug:LogWarning(Object, Object)
Mirror.NetworkBehaviour:SendRPCInternal(String, Int32, NetworkWriter, Int32, Boolean)
BAPBAP.Entities.CharHurtbox:<Awake>b__58_0()
BAPBAP.Game.GameMode:KillNpc(Int32, EntityManager)
BAPBAP.Entities.CharHurtbox:Kill(Int32)
BAPBAP.Entities.CharHurtbox:OnCharacterKilled(EntityManager, Int32)
BAPBAP.Entities.CharHurtbox:ApplyHit(Int32, StatusEffectInfo[], Int32, GameObject, Boolean, Boolean, Boolean, Boolean, Boolean, Vector3, Boolean, Boolean, Collider)
BAPBAP.Entities.Hitbox:DoEntityHit(EntityHit)
BAPBAP.Entities.Hitbox:ProcessHits()
BAPBAP.Entities.Hitbox:Update()

