[PhysX] Initialized MultithreadedTaskDispatcher with 16 workers.
Initialize engine version: 2022.3.38f1 (c5d5a7410213)
[Subsystems] Discovering subsystems at path C:/Users/Administrator/Downloads/CustomServer/Spiel/Battleroyalebuild/bapbap_Data/UnitySubsystems
GfxDevice: creating device client; threaded=0; jobified=0
Direct3D:
    Version:  Direct3D 11.0 [level 11.1]
    Renderer: NVIDIA GeForce RTX 3060 Ti (ID=0x2486)
    Vendor:   NVIDIA
    VRAM:     3072 MB
    Driver:   32.0.15.9621
<b>[App UI]</b> Unable to find an AppUISettings instance, creating a default one...
UnityEngine.DebugLogHandler:LogFormat(LogType, Object, String, Object[])
UnityEngine.Logger:Log(LogType, Object)
UnityEngine.Debug:LogWarning(Object)
Unity.AppUI.Core.AppUI:InitializeInPlayer()

-------------------------------------------------------------------------------------------------------
UnityEngine.DebugLogHandler:LogFormat(LogType, Object, String, Object[])
UnityEngine.Logger:Log(LogType, Object)
UnityEngine.Debug:Log(Object)

~   This Game has been MODIFIED using MelonLoader. DO NOT report any issues to the Game Developers!   ~
UnityEngine.DebugLogHandler:LogFormat(LogType, Object, String, Object[])
UnityEngine.Logger:Log(LogType, Object)
UnityEngine.Debug:Log(Object)

-------------------------------------------------------------------------------------------------------
UnityEngine.DebugLogHandler:LogFormat(LogType, Object, String, Object[])
UnityEngine.Logger:Log(LogType, Object)
UnityEngine.Debug:Log(Object)

The referenced script on this Behaviour (Game Object 'Blitz') is missing!
[PhysX] Initialized MultithreadedTaskDispatcher with 16 workers.
UnloadTime: 7.207700 ms
ThreadLog initialized.
UnityEngine.DebugLogHandler:LogFormat(LogType, Object, String, Object[])
UnityEngine.Logger:Log(LogType, Object)
UnityEngine.Debug:Log(Object)
Mirror.ThreadLog:Initialize()

[PREAWAKE] ENV_PRODUCTION
UnityEngine.DebugLogHandler:LogFormat(LogType, Object, String, Object[])
UnityEngine.Logger:Log(LogType, Object)
UnityEngine.Debug:Log(Object)
BAPBAP.Local.PreAwakeManager:Awake()

[PREAWAKE] BACKEND_STRIP
UnityEngine.DebugLogHandler:LogFormat(LogType, Object, String, Object[])
UnityEngine.Logger:Log(LogType, Object)
UnityEngine.Debug:Log(Object)
BAPBAP.Local.PreAwakeManager:Awake()

[PREAWAKE] hostname= VINCENT
UnityEngine.DebugLogHandler:LogFormat(LogType, Object, String, Object[])
UnityEngine.Logger:Log(LogType, Object)
UnityEngine.Debug:Log(Object)
BAPBAP.Local.PreAwakeManager:Awake()

[PREAWAKE] environment= Production
UnityEngine.DebugLogHandler:LogFormat(LogType, Object, String, Object[])
UnityEngine.Logger:Log(LogType, Object)
UnityEngine.Debug:Log(Object)
BAPBAP.Local.PreAwakeManager:Awake()

[PREAWAKE] version = v0.1.1758-38212
UnityEngine.DebugLogHandler:LogFormat(LogType, Object, String, Object[])
UnityEngine.Logger:Log(LogType, Object)
UnityEngine.Debug:Log(Object)
BAPBAP.Local.PreAwakeManager:Awake()

[PREAWAKE] networkConfigEnv = Staging
UnityEngine.DebugLogHandler:LogFormat(LogType, Object, String, Object[])
UnityEngine.Logger:Log(LogType, Object)
UnityEngine.Debug:Log(Object)
BAPBAP.Local.PreAwakeManager:Awake()

[PREAWAKE] networkConfigsServer = ServerConfig { 
MatchmakingHost: , 
ListenPort: 0, 
HeaderSecretKey: , 
HeaderSecret: , 
DebugPassword: , 
DebugSquadPassword: , 
DevGameAuthId: , 
}
UnityEngine.DebugLogHandler:LogFormat(LogType, Object, String, Object[])
UnityEngine.Logger:Log(LogType, Object)
UnityEngine.Debug:Log(Object)
BAPBAP.Local.PreAwakeManager:Awake()

[PREAWAKE] networkConfigsClient = ClientConfig { 
ApiHost: http://127.0.0.1:5055, 
CookieDomain: .bapbap.gg, 
CookieSessionKey: sid, 
}
UnityEngine.DebugLogHandler:LogFormat(LogType, Object, String, Object[])
UnityEngine.Logger:Log(LogType, Object)
UnityEngine.Debug:Log(Object)
BAPBAP.Local.PreAwakeManager:Awake()

[PREAWAKE] logConfigEnv = Staging
UnityEngine.DebugLogHandler:LogFormat(LogType, Object, String, Object[])
UnityEngine.Logger:Log(LogType, Object)
UnityEngine.Debug:Log(Object)
BAPBAP.Local.PreAwakeManager:Awake()

[PREAWAKE] Args start
UnityEngine.DebugLogHandler:LogFormat(LogType, Object, String, Object[])
UnityEngine.Logger:Log(LogType, Object)
UnityEngine.Debug:Log(Object)
BAPBAP.Local.PreAwakeManager:Awake()

C:\Users\Administrator\Downloads\CustomServer\Spiel\Battleroyalebuild\bapbap.exe
UnityEngine.DebugLogHandler:LogFormat(LogType, Object, String, Object[])
UnityEngine.Logger:Log(LogType, Object)
UnityEngine.Debug:Log(Object)
BAPBAP.Local.PreAwakeManager:Awake()

-batchmode
UnityEngine.DebugLogHandler:LogFormat(LogType, Object, String, Object[])
UnityEngine.Logger:Log(LogType, Object)
UnityEngine.Debug:Log(Object)
BAPBAP.Local.PreAwakeManager:Awake()

-logFile
UnityEngine.DebugLogHandler:LogFormat(LogType, Object, String, Object[])
UnityEngine.Logger:Log(LogType, Object)
UnityEngine.Debug:Log(Object)
BAPBAP.Local.PreAwakeManager:Awake()

C:\Users\Administrator\Downloads\CustomServer\CustomMatchServer\logs\game-servers\custom-20260621161533-7021.attempt1.log
UnityEngine.DebugLogHandler:LogFormat(LogType, Object, String, Object[])
UnityEngine.Logger:Log(LogType, Object)
UnityEngine.Debug:Log(Object)
BAPBAP.Local.PreAwakeManager:Awake()

-httpport=7850
UnityEngine.DebugLogHandler:LogFormat(LogType, Object, String, Object[])
UnityEngine.Logger:Log(LogType, Object)
UnityEngine.Debug:Log(Object)
BAPBAP.Local.PreAwakeManager:Awake()

-wsport=7777
UnityEngine.DebugLogHandler:LogFormat(LogType, Object, String, Object[])
UnityEngine.Logger:Log(LogType, Object)
UnityEngine.Debug:Log(Object)
BAPBAP.Local.PreAwakeManager:Awake()

-kcpport=7778
UnityEngine.DebugLogHandler:LogFormat(LogType, Object, String, Object[])
UnityEngine.Logger:Log(LogType, Object)
UnityEngine.Debug:Log(Object)
BAPBAP.Local.PreAwakeManager:Awake()

-tcpport=7779
UnityEngine.DebugLogHandler:LogFormat(LogType, Object, String, Object[])
UnityEngine.Logger:Log(LogType, Object)
UnityEngine.Debug:Log(Object)
BAPBAP.Local.PreAwakeManager:Awake()

--melonloader.agfoffline
UnityEngine.DebugLogHandler:LogFormat(LogType, Object, String, Object[])
UnityEngine.Logger:Log(LogType, Object)
UnityEngine.Debug:Log(Object)
BAPBAP.Local.PreAwakeManager:Awake()

--melonloader.captureplayerlogs
UnityEngine.DebugLogHandler:LogFormat(LogType, Object, String, Object[])
UnityEngine.Logger:Log(LogType, Object)
UnityEngine.Debug:Log(Object)
BAPBAP.Local.PreAwakeManager:Awake()

--bapcustom-host=127.0.0.1
UnityEngine.DebugLogHandler:LogFormat(LogType, Object, String, Object[])
UnityEngine.Logger:Log(LogType, Object)
UnityEngine.Debug:Log(Object)
BAPBAP.Local.PreAwakeManager:Awake()

--bapcustom-server-port=5161
UnityEngine.DebugLogHandler:LogFormat(LogType, Object, String, Object[])
UnityEngine.Logger:Log(LogType, Object)
UnityEngine.Debug:Log(Object)
BAPBAP.Local.PreAwakeManager:Awake()

--bapcustom-use-proxy=false
UnityEngine.DebugLogHandler:LogFormat(LogType, Object, String, Object[])
UnityEngine.Logger:Log(LogType, Object)
UnityEngine.Debug:Log(Object)
BAPBAP.Local.PreAwakeManager:Awake()

--bapcustom-show-ui=false
UnityEngine.DebugLogHandler:LogFormat(LogType, Object, String, Object[])
UnityEngine.Logger:Log(LogType, Object)
UnityEngine.Debug:Log(Object)
BAPBAP.Local.PreAwakeManager:Awake()

--bapcustom-auto-end-after=6
UnityEngine.DebugLogHandler:LogFormat(LogType, Object, String, Object[])
UnityEngine.Logger:Log(LogType, Object)
UnityEngine.Debug:Log(Object)
BAPBAP.Local.PreAwakeManager:Awake()

[PREAWAKE] Args end | http=7850 ws=7777 kcp=7778 tcp=7779
UnityEngine.DebugLogHandler:LogFormat(LogType, Object, String, Object[])
UnityEngine.Logger:Log(LogType, Object)
UnityEngine.Debug:Log(Object)
BAPBAP.Local.PreAwakeManager:Awake()

[LocalSavedData] InitializeSystemResolutions - nativeSystemResolution: 3440 x 1440 @ 99.998Hz
[LocalSavedData] InitializeSystemResolutions - res: UnityEngine.Resolution[], length: 68
Found supported resolution: (3440, 1440)
STEAM: Steam unavailable
[Spatial Hash] Partial Rebuild Interval = 0,25
1800
[UIDropdownController] No values added to the dropdown
[UIDropdownController] No values added to the dropdown
UILobby platform variant not found: WindowsPlayer using default
UnityEngine.DebugLogHandler:LogFormat(LogType, Object, String, Object[])
UnityEngine.Logger:Log(LogType, Object)
UnityEngine.Debug:LogWarning(Object)
BAPBAP.UI.UILobbyConfiguration:get_PrefabVariant()
BAPBAP.UI.UILobby:Build()
BAPBAP.UI.<Awake>d__111:MoveNext()
System.Runtime.CompilerServices.AsyncVoidMethodBuilder:Start(TStateMachine&)
BAPBAP.UI.UIManager:Awake()

Color primaries 0 is unknown or unsupported by WindowsMediaFoundation. Falling back to default may result in color shift. C:/Users/Administrator/Downloads/CustomServer/Spiel/Battleroyalebuild/bapbap_Data/sharedassets0.resource
[UICharactersConfiguration] No characters available in lobby.
UnityEngine.DebugLogHandler:LogFormat(LogType, Object, String, Object[])
UnityEngine.Logger:Log(LogType, Object)
UnityEngine.Debug:LogError(Object)
BAPBAP.UI.UICharactersConfiguration:TryGetLobbyCharConfigByIndex(Int32, CharacterConfiguration&)
BAPBAP.UI.UILobbyCharacterSelectPage:OpenCharacterSummaryPage()
BAPBAP.UI.UILobbyCharacterSelectPage:Build(Configuration, Translator)
BAPBAP.UI.UILobbyTabGroup:Build(Configuration, Translator)
BAPBAP.UI.UILobby:Build()
BAPBAP.UI.<Awake>d__111:MoveNext()
System.Runtime.CompilerServices.AsyncVoidMethodBuilder:Start(TStateMachine&)
BAPBAP.UI.UIManager:Awake()

Opening Lobby UI :) at the time of 21.06.2026 18:15:51
TelepathyTransport initialized!
[LocalSavedData] Set Quick cast = False
[NETMANAGER] Running Server Build
[NETMANAGER] Vsync = 0 | FPS = 62
[NETMANAGER] WS Port = 7777
[NETMANAGER] KCP Port = 7778
[NETMANAGER] TCP Port = 7779
START MATCH - isDevLobbyMode=False | 1
[GameMode] Loading GameManager (BAPBAP.Game.GameModeBattleRoyale)
DIMENSION DATA COUNT 1
[GameManager] Dimension data received: System.Collections.Generic.List`1[BAPBAP.Network.MatchmakingDimensionData]
<color=cyan>[LIFECYCLE] Waiting for 'isWaitingForPlayers' to be false...</color>
Prebaked navmesh data for level 'Map2_BazaarCity 3' succesfully found. Applying now.
Loaded Map Map2_BazaarCity 3
BoxCollider does not support negative scale or size.
The effective box size has been forced positive and is likely to give unexpected collision geometry.
If you absolutely need to use negative scaling you can use the convex MeshCollider. Scene hierarchy path "Env_Base(Clone)/Chunk_L0_(6_18)/Colliders_6,18(Clone)/Colliders_Obstacles/PD_House_06 (1)"
BoxCollider does not support negative scale or size.
The effective box size has been forced positive and is likely to give unexpected collision geometry.
If you absolutely need to use negative scaling you can use the convex MeshCollider. Scene hierarchy path "Env_Base(Clone)/Chunk_L0_(6_18)/Colliders_6,18(Clone)/Colliders_Obstacles/PD_House_06 (1)"
BoxCollider does not support negative scale or size.
The effective box size has been forced positive and is likely to give unexpected collision geometry.
If you absolutely need to use negative scaling you can use the convex MeshCollider. Scene hierarchy path "Env_Base(Clone)/Chunk_L0_(10_16)/Colliders_10,16(Clone)/Colliders_Obstacles/PD_House_02"
BoxCollider does not support negative scale or size.
The effective box size has been forced positive and is likely to give unexpected collision geometry.
If you absolutely need to use negative scaling you can use the convex MeshCollider. Scene hierarchy path "Env_Base(Clone)/Chunk_L0_(10_16)/Colliders_10,16(Clone)/Colliders_Obstacles/PD_House_02"
BoxCollider does not support negative scale or size.
The effective box size has been forced positive and is likely to give unexpected collision geometry.
If you absolutely need to use negative scaling you can use the convex MeshCollider. Scene hierarchy path "Env_Base(Clone)/Chunk_L0_(10_16)/Colliders_10,16(Clone)/Colliders_Obstacles/PD_House_02"
BoxCollider does not support negative scale or size.
The effective box size has been forced positive and is likely to give unexpected collision geometry.
If you absolutely need to use negative scaling you can use the convex MeshCollider. Scene hierarchy path "Env_Base(Clone)/Chunk_L0_(10_16)/Colliders_10,16(Clone)/Colliders_Obstacles/PD_House_02"
BoxCollider does not support negative scale or size.
The effective box size has been forced positive and is likely to give unexpected collision geometry.
If you absolutely need to use negative scaling you can use the convex MeshCollider. Scene hierarchy path "Env_Base(Clone)/Chunk_L0_(10_16)/Colliders_10,16(Clone)/Colliders_Obstacles/PD_House_02"
BoxCollider does not support negative scale or size.
The effective box size has been forced positive and is likely to give unexpected collision geometry.
If you absolutely need to use negative scaling you can use the convex MeshCollider. Scene hierarchy path "Env_Base(Clone)/Chunk_L0_(10_16)/Colliders_10,16(Clone)/Colliders_Obstacles/PD_House_02"
BoxCollider does not support negative scale or size.
The effective box size has been forced positive and is likely to give unexpected collision geometry.
If you absolutely need to use negative scaling you can use the convex MeshCollider. Scene hierarchy path "Env_Base(Clone)/Chunk_L0_(11_14)/Colliders_11,14(Clone)/Colliders_Obstacles/Colliders"
BoxCollider does not support negative scale or size.
The effective box size has been forced positive and is likely to give unexpected collision geometry.
If you absolutely need to use negative scaling you can use the convex MeshCollider. Scene hierarchy path "Env_Base(Clone)/Chunk_L0_(11_14)/Colliders_11,14(Clone)/Colliders_Obstacles/Colliders"
BoxCollider does not support negative scale or size.
The effective box size has been forced positive and is likely to give unexpected collision geometry.
If you absolutely need to use negative scaling you can use the convex MeshCollider. Scene hierarchy path "Env_Base(Clone)/Chunk_L0_(17_7)/Colliders_17,7(Clone)/Colliders_LowObstacles/Collider"
BoxCollider does not support negative scale or size.
The effective box size has been forced positive and is likely to give unexpected collision geometry.
If you absolutely need to use negative scaling you can use the convex MeshCollider. Scene hierarchy path "Env_Base(Clone)/Chunk_L0_(17_7)/Colliders_17,7(Clone)/Colliders_LowObstacles/Collider"
BoxCollider does not support negative scale or size.
The effective box size has been forced positive and is likely to give unexpected collision geometry.
If you absolutely need to use negative scaling you can use the convex MeshCollider. Scene hierarchy path "Env_Base(Clone)/Chunk_L0_(17_7)/Colliders_17,7(Clone)/Colliders_LowObstacles/Collider"
BoxCollider does not support negative scale or size.
The effective box size has been forced positive and is likely to give unexpected collision geometry.
If you absolutely need to use negative scaling you can use the convex MeshCollider. Scene hierarchy path "Env_Base(Clone)/Chunk_L0_(17_7)/Colliders_17,7(Clone)/Colliders_LowObstacles/Collider"
BoxCollider does not support negative scale or size.
The effective box size has been forced positive and is likely to give unexpected collision geometry.
If you absolutely need to use negative scaling you can use the convex MeshCollider. Scene hierarchy path "Env_Base(Clone)/Chunk_L0_(17_8)/Colliders_17,8(Clone)/Colliders_LowObstacles/Collider"
BoxCollider does not support negative scale or size.
The effective box size has been forced positive and is likely to give unexpected collision geometry.
If you absolutely need to use negative scaling you can use the convex MeshCollider. Scene hierarchy path "Env_Base(Clone)/Chunk_L0_(17_8)/Colliders_17,8(Clone)/Colliders_LowObstacles/Collider"
BoxCollider does not support negative scale or size.
The effective box size has been forced positive and is likely to give unexpected collision geometry.
If you absolutely need to use negative scaling you can use the convex MeshCollider. Scene hierarchy path "Env_Base(Clone)/Chunk_L0_(17_8)/Colliders_17,8(Clone)/Colliders_LowObstacles/Collider"
BoxCollider does not support negative scale or size.
The effective box size has been forced positive and is likely to give unexpected collision geometry.
If you absolutely need to use negative scaling you can use the convex MeshCollider. Scene hierarchy path "Env_Base(Clone)/Chunk_L0_(17_8)/Colliders_17,8(Clone)/Colliders_LowObstacles/Collider"
[GameMode] OnEnable | frameCount 21
Curl error 7: Failed to connect to 127.0.0.1 port 5055 after 2034 ms: Couldn't connect to server
DIMENSION ID is 0. Ignored.
UnityEngine.DebugLogHandler:LogFormat(LogType, Object, String, Object[])
UnityEngine.Logger:Log(LogType, Object)
UnityEngine.Debug:LogWarning(Object)
BAPBAP.Local.DimensionManager:SpawnDimension(Int32, Vector3, Single)
BAPBAP.Game.GameModeBattleRoyale:OnEnable()
UnityEngine.Behaviour:set_enabled(Boolean)
BAPBAP.Game.<LoadCoroutine>d__79:MoveNext()
UnityEngine.SetupCoroutine:InvokeMoveNext(IEnumerator, IntPtr)

HttpClient HTTP Error: Cannot connect to destination host | 
UnityEngine.DebugLogHandler:LogFormat(LogType, Object, String, Object[])
UnityEngine.Logger:Log(LogType, Object)
UnityEngine.Debug:LogError(Object)
BAPBAP.Network.<SendGetRoutine>d__11`1:MoveNext()
UnityEngine.SetupCoroutine:InvokeMoveNext(IEnumerator, IntPtr)

spawnLocationPerTeam MTD { reqId: 4, gameId: custom-20260621161533-7021, botTeams: 6, botDifficulty: 1, players: [{ username: med-leader, discriminator: 1013, accountId: med-leader, gameAuthId: 648ecf94d14469cad4531dd0ef70b572, lobbyCode: MEDUO, points: 0, charId: 15, skinAssetId: -1, teamId: 1, }, { username: med-guest, discriminator: 1014, accountId: med-guest, gameAuthId: 20496d23b86444b5b3ce577548f4e1c7, lobbyCode: MEDUO, points: 0, charId: 1, skinAssetId: -1, teamId: 2, }, ], spawnLocationPerTeam: [ 0, 1, 2, 3, 4, ], }
<color=cyan>[PRE-MATCH] Started</color>
<color=cyan>[PRE-MATCH] Waiting for all players to connect, max 10 seconds...</color>
<color=cyan>[LIFECYCLE] Waiting for 'isWaitingForStart' to be false...</color>
<color=yellow>[CHAR SELECT] Starting...</color>
<color=yellow>[CHAR SELECT] Waiting for 20 seconds...</color>
[NETMANAGER] Client connected - 1883311158 | 1242
[NETMANAGER] Client ready pre - 1883311158 | 1262
[NETMANAGER] Client ready post - 1883311158 | 1262
[NETMANAGER] OnServerClInit - 1883311158 - isDevLobbyMode=False | 1262
[NETMANAGER] ServerMatchmakingInit - connId=1883311158 name= gameAuth=648ecf94d14469cad4531dd0ef70b572 | 1262
[NETMANAGER] Matchmaking player connected 648ecf94d14469cad4531dd0ef70b572 | 1262 | { username: med-leader, discriminator: 1013, accountId: med-leader, gameAuthId: 648ecf94d14469cad4531dd0ef70b572, lobbyCode: MEDUO, points: 0, charId: 15, skinAssetId: -1, teamId: 1, playerId: 2, }
Adding player matchmaking... connection(1883311158) 1883311158 | 1262
[NETMANAGER] Matchmaking player connected successfully 648ecf94d14469cad4531dd0ef70b572 | 1262 | { username: med-leader, discriminator: 1013, accountId: med-leader, gameAuthId: 648ecf94d14469cad4531dd0ef70b572, lobbyCode: MEDUO, points: 0, charId: 15, skinAssetId: -1, teamId: 1, playerId: 2, }
[PLAYERMANAGER] [med-leader] Player On Start | 1262
[NETMANAGER] Client connected - 1883311161 | 1278
[NETMANAGER] Client ready pre - 1883311161 | 1319
[NETMANAGER] Client ready post - 1883311161 | 1319
[NETMANAGER] OnServerClInit - 1883311161 - isDevLobbyMode=False | 1319
[NETMANAGER] ServerMatchmakingInit - connId=1883311161 name= gameAuth=20496d23b86444b5b3ce577548f4e1c7 | 1319
[NETMANAGER] Matchmaking player connected 20496d23b86444b5b3ce577548f4e1c7 | 1319 | { username: med-guest, discriminator: 1014, accountId: med-guest, gameAuthId: 20496d23b86444b5b3ce577548f4e1c7, lobbyCode: MEDUO, points: 0, charId: 1, skinAssetId: -1, teamId: 2, playerId: 3, }
Adding player matchmaking... connection(1883311161) 1883311161 | 1319
[NETMANAGER] Matchmaking player connected successfully 20496d23b86444b5b3ce577548f4e1c7 | 1319 | { username: med-guest, discriminator: 1014, accountId: med-guest, gameAuthId: 20496d23b86444b5b3ce577548f4e1c7, lobbyCode: MEDUO, points: 0, charId: 12, skinAssetId: -1, teamId: 2, playerId: 3, }
[PLAYERMANAGER] [med-guest] Player On Start | 1319
<color=yellow>[CHAR SELECT] Complete!</color>
<color=yellow>[SPAWN SELECT] Starting...</color>
<color=yellow>[SPAWN SELECT] Waiting for 10 seconds...</color>
<color=yellow>[SPAWN SELECT] Spawns Assigned!</color>
<color=cyan>[PRE-MATCH] Ended</color>
<color=green>Setting isWaitingForStart to false</color>
<color=cyan>[LIFECYCLE] Waiting for currentGameMode to load...</color>
<color=cyan>[LIFECYCLE] Starting countdown...</color>
<color=cyan>[LIFECYCLE] Match has officially started!</color>
[CharHurtbox] Status effect was null on ApplyStatusEffects
<color=cyan>[LIFECYCLE] Ending game...</color>
[WEBSERVER] [Send] [Request] [http://127.0.0.1:5055/api/internal/game-ended] [0] UGD { gameId: custom-20260621161533-7021, }
